2025-12-16 02:12:06 [INFO] census_eda: Logging context set: state=Florida, survey=housing, scope=5-year
2025-12-16 02:12:06 [INFO] census_eda: Log file: ./logs/Florida/5-year/housing/5-year_housing_25_12_16_0212.log
2025-12-16 02:12:06 [INFO] census_eda.main: ======================================================================
2025-12-16 02:12:06 [INFO] census_eda.main: [HOUSING] Processing Florida (5-year)...
2025-12-16 02:12:06 [INFO] census_eda.main: ======================================================================
2025-12-16 02:12:06 [INFO] census_eda.memory: process_Florida_housing_5-year:ENTER: 13517.3MB (delta: +0.0MB)
2025-12-16 02:12:06 [VERBOSE] census_eda.processing.loader: Searching for housing files with scope 5-year...
2025-12-16 02:12:06 [VERBOSE] census_eda.processing.loader: Pattern: /data/temp/census/raw/acs/housing/5-Year/12/*/*.csv
2025-12-16 02:12:06 [VERBOSE] census_eda.processing.loader: Found 15 file(s) to load
2025-12-16 02:12:06 [VERBOSE] census_eda.processing.loader: Loading file 1/15: ss12hfl.csv
2025-12-16 02:12:17 [VERBOSE] census_eda.processing.loader:   Applied 2012 era schema (Housing5Year)
2025-12-16 02:12:17 [VERBOSE] census_eda.processing.loader:   -> Loaded 477,095 rows, 235 columns
2025-12-16 02:12:17 [VERBOSE] census_eda.processing.loader: Loading file 2/15: psam_h12.csv
2025-12-16 02:12:28 [VERBOSE] census_eda.processing.loader:   Applied 2017 era schema (Housing5Year)
2025-12-16 02:12:28 [VERBOSE] census_eda.processing.loader:   -> Loaded 501,758 rows, 235 columns
2025-12-16 02:12:28 [VERBOSE] census_eda.processing.loader: Loading file 3/15: ss14hfl.csv
2025-12-16 02:12:39 [VERBOSE] census_eda.processing.loader:   Applied 2014 era schema (Housing5Year)
2025-12-16 02:12:39 [VERBOSE] census_eda.processing.loader:   -> Loaded 489,823 rows, 235 columns
2025-12-16 02:12:39 [VERBOSE] census_eda.processing.loader: Loading file 4/15: ss13hfl.csv
2025-12-16 02:12:49 [VERBOSE] census_eda.processing.loader:   Applied 2013 era schema (Housing5Year)
2025-12-16 02:12:49 [VERBOSE] census_eda.processing.loader:   -> Loaded 483,364 rows, 235 columns
2025-12-16 02:12:49 [VERBOSE] census_eda.processing.loader: Loading file 5/15: ss09hfl.csv
2025-12-16 02:13:00 [VERBOSE] census_eda.processing.loader:   Applied 2009 era schema (Housing5Year)
2025-12-16 02:13:00 [VERBOSE] census_eda.processing.loader:   -> Loaded 448,479 rows, 235 columns
2025-12-16 02:13:00 [VERBOSE] census_eda.processing.loader: Loading file 6/15: psam_h12.csv
2025-12-16 02:13:12 [VERBOSE] census_eda.processing.loader:   Applied 2018 era schema (Housing5Year)
2025-12-16 02:13:12 [VERBOSE] census_eda.processing.loader:   -> Loaded 506,964 rows, 235 columns
2025-12-16 02:13:12 [VERBOSE] census_eda.processing.loader: Loading file 7/15: ss16hfl.csv
2025-12-16 02:13:23 [VERBOSE] census_eda.processing.loader:   Applied 2016 era schema (Housing5Year)
2025-12-16 02:13:23 [VERBOSE] census_eda.processing.loader:   -> Loaded 498,053 rows, 235 columns
2025-12-16 02:13:23 [VERBOSE] census_eda.processing.loader: Loading file 8/15: psam_h12.csv
2025-12-16 02:13:34 [VERBOSE] census_eda.processing.loader:   Applied 2019 era schema (Housing5Year)
2025-12-16 02:13:34 [VERBOSE] census_eda.processing.loader:   -> Loaded 512,594 rows, 235 columns
2025-12-16 02:13:34 [VERBOSE] census_eda.processing.loader: Loading file 9/15: psam_h12.csv
2025-12-16 02:13:45 [VERBOSE] census_eda.processing.loader:   Applied 2022 era schema (Housing5Year)
2025-12-16 02:13:45 [VERBOSE] census_eda.processing.loader:   -> Loaded 492,495 rows, 235 columns
2025-12-16 02:13:45 [VERBOSE] census_eda.processing.loader: Loading file 10/15: psam_h12.csv
2025-12-16 02:13:56 [VERBOSE] census_eda.processing.loader:   Applied 2021 era schema (Housing5Year)
2025-12-16 02:13:56 [VERBOSE] census_eda.processing.loader:   -> Loaded 485,138 rows, 235 columns
2025-12-16 02:13:56 [VERBOSE] census_eda.processing.loader: Loading file 11/15: psam_h12.csv
2025-12-16 02:14:06 [VERBOSE] census_eda.processing.loader:   Applied 2020 era schema (Housing5Year)
2025-12-16 02:14:06 [VERBOSE] census_eda.processing.loader:   -> Loaded 483,272 rows, 235 columns
2025-12-16 02:14:06 [VERBOSE] census_eda.processing.loader: Loading file 12/15: psam_h12.csv
2025-12-16 02:14:17 [VERBOSE] census_eda.processing.loader:   Applied 2023 era schema (Housing5Year)
2025-12-16 02:14:17 [VERBOSE] census_eda.processing.loader:   -> Loaded 497,166 rows, 235 columns
2025-12-16 02:14:17 [VERBOSE] census_eda.processing.loader: Loading file 13/15: ss15hfl.csv
2025-12-16 02:14:28 [VERBOSE] census_eda.processing.loader:   Applied 2015 era schema (Housing5Year)
2025-12-16 02:14:28 [VERBOSE] census_eda.processing.loader:   -> Loaded 495,958 rows, 235 columns
2025-12-16 02:14:28 [VERBOSE] census_eda.processing.loader: Loading file 14/15: ss10hfl.csv
2025-12-16 02:14:38 [VERBOSE] census_eda.processing.loader:   Applied 2010 era schema (Housing5Year)
2025-12-16 02:14:38 [VERBOSE] census_eda.processing.loader:   -> Loaded 460,066 rows, 235 columns
2025-12-16 02:14:38 [VERBOSE] census_eda.processing.loader: Loading file 15/15: ss11hfl.csv
2025-12-16 02:14:48 [VERBOSE] census_eda.processing.loader:   Applied 2011 era schema (Housing5Year)
2025-12-16 02:14:48 [VERBOSE] census_eda.processing.loader:   -> Loaded 469,731 rows, 235 columns
2025-12-16 02:14:48 [VERBOSE] census_eda.processing.loader: Successfully loaded 15 dataframe(s)
2025-12-16 02:16:14 [VERBOSE] census_eda.processing.loader: Combined into 7,301,956 total rows, 235 columns
2025-12-16 02:16:14 [INFO] census_eda.main: Loaded 7,301,956 records
2025-12-16 02:16:14 [DEBUG] census_eda.main: CENSUS_YEAR_TRACK After schema application: 7301956 valid, 15 unique
2025-12-16 02:16:43 [INFO] census_eda.feature_engineering: [FE] Creating all engineered features...
2025-12-16 02:20:17 [DEBUG] census_eda.feature_engineering: Created affordability indices: []
2025-12-16 02:20:26 [DEBUG] census_eda.feature_engineering: Poverty intensity: Skipped for non-population survey
2025-12-16 02:21:34 [DEBUG] census_eda.feature_engineering: Created housing quality index from 3 components
2025-12-16 02:21:50 [DEBUG] census_eda.feature_engineering: Created dependency ratio features
2025-12-16 02:22:48 [DEBUG] census_eda.feature_engineering: Created SNAP eligibility proxy features
2025-12-16 02:23:08 [DEBUG] census_eda.feature_engineering: Created workers ratio features
2025-12-16 02:23:08 [INFO] census_eda.feature_engineering: [FE] Feature engineering complete. Created 14 features.
2025-12-16 02:23:08 [DEBUG] census_eda.main: Feature engineering complete: (7301956, 254)
2025-12-16 02:23:09 [DEBUG] census_eda.main: Running comprehensive analysis suite...
2025-12-16 02:23:09 [DEBUG] census_eda.main: Using sample weights from 'Housing_Unit_Weight' column
2025-12-16 02:54:54 [INFO] census_eda.main: [VISUALS] Creating comprehensive visualization suite for HOUSING...
2025-12-16 02:54:54 [VERBOSE] census_eda.visualization.orchestrator: Creating temporal visualizations...
2025-12-16 02:54:54 [VERBOSE] census_eda.visualization.temporal: _plot_sample_counts: df.shape=(7301956, 254)
2025-12-16 02:54:54 [VERBOSE] census_eda.visualization.temporal: 'Census_Year' in columns: True
2025-12-16 02:54:54 [VERBOSE] census_eda.visualization.temporal: Census_Year counts: 15 unique years, total records: 7301956
2025-12-16 02:54:54 [VERBOSE] census_eda.visualization.temporal: Year range: 2009 to 2023
2025-12-16 02:54:54 [VERBOSE] census_eda.visualization.temporal: _year_distribution: df.shape=(7301956, 254)
2025-12-16 02:54:54 [VERBOSE] census_eda.visualization.temporal: Year distribution: {np.int64(2009): np.int64(448479), np.int64(2010): np.int64(460066), np.int64(2011): np.int64(469731), np.int64(2012): np.int64(477095), np.int64(2013): np.int64(483364), np.int64(2014): np.int64(489823), np.int64(2015): np.int64(495958), np.int64(2016): np.int64(498053), np.int64(2017): np.int64(501758), np.int64(2018): np.int64(506964), np.int64(2019): np.int64(512594), np.int64(2020): np.int64(483272), np.int64(2021): np.int64(485138), np.int64(2022): np.int64(492495), np.int64(2023): np.int64(497166)}
2025-12-16 02:54:55 [VERBOSE] census_eda.visualization.temporal: _temporal_comparison: df.shape=(7301956, 254)
2025-12-16 02:54:56 [VERBOSE] census_eda.visualization.temporal: _get_key_numeric_cols: 228 numeric columns total
2025-12-16 02:54:56 [VERBOSE] census_eda.visualization.temporal: Numeric columns: ['Census_Year', 'Census_Division', 'Public_Use_Microdata_Area', 'Census_Region', 'State_Code', 'Housing_Adjustment_Factor', 'Income_Adjustment_Factor', 'Housing_Unit_Weight', 'Number_of_Persons', 'Housing_Unit_Type', 'Number_of_Bedrooms', 'Number_of_Rooms', 'Building_Type', 'Year_Structure_Built', 'Bathtub_or_Shower', 'Refrigerator', 'Hot_and_Cold_Running_Water', 'Running_Water', 'Sink_with_Faucet', 'Stove_or_Range']...
2025-12-16 02:54:56 [VERBOSE] census_eda.visualization.temporal: Matched key columns: ['Number_of_Persons', 'Hot_and_Cold_Running_Water', 'Running_Water', 'Property_Value', 'Electricity_Cost_Monthly', 'Fuel_Cost_Monthly', 'Gas_Cost_Monthly', 'House_Heating_Fuel', 'Insurance_Cost_Yearly', 'Water_Cost_Yearly', 'Mobile_Home_Costs_Monthly', 'First_Mortgage_Includes_Taxes']
2025-12-16 02:54:56 [VERBOSE] census_eda.visualization.temporal: Key numeric columns found: ['Number_of_Persons', 'Hot_and_Cold_Running_Water', 'Running_Water', 'Property_Value', 'Electricity_Cost_Monthly', 'Fuel_Cost_Monthly', 'Gas_Cost_Monthly', 'House_Heating_Fuel', 'Insurance_Cost_Yearly', 'Water_Cost_Yearly', 'Mobile_Home_Costs_Monthly', 'First_Mortgage_Includes_Taxes']
2025-12-16 02:54:56 [VERBOSE] census_eda.visualization.temporal: _plot_metric_trend for column 'Number_of_Persons'
2025-12-16 02:54:57 [VERBOSE] census_eda.visualization.temporal: Column 'Number_of_Persons': 7301956 non-null values (zeros excluded if needed)
2025-12-16 02:54:57 [VERBOSE] census_eda.visualization.temporal: Value range: 0.00 to 20.00
2025-12-16 02:54:57 [VERBOSE] census_eda.visualization.temporal: _plot_metric_trend for column 'Hot_and_Cold_Running_Water'
2025-12-16 02:54:59 [VERBOSE] census_eda.visualization.temporal: Column 'Hot_and_Cold_Running_Water': 5437488 non-null values (zeros excluded if needed)
2025-12-16 02:54:59 [VERBOSE] census_eda.visualization.temporal: Value range: 1.00 to 2.00
2025-12-16 02:54:59 [VERBOSE] census_eda.visualization.temporal: _plot_metric_trend for column 'Running_Water'
2025-12-16 02:55:00 [VERBOSE] census_eda.visualization.temporal: Column 'Running_Water': 4990438 non-null values (zeros excluded if needed)
2025-12-16 02:55:00 [VERBOSE] census_eda.visualization.temporal: Value range: 9.00 to 9.00
2025-12-16 02:55:01 [VERBOSE] census_eda.visualization.temporal: _plot_metric_trend for column 'Property_Value'
2025-12-16 02:55:01 [VERBOSE] census_eda.visualization.temporal: Column 'Property_Value': 894049 non-null values (zeros excluded if needed)
2025-12-16 02:55:01 [VERBOSE] census_eda.visualization.temporal: Value range: 1.00 to 24.00
2025-12-16 02:55:03 [VERBOSE] census_eda.visualization.temporal: _plot_metric_trend for column 'Electricity_Cost_Monthly'
2025-12-16 02:55:46 [VERBOSE] census_eda.visualization.temporal: Column 'Electricity_Cost_Monthly': 5890786 non-null values (zeros excluded if needed)
2025-12-16 02:55:46 [VERBOSE] census_eda.visualization.temporal: Value range: 1.00 to 2700.00
2025-12-16 02:55:47 [VERBOSE] census_eda.visualization.temporal: _plot_metric_trend for column 'Fuel_Cost_Monthly'
2025-12-16 02:55:50 [VERBOSE] census_eda.visualization.temporal: Column 'Fuel_Cost_Monthly': 3586535 non-null values (zeros excluded if needed)
2025-12-16 02:55:50 [VERBOSE] census_eda.visualization.temporal: Value range: 1.00 to 5900.00
2025-12-16 02:55:50 [VERBOSE] census_eda.visualization.temporal: _plot_metric_trend for column 'Gas_Cost_Monthly'
2025-12-16 02:55:54 [VERBOSE] census_eda.visualization.temporal: Column 'Gas_Cost_Monthly': 3858516 non-null values (zeros excluded if needed)
2025-12-16 02:55:54 [VERBOSE] census_eda.visualization.temporal: Value range: 1.00 to 680.00
2025-12-16 02:55:54 [VERBOSE] census_eda.visualization.temporal: _plot_metric_trend for column 'House_Heating_Fuel'
2025-12-16 02:55:56 [VERBOSE] census_eda.visualization.temporal: Column 'House_Heating_Fuel': 5956447 non-null values (zeros excluded if needed)
2025-12-16 02:55:56 [VERBOSE] census_eda.visualization.temporal: Value range: 1.00 to 9.00
2025-12-16 02:55:57 [VERBOSE] census_eda.visualization.temporal: _plot_metric_trend for column 'Insurance_Cost_Yearly'
2025-12-16 02:56:01 [VERBOSE] census_eda.visualization.temporal: Column 'Insurance_Cost_Yearly': 3565364 non-null values (zeros excluded if needed)
2025-12-16 02:56:01 [VERBOSE] census_eda.visualization.temporal: Value range: 4.00 to 10000.00
2025-12-16 02:56:01 [VERBOSE] census_eda.visualization.temporal: _plot_metric_trend for column 'Water_Cost_Yearly'
2025-12-16 02:56:26 [VERBOSE] census_eda.visualization.temporal: Column 'Water_Cost_Yearly': 5240670 non-null values (zeros excluded if needed)
2025-12-16 02:56:26 [VERBOSE] census_eda.visualization.temporal: Value range: 1.00 to 4800.00
2025-12-16 02:56:26 [VERBOSE] census_eda.visualization.temporal: _plot_metric_trend for column 'Mobile_Home_Costs_Monthly'
2025-12-16 02:56:27 [VERBOSE] census_eda.visualization.temporal: Column 'Mobile_Home_Costs_Monthly': 289253 non-null values (zeros excluded if needed)
2025-12-16 02:56:27 [VERBOSE] census_eda.visualization.temporal: Value range: 4.00 to 31500.00
2025-12-16 02:56:27 [VERBOSE] census_eda.visualization.temporal: _plot_metric_trend for column 'First_Mortgage_Includes_Taxes'
2025-12-16 02:56:29 [VERBOSE] census_eda.visualization.temporal: Column 'First_Mortgage_Includes_Taxes': 2457764 non-null values (zeros excluded if needed)
2025-12-16 02:56:29 [VERBOSE] census_eda.visualization.temporal: Value range: 1.00 to 2.00
2025-12-16 02:56:31 [VERBOSE] census_eda.visualization.orchestrator: Creating economic visualizations...
2025-12-16 02:59:28 [VERBOSE] census_eda.visualization.orchestrator: Creating correlation visualizations...
2025-12-16 02:59:28 [VERBOSE] census_eda.visualization.correlation: Creating correlation heatmap...
2025-12-16 02:59:29 [VERBOSE] census_eda.visualization.correlation: Creating heatmap with 10 columns
2025-12-16 02:59:31 [VERBOSE] census_eda.visualization.correlation: Creating scatter matrix...
2025-12-16 02:59:32 [DEBUG] census_eda.memory: Skipping sampling: 31445MB available (>16GB)
2025-12-16 02:59:32 [VERBOSE] census_eda.visualization.correlation: Creating scatter matrix with 8 columns, 7301956 rows
2025-12-16 03:07:52 [VERBOSE] census_eda.visualization.orchestrator: Creating statistical distribution visualizations...
2025-12-16 03:07:52 [VERBOSE] census_eda.visualization.statistical: _box_plots: df.shape=(7301956, 254)
2025-12-16 03:07:53 [INFO] census_eda.visualization.statistical: [MEMORY] Housing: 16/228 columns (excluded flags/binary)
2025-12-16 03:07:53 [VERBOSE] census_eda.visualization.statistical: Key columns for box plots: ['Number_of_Persons', 'Number_of_Bedrooms', 'Number_of_Rooms', 'Hot_and_Cold_Running_Water', 'Running_Water', 'Property_Value', 'Vehicles_Available', 'Condo_Fee_Monthly', 'Electricity_Cost_Monthly', 'Fuel_Cost_Monthly', 'Gas_Cost_Monthly', 'House_Heating_Fuel', 'Insurance_Cost_Yearly', 'Water_Cost_Yearly', 'Mobile_Home_Costs_Monthly', 'First_Mortgage_Includes_Insurance']
2025-12-16 03:07:53 [VERBOSE] census_eda.visualization.statistical: Box plot for 'Number_of_Persons': 7301956 non-null values
2025-12-16 03:07:53 [VERBOSE] census_eda.visualization.statistical: Data range: 0.00 to 20.00
2025-12-16 03:07:53 [VERBOSE] census_eda.visualization.statistical: Box plot for 'Number_of_Bedrooms': 1314530 non-null values
2025-12-16 03:07:53 [VERBOSE] census_eda.visualization.statistical: Data range: 0.00 to 5.00
2025-12-16 03:07:53 [VERBOSE] census_eda.visualization.statistical: Box plot for 'Number_of_Rooms': 1314530 non-null values
2025-12-16 03:07:53 [VERBOSE] census_eda.visualization.statistical: Data range: 1.00 to 9.00
2025-12-16 03:07:54 [VERBOSE] census_eda.visualization.statistical: Box plot for 'Hot_and_Cold_Running_Water': 5437488 non-null values
2025-12-16 03:07:54 [VERBOSE] census_eda.visualization.statistical: Data range: 1.00 to 2.00
2025-12-16 03:07:55 [VERBOSE] census_eda.visualization.statistical: Box plot for 'Running_Water': 4990438 non-null values
2025-12-16 03:07:55 [VERBOSE] census_eda.visualization.statistical: Data range: 9.00 to 9.00
2025-12-16 03:07:55 [VERBOSE] census_eda.visualization.statistical: Box plot for 'Property_Value': 894049 non-null values
2025-12-16 03:07:55 [VERBOSE] census_eda.visualization.statistical: Data range: 1.00 to 24.00
2025-12-16 03:07:55 [VERBOSE] census_eda.visualization.statistical: Box plot for 'Vehicles_Available': 5956447 non-null values
2025-12-16 03:07:55 [VERBOSE] census_eda.visualization.statistical: Data range: 0.00 to 6.00
2025-12-16 03:07:56 [VERBOSE] census_eda.visualization.statistical: Box plot for 'Condo_Fee_Monthly': 659698 non-null values
2025-12-16 03:07:56 [VERBOSE] census_eda.visualization.statistical: Data range: 4.00 to 2700.00
2025-12-16 03:07:57 [VERBOSE] census_eda.visualization.statistical: Box plot for 'Electricity_Cost_Monthly': 5890786 non-null values
2025-12-16 03:07:57 [VERBOSE] census_eda.visualization.statistical: Data range: 1.00 to 2700.00
2025-12-16 03:07:58 [VERBOSE] census_eda.visualization.statistical: Box plot for 'Fuel_Cost_Monthly': 3586535 non-null values
2025-12-16 03:07:58 [VERBOSE] census_eda.visualization.statistical: Data range: 1.00 to 5900.00
2025-12-16 03:07:58 [VERBOSE] census_eda.visualization.statistical: Box plot for 'Gas_Cost_Monthly': 3858516 non-null values
2025-12-16 03:07:58 [VERBOSE] census_eda.visualization.statistical: Data range: 1.00 to 680.00
2025-12-16 03:07:58 [VERBOSE] census_eda.visualization.statistical: Box plot for 'House_Heating_Fuel': 5956447 non-null values
2025-12-16 03:07:58 [VERBOSE] census_eda.visualization.statistical: Data range: 1.00 to 9.00
2025-12-16 03:08:02 [VERBOSE] census_eda.visualization.statistical: Box plot for 'Insurance_Cost_Yearly': 3565364 non-null values
2025-12-16 03:08:02 [VERBOSE] census_eda.visualization.statistical: Data range: 4.00 to 10000.00
2025-12-16 03:08:02 [VERBOSE] census_eda.visualization.statistical: Box plot for 'Water_Cost_Yearly': 5240670 non-null values
2025-12-16 03:08:02 [VERBOSE] census_eda.visualization.statistical: Data range: 1.00 to 4800.00
2025-12-16 03:08:02 [VERBOSE] census_eda.visualization.statistical: Box plot for 'Mobile_Home_Costs_Monthly': 289253 non-null values
2025-12-16 03:08:02 [VERBOSE] census_eda.visualization.statistical: Data range: 4.00 to 31500.00
2025-12-16 03:08:02 [VERBOSE] census_eda.visualization.statistical: Box plot for 'First_Mortgage_Includes_Insurance': 2457764 non-null values
2025-12-16 03:08:02 [VERBOSE] census_eda.visualization.statistical: Data range: 1.00 to 2.00
2025-12-16 03:08:05 [INFO] census_eda.visualization.statistical: [MEMORY] Housing: 16/228 columns (excluded flags/binary)
2025-12-16 03:08:14 [VERBOSE] census_eda.visualization.orchestrator: Creating advanced visualizations (violin, ridge, radar)...
2025-12-16 03:08:51 [VERBOSE] census_eda.visualization.orchestrator: Creating year-over-year change visualizations...
2025-12-16 03:15:18 [VERBOSE] census_eda.visualization.orchestrator: Creating outlier and anomaly detection visualizations...
2025-12-16 03:19:03 [VERBOSE] census_eda.visualization.orchestrator: Creating housing characteristics visualizations...
2025-12-16 03:19:03 [VERBOSE] census_eda.visualization.housing: Creating housing characteristics visualizations...
2025-12-16 03:19:03 [VERBOSE] census_eda.visualization.housing: Creating bedrooms/rooms distribution visualization...
2025-12-16 03:19:03 [VERBOSE] census_eda.visualization.housing: Creating building type trends visualization...
2025-12-16 03:19:04 [VERBOSE] census_eda.visualization.housing: Creating year built distribution visualization...
2025-12-16 03:19:05 [VERBOSE] census_eda.visualization.housing: Creating vehicles available visualization...
2025-12-16 03:19:06 [VERBOSE] census_eda.visualization.orchestrator: Creating household composition visualizations...
2025-12-16 03:19:06 [VERBOSE] census_eda.visualization.housing: Creating household composition visualizations...
2025-12-16 03:19:06 [VERBOSE] census_eda.visualization.housing: Creating family type distribution visualization...
2025-12-16 03:19:07 [VERBOSE] census_eda.visualization.housing: Creating household size visualization...
2025-12-16 03:19:07 [VERBOSE] census_eda.visualization.housing: Creating children presence visualization...
2025-12-16 03:19:08 [VERBOSE] census_eda.visualization.housing: Creating multigenerational trends visualization...
2025-12-16 03:19:09 [VERBOSE] census_eda.visualization.housing: Creating household age composition visualization...
2025-12-16 03:19:09 [VERBOSE] census_eda.visualization.housing: Creating SNAP participation visualization...
2025-12-16 03:19:16 [VERBOSE] census_eda.visualization.housing: Creating workers distribution visualization...
2025-12-16 03:19:17 [VERBOSE] census_eda.visualization.housing: Creating household diversity visualization...
2025-12-16 03:19:30 [VERBOSE] census_eda.visualization.orchestrator: Creating cost burden visualizations...
2025-12-16 03:19:30 [VERBOSE] census_eda.visualization.housing: Creating cost burden visualizations...
2025-12-16 03:19:30 [VERBOSE] census_eda.visualization.housing: Creating rent burden visualization...
2025-12-16 03:19:30 [VERBOSE] census_eda.visualization.housing: Creating owner cost burden visualization...
2025-12-16 03:19:31 [VERBOSE] census_eda.visualization.housing: Creating utility costs comparison visualization...
2025-12-16 03:19:33 [VERBOSE] census_eda.visualization.housing: Creating affordability ECDF visualization...
2025-12-16 03:19:34 [VERBOSE] census_eda.visualization.housing: Creating burden concentration visualization...
2025-12-16 03:19:35 [VERBOSE] census_eda.visualization.housing: Creating burden by demographic visualization...
2025-12-16 03:19:38 [VERBOSE] census_eda.visualization.orchestrator: Creating technology adoption visualizations...
2025-12-16 03:19:38 [VERBOSE] census_eda.visualization.technology: Creating technology adoption visualizations...
2025-12-16 03:19:38 [VERBOSE] census_eda.visualization.technology: Creating technology adoption trends for 3 tech columns...
2025-12-16 03:19:39 [VERBOSE] census_eda.visualization.technology: Creating device ownership pie charts for 2 devices...
2025-12-16 03:19:40 [VERBOSE] census_eda.visualization.orchestrator: Creating multi-variable interaction visualizations...
2025-12-16 03:19:40 [DEBUG] census_eda.memory: Skipping sampling: 30722MB available (>16GB)
2025-12-16 03:19:56 [VERBOSE] census_eda.visualization.orchestrator: Creating distribution comparison visualizations...
2025-12-16 03:19:56 [DEBUG] census_eda.memory: Skipping sampling: 30675MB available (>16GB)
2025-12-16 03:23:00 [VERBOSE] census_eda.visualization.orchestrator: Creating enhanced feature interaction visualizations...
2025-12-16 03:23:00 [DEBUG] census_eda.memory: Skipping sampling: 30571MB available (>16GB)
2025-12-16 03:23:03 [VERBOSE] census_eda.visualization.orchestrator: Creating inequality visualizations...
2025-12-16 03:23:24 [VERBOSE] census_eda.visualization.orchestrator: All visualizations complete!
2025-12-16 03:23:24 [VERBOSE] census_eda.visualization.orchestrator: Creating missing data analysis...
2025-12-16 03:23:28 [INFO] census_eda.main: SUCCESS: Visualizations saved to ./output/Florida/housing/5-year/figures
2025-12-16 03:23:28 [DEBUG] census_eda.memory: Skipping sampling: 30550MB available (>16GB)
2025-12-16 03:23:28 [INFO] census_eda.main: [ML] Running ML pipeline for HOUSING...
2025-12-16 03:23:28 [INFO] census_eda.main: [ML] Hyperparameter tuning ENABLED (this may take longer)
2025-12-16 03:23:29 [INFO] census_eda.memory: [ML-START]: 38247.6MB (delta: +24730.3MB)
2025-12-16 03:23:29 [INFO] census_eda.main: [ML] Starting regression training...
2025-12-16 03:23:29 [INFO] census_eda.main: [ML] Training regression models for target: Property_Value
2025-12-16 03:23:29 [DEBUG] census_eda.main: [REGRESSION] Property_Value: After zero-filter on target: 894049 samples (was 894049)
2025-12-16 03:23:29 [DEBUG] census_eda.main: [ML] Using sample weights from 'Housing_Unit_Weight'
2025-12-16 03:23:30 [INFO] census_eda.ml.comparison: [TUNE] Tuning hyperparameters for ridge...
2025-12-16 03:23:30 [INFO] census_eda.ml.regression: [TUNE] Data: 894,049 samples, 10 features
2025-12-16 03:23:30 [INFO] census_eda.ml.regression: [TUNE] Searching 5 combinations (5-fold CV = 25 fits)
2025-12-16 03:23:32 [INFO] census_eda.ml.comparison: [TUNE] Best params for ridge: {'alpha': 100.0}
2025-12-16 03:23:32 [INFO] census_eda.ml.comparison: [TUNE] Best CV R² score: 0.2332
2025-12-16 03:23:32 [INFO] census_eda.ml.comparison: [TUNE] Searched 5 parameter combinations
2025-12-16 03:23:33 [INFO] census_eda.ml.comparison: [TUNE] Tuning hyperparameters for lasso...
2025-12-16 03:23:33 [INFO] census_eda.ml.regression: [TUNE] Data: 894,049 samples, 10 features
2025-12-16 03:23:33 [INFO] census_eda.ml.regression: [TUNE] Searching 5 combinations (5-fold CV = 25 fits)
2025-12-16 03:23:34 [INFO] census_eda.ml.comparison: [TUNE] Best params for lasso: {'alpha': 0.01}
2025-12-16 03:23:34 [INFO] census_eda.ml.comparison: [TUNE] Best CV R² score: 0.2333
2025-12-16 03:23:34 [INFO] census_eda.ml.comparison: [TUNE] Searched 5 parameter combinations
2025-12-16 03:23:35 [INFO] census_eda.ml.comparison: [TUNE] Tuning hyperparameters for random_forest...
2025-12-16 03:23:35 [INFO] census_eda.ml.regression: [TUNE] Data: 894,049 samples, 10 features
2025-12-16 03:23:35 [INFO] census_eda.ml.regression: [TUNE] Searching 24 combinations (5-fold CV = 120 fits)
