2025-12-16 22:17:09 [INFO] census_eda: Logging context set: state=Florida, survey=population, scope=5-year
2025-12-16 22:17:09 [INFO] census_eda: Log file: ./logs/Florida/5-year/population/5-year_population_25_12_16_2217.log
2025-12-16 22:17:09 [INFO] census_eda.main: ======================================================================
2025-12-16 22:17:09 [INFO] census_eda.main: [POPULATION] Processing Florida (5-year)...
2025-12-16 22:17:09 [INFO] census_eda.main: ======================================================================
2025-12-16 22:17:09 [INFO] census_eda.memory: process_Florida_population_5-year:ENTER: 20215.2MB (delta: -864.5MB)
2025-12-16 22:17:09 [VERBOSE] census_eda.processing.loader: Searching for population files with scope 5-year...
2025-12-16 22:17:09 [VERBOSE] census_eda.processing.loader: Pattern: /data/temp/census/raw/acs/population/5-Year/12/*/*.csv
2025-12-16 22:17:09 [VERBOSE] census_eda.processing.loader: Found 15 file(s) to load
2025-12-16 22:17:09 [VERBOSE] census_eda.processing.loader: Loading file 1/15: ss12pfl.csv
2025-12-16 22:17:30 [VERBOSE] census_eda.processing.loader:   Applied 2012 era schema (Population5Year)
2025-12-16 22:17:30 [VERBOSE] census_eda.processing.loader:   -> Loaded 940,585 rows, 260 columns
2025-12-16 22:17:30 [VERBOSE] census_eda.processing.loader: Loading file 2/15: psam_p12.csv
2025-12-16 22:17:50 [VERBOSE] census_eda.processing.loader:   Applied 2017 era schema (Population5Year)
2025-12-16 22:17:50 [VERBOSE] census_eda.processing.loader:   -> Loaded 974,727 rows, 260 columns
2025-12-16 22:17:50 [VERBOSE] census_eda.processing.loader: Loading file 3/15: ss14pfl.csv
2025-12-16 22:18:11 [VERBOSE] census_eda.processing.loader:   Applied 2014 era schema (Population5Year)
2025-12-16 22:18:11 [VERBOSE] census_eda.processing.loader:   -> Loaded 953,224 rows, 260 columns
2025-12-16 22:18:11 [VERBOSE] census_eda.processing.loader: Loading file 4/15: ss13pfl.csv
2025-12-16 22:18:33 [VERBOSE] census_eda.processing.loader:   Applied 2013 era schema (Population5Year)
2025-12-16 22:18:33 [VERBOSE] census_eda.processing.loader:   -> Loaded 946,598 rows, 260 columns
2025-12-16 22:18:33 [VERBOSE] census_eda.processing.loader: Loading file 5/15: ss09pfl.csv
2025-12-16 22:18:52 [VERBOSE] census_eda.processing.loader:   Applied 2009 era schema (Population5Year)
2025-12-16 22:18:52 [VERBOSE] census_eda.processing.loader:   -> Loaded 918,915 rows, 260 columns
2025-12-16 22:18:52 [VERBOSE] census_eda.processing.loader: Loading file 6/15: psam_p12.csv
2025-12-16 22:19:13 [VERBOSE] census_eda.processing.loader:   Applied 2018 era schema (Population5Year)
2025-12-16 22:19:13 [VERBOSE] census_eda.processing.loader:   -> Loaded 985,853 rows, 260 columns
2025-12-16 22:19:13 [VERBOSE] census_eda.processing.loader: Loading file 7/15: ss16pfl.csv
2025-12-16 22:19:33 [VERBOSE] census_eda.processing.loader:   Applied 2016 era schema (Population5Year)
2025-12-16 22:19:33 [VERBOSE] census_eda.processing.loader:   -> Loaded 965,133 rows, 260 columns
2025-12-16 22:19:33 [VERBOSE] census_eda.processing.loader: Loading file 8/15: psam_p12.csv
2025-12-16 22:19:58 [VERBOSE] census_eda.processing.loader:   Applied 2019 era schema (Population5Year)
2025-12-16 22:19:58 [VERBOSE] census_eda.processing.loader:   -> Loaded 998,474 rows, 260 columns
2025-12-16 22:19:58 [VERBOSE] census_eda.processing.loader: Loading file 9/15: psam_p12.csv
2025-12-16 22:20:22 [VERBOSE] census_eda.processing.loader:   Applied 2022 era schema (Population5Year)
2025-12-16 22:20:22 [VERBOSE] census_eda.processing.loader:   -> Loaded 961,004 rows, 260 columns
2025-12-16 22:20:22 [VERBOSE] census_eda.processing.loader: Loading file 10/15: psam_p12.csv
2025-12-16 22:20:48 [VERBOSE] census_eda.processing.loader:   Applied 2021 era schema (Population5Year)
2025-12-16 22:20:48 [VERBOSE] census_eda.processing.loader:   -> Loaded 942,849 rows, 260 columns
2025-12-16 22:20:48 [VERBOSE] census_eda.processing.loader: Loading file 11/15: psam_p12.csv
2025-12-16 22:21:13 [VERBOSE] census_eda.processing.loader:   Applied 2020 era schema (Population5Year)
2025-12-16 22:21:13 [VERBOSE] census_eda.processing.loader:   -> Loaded 936,794 rows, 260 columns
2025-12-16 22:21:13 [VERBOSE] census_eda.processing.loader: Loading file 12/15: psam_p12.csv
2025-12-16 22:21:41 [VERBOSE] census_eda.processing.loader:   Applied 2023 era schema (Population5Year)
2025-12-16 22:21:41 [VERBOSE] census_eda.processing.loader:   -> Loaded 974,995 rows, 260 columns
2025-12-16 22:21:41 [VERBOSE] census_eda.processing.loader: Loading file 13/15: ss15pfl.csv
2025-12-16 22:22:21 [VERBOSE] census_eda.processing.loader:   Applied 2015 era schema (Population5Year)
2025-12-16 22:22:21 [VERBOSE] census_eda.processing.loader:   -> Loaded 959,505 rows, 260 columns
2025-12-16 22:22:21 [VERBOSE] census_eda.processing.loader: Loading file 14/15: ss10pfl.csv
2025-12-16 22:22:49 [VERBOSE] census_eda.processing.loader:   Applied 2010 era schema (Population5Year)
2025-12-16 22:22:49 [VERBOSE] census_eda.processing.loader:   -> Loaded 930,182 rows, 260 columns
2025-12-16 22:22:49 [VERBOSE] census_eda.processing.loader: Loading file 15/15: ss11pfl.csv
2025-12-16 22:23:17 [VERBOSE] census_eda.processing.loader:   Applied 2011 era schema (Population5Year)
2025-12-16 22:23:17 [VERBOSE] census_eda.processing.loader:   -> Loaded 936,073 rows, 260 columns
2025-12-16 22:23:17 [VERBOSE] census_eda.processing.loader: Successfully loaded 15 dataframe(s)
2025-12-16 22:26:03 [VERBOSE] census_eda.processing.loader: Combined into 14,324,911 total rows, 260 columns
2025-12-16 22:26:03 [INFO] census_eda.main: Loaded 14,324,911 records
2025-12-16 22:26:03 [DEBUG] census_eda.main: CENSUS_YEAR_TRACK After schema application: 14324911 valid, 15 unique
2025-12-16 22:26:12 [INFO] census_eda.feature_engineering: [FE] Creating all engineered features...
