2025-12-15 09:11:22 [INFO] census_eda: Logging context set: state=California, survey=housing, scope=5-year
2025-12-15 09:11:22 [INFO] census_eda: Log file: ./logs/California/5-year/housing/5-year_housing_25_12_15_0911.log
2025-12-15 09:11:22 [INFO] census_eda.main: ======================================================================
2025-12-15 09:11:22 [INFO] census_eda.main: [HOUSING] Processing California (5-year)...
2025-12-15 09:11:22 [INFO] census_eda.main: ======================================================================
2025-12-15 09:11:22 [INFO] census_eda.memory: process_California_housing_5-year:ENTER: 17869.2MB (delta: -306.6MB)
2025-12-15 09:11:22 [VERBOSE] census_eda.processing.loader: Searching for housing files with scope 5-year...
2025-12-15 09:11:22 [VERBOSE] census_eda.processing.loader: Pattern: /data/temp/census/raw/acs/housing/5-Year/06/*/*.csv
2025-12-15 09:11:22 [VERBOSE] census_eda.processing.loader: Found 15 file(s) to load
2025-12-15 09:11:22 [VERBOSE] census_eda.processing.loader: Loading file 1/15: ss12hca.csv
2025-12-15 09:11:38 [VERBOSE] census_eda.processing.loader:   Applied 2012 era schema (Housing5Year)
2025-12-15 09:11:38 [VERBOSE] census_eda.processing.loader:   -> Loaded 737,966 rows, 235 columns
2025-12-15 09:11:38 [VERBOSE] census_eda.processing.loader: Loading file 2/15: psam_h06.csv
2025-12-15 09:11:55 [VERBOSE] census_eda.processing.loader:   Applied 2017 era schema (Housing5Year)
2025-12-15 09:11:55 [VERBOSE] census_eda.processing.loader:   -> Loaded 776,947 rows, 235 columns
2025-12-15 09:11:55 [VERBOSE] census_eda.processing.loader: Loading file 3/15: ss14hca.csv
2025-12-15 09:12:12 [VERBOSE] census_eda.processing.loader:   Applied 2014 era schema (Housing5Year)
2025-12-15 09:12:12 [VERBOSE] census_eda.processing.loader:   -> Loaded 760,502 rows, 235 columns
2025-12-15 09:12:12 [VERBOSE] census_eda.processing.loader: Loading file 4/15: ss13hca.csv
2025-12-15 09:12:29 [VERBOSE] census_eda.processing.loader:   Applied 2013 era schema (Housing5Year)
2025-12-15 09:12:29 [VERBOSE] census_eda.processing.loader:   -> Loaded 748,954 rows, 235 columns
2025-12-15 09:12:29 [VERBOSE] census_eda.processing.loader: Loading file 5/15: ss09hca.csv
2025-12-15 09:12:47 [VERBOSE] census_eda.processing.loader:   Applied 2009 era schema (Housing5Year)
2025-12-15 09:12:47 [VERBOSE] census_eda.processing.loader:   -> Loaded 697,356 rows, 235 columns
2025-12-15 09:12:47 [VERBOSE] census_eda.processing.loader: Loading file 6/15: psam_h06.csv
2025-12-15 09:13:04 [VERBOSE] census_eda.processing.loader:   Applied 2018 era schema (Housing5Year)
2025-12-15 09:13:04 [VERBOSE] census_eda.processing.loader:   -> Loaded 783,043 rows, 235 columns
2025-12-15 09:13:04 [VERBOSE] census_eda.processing.loader: Loading file 7/15: ss16hca.csv
2025-12-15 09:13:22 [VERBOSE] census_eda.processing.loader:   Applied 2016 era schema (Housing5Year)
2025-12-15 09:13:22 [VERBOSE] census_eda.processing.loader:   -> Loaded 772,328 rows, 235 columns
2025-12-15 09:13:22 [VERBOSE] census_eda.processing.loader: Loading file 8/15: psam_h06.csv
2025-12-15 09:13:39 [VERBOSE] census_eda.processing.loader:   Applied 2019 era schema (Housing5Year)
2025-12-15 09:13:39 [VERBOSE] census_eda.processing.loader:   -> Loaded 788,475 rows, 235 columns
2025-12-15 09:13:39 [VERBOSE] census_eda.processing.loader: Loading file 9/15: psam_h06.csv
2025-12-15 09:13:57 [VERBOSE] census_eda.processing.loader:   Applied 2022 era schema (Housing5Year)
2025-12-15 09:13:57 [VERBOSE] census_eda.processing.loader:   -> Loaded 779,442 rows, 235 columns
2025-12-15 09:13:57 [VERBOSE] census_eda.processing.loader: Loading file 10/15: psam_h06.csv
2025-12-15 09:14:15 [VERBOSE] census_eda.processing.loader:   Applied 2021 era schema (Housing5Year)
2025-12-15 09:14:15 [VERBOSE] census_eda.processing.loader:   -> Loaded 769,914 rows, 235 columns
2025-12-15 09:14:15 [VERBOSE] census_eda.processing.loader: Loading file 11/15: psam_h06.csv
2025-12-15 09:14:33 [VERBOSE] census_eda.processing.loader:   Applied 2020 era schema (Housing5Year)
2025-12-15 09:14:33 [VERBOSE] census_eda.processing.loader:   -> Loaded 763,819 rows, 235 columns
2025-12-15 09:14:33 [VERBOSE] census_eda.processing.loader: Loading file 12/15: psam_h06.csv
2025-12-15 09:14:51 [VERBOSE] census_eda.processing.loader:   Applied 2023 era schema (Housing5Year)
2025-12-15 09:14:51 [VERBOSE] census_eda.processing.loader:   -> Loaded 786,832 rows, 235 columns
2025-12-15 09:14:51 [VERBOSE] census_eda.processing.loader: Loading file 13/15: ss15hca.csv
2025-12-15 09:15:09 [VERBOSE] census_eda.processing.loader:   Applied 2015 era schema (Housing5Year)
2025-12-15 09:15:09 [VERBOSE] census_eda.processing.loader:   -> Loaded 770,699 rows, 235 columns
2025-12-15 09:15:09 [VERBOSE] census_eda.processing.loader: Loading file 14/15: ss10hca.csv
2025-12-15 09:15:25 [VERBOSE] census_eda.processing.loader:   Applied 2010 era schema (Housing5Year)
2025-12-15 09:15:25 [VERBOSE] census_eda.processing.loader:   -> Loaded 712,484 rows, 235 columns
2025-12-15 09:15:25 [VERBOSE] census_eda.processing.loader: Loading file 15/15: ss11hca.csv
2025-12-15 09:15:41 [VERBOSE] census_eda.processing.loader:   Applied 2011 era schema (Housing5Year)
2025-12-15 09:15:41 [VERBOSE] census_eda.processing.loader:   -> Loaded 726,560 rows, 235 columns
2025-12-15 09:15:41 [VERBOSE] census_eda.processing.loader: Successfully loaded 15 dataframe(s)
2025-12-15 09:17:28 [VERBOSE] census_eda.processing.loader: Combined into 11,375,321 total rows, 235 columns
2025-12-15 09:17:28 [INFO] census_eda.main: Loaded 11,375,321 records
2025-12-15 09:17:28 [DEBUG] census_eda.main: CENSUS_YEAR_TRACK After schema application: 11375321 valid, 15 unique
2025-12-15 09:17:49 [INFO] census_eda.feature_engineering: [FE] Creating all engineered features...
2025-12-15 09:20:54 [DEBUG] census_eda.feature_engineering: Created affordability indices: []
2025-12-15 09:21:01 [DEBUG] census_eda.feature_engineering: Poverty intensity: Skipped for non-population survey
2025-12-15 09:21:56 [DEBUG] census_eda.feature_engineering: Created housing quality index from 3 components
2025-12-15 09:22:07 [DEBUG] census_eda.feature_engineering: Created dependency ratio features
2025-12-15 09:22:54 [DEBUG] census_eda.feature_engineering: Created SNAP eligibility proxy features
2025-12-15 09:23:08 [DEBUG] census_eda.feature_engineering: Created workers ratio features
2025-12-15 09:23:08 [INFO] census_eda.feature_engineering: [FE] Feature engineering complete. Created 14 features.
2025-12-15 09:23:09 [DEBUG] census_eda.main: Feature engineering complete: (11375321, 254)
2025-12-15 09:23:09 [DEBUG] census_eda.main: Running comprehensive analysis suite...
2025-12-15 09:23:09 [DEBUG] census_eda.main: Using sample weights from 'Housing_Unit_Weight' column
2025-12-15 09:55:14 [INFO] census_eda.main: [VISUALS] Creating comprehensive visualization suite for HOUSING...
2025-12-15 09:55:14 [VERBOSE] census_eda.visualization.orchestrator: Creating temporal visualizations...
2025-12-15 09:55:14 [VERBOSE] census_eda.visualization.temporal: _plot_sample_counts: df.shape=(11375321, 254)
2025-12-15 09:55:14 [VERBOSE] census_eda.visualization.temporal: 'Census_Year' in columns: True
2025-12-15 09:55:14 [VERBOSE] census_eda.visualization.temporal: Census_Year counts: 15 unique years, total records: 11375321
2025-12-15 09:55:14 [VERBOSE] census_eda.visualization.temporal: Year range: 2009 to 2023
2025-12-15 09:55:15 [VERBOSE] census_eda.visualization.temporal: _year_distribution: df.shape=(11375321, 254)
2025-12-15 09:55:15 [VERBOSE] census_eda.visualization.temporal: Year distribution: {np.int64(2009): np.int64(697356), np.int64(2010): np.int64(712484), np.int64(2011): np.int64(726560), np.int64(2012): np.int64(737966), np.int64(2013): np.int64(748954), np.int64(2014): np.int64(760502), np.int64(2015): np.int64(770699), np.int64(2016): np.int64(772328), np.int64(2017): np.int64(776947), np.int64(2018): np.int64(783043), np.int64(2019): np.int64(788475), np.int64(2020): np.int64(763819), np.int64(2021): np.int64(769914), np.int64(2022): np.int64(779442), np.int64(2023): np.int64(786832)}
2025-12-15 09:55:16 [VERBOSE] census_eda.visualization.temporal: _temporal_comparison: df.shape=(11375321, 254)
2025-12-15 09:55:18 [VERBOSE] census_eda.visualization.temporal: _get_key_numeric_cols: 228 numeric columns total
2025-12-15 09:55:18 [VERBOSE] census_eda.visualization.temporal: Numeric columns: ['Census_Year', 'Census_Division', 'Public_Use_Microdata_Area', 'Census_Region', 'State_Code', 'Housing_Adjustment_Factor', 'Income_Adjustment_Factor', 'Housing_Unit_Weight', 'Number_of_Persons', 'Housing_Unit_Type', 'Number_of_Bedrooms', 'Number_of_Rooms', 'Building_Type', 'Year_Structure_Built', 'Bathtub_or_Shower', 'Refrigerator', 'Hot_and_Cold_Running_Water', 'Running_Water', 'Sink_with_Faucet', 'Stove_or_Range']...
2025-12-15 09:55:18 [VERBOSE] census_eda.visualization.temporal: Matched key columns: ['Number_of_Persons', 'Hot_and_Cold_Running_Water', 'Running_Water', 'Property_Value', 'Electricity_Cost_Monthly', 'Fuel_Cost_Monthly', 'Gas_Cost_Monthly', 'House_Heating_Fuel', 'Insurance_Cost_Yearly', 'Water_Cost_Yearly', 'Mobile_Home_Costs_Monthly', 'First_Mortgage_Includes_Taxes']
2025-12-15 09:55:18 [VERBOSE] census_eda.visualization.temporal: Key numeric columns found: ['Number_of_Persons', 'Hot_and_Cold_Running_Water', 'Running_Water', 'Property_Value', 'Electricity_Cost_Monthly', 'Fuel_Cost_Monthly', 'Gas_Cost_Monthly', 'House_Heating_Fuel', 'Insurance_Cost_Yearly', 'Water_Cost_Yearly', 'Mobile_Home_Costs_Monthly', 'First_Mortgage_Includes_Taxes']
2025-12-15 09:55:18 [VERBOSE] census_eda.visualization.temporal: _plot_metric_trend for column 'Number_of_Persons'
2025-12-15 09:55:21 [VERBOSE] census_eda.visualization.temporal: Column 'Number_of_Persons': 11375321 non-null values (zeros excluded if needed)
2025-12-15 09:55:21 [VERBOSE] census_eda.visualization.temporal: Value range: 0.00 to 20.00
2025-12-15 09:55:21 [VERBOSE] census_eda.visualization.temporal: _plot_metric_trend for column 'Hot_and_Cold_Running_Water'
2025-12-15 09:55:24 [VERBOSE] census_eda.visualization.temporal: Column 'Hot_and_Cold_Running_Water': 8300726 non-null values (zeros excluded if needed)
2025-12-15 09:55:24 [VERBOSE] census_eda.visualization.temporal: Value range: 1.00 to 2.00
2025-12-15 09:55:25 [VERBOSE] census_eda.visualization.temporal: _plot_metric_trend for column 'Running_Water'
2025-12-15 09:55:27 [VERBOSE] census_eda.visualization.temporal: Column 'Running_Water': 7621348 non-null values (zeros excluded if needed)
2025-12-15 09:55:27 [VERBOSE] census_eda.visualization.temporal: Value range: 9.00 to 9.00
2025-12-15 09:55:28 [VERBOSE] census_eda.visualization.temporal: _plot_metric_trend for column 'Property_Value'
2025-12-15 09:55:29 [VERBOSE] census_eda.visualization.temporal: Column 'Property_Value': 1212921 non-null values (zeros excluded if needed)
2025-12-15 09:55:29 [VERBOSE] census_eda.visualization.temporal: Value range: 1.00 to 24.00
2025-12-15 09:55:30 [VERBOSE] census_eda.visualization.temporal: _plot_metric_trend for column 'Electricity_Cost_Monthly'
2025-12-15 09:55:56 [VERBOSE] census_eda.visualization.temporal: Column 'Electricity_Cost_Monthly': 9539146 non-null values (zeros excluded if needed)
2025-12-15 09:55:56 [VERBOSE] census_eda.visualization.temporal: Value range: 1.00 to 2600.00
2025-12-15 09:55:57 [VERBOSE] census_eda.visualization.temporal: _plot_metric_trend for column 'Fuel_Cost_Monthly'
2025-12-15 09:56:04 [VERBOSE] census_eda.visualization.temporal: Column 'Fuel_Cost_Monthly': 5946566 non-null values (zeros excluded if needed)
2025-12-15 09:56:04 [VERBOSE] census_eda.visualization.temporal: Value range: 1.00 to 5600.00
2025-12-15 09:56:04 [VERBOSE] census_eda.visualization.temporal: _plot_metric_trend for column 'Gas_Cost_Monthly'
2025-12-15 09:56:15 [VERBOSE] census_eda.visualization.temporal: Column 'Gas_Cost_Monthly': 8448627 non-null values (zeros excluded if needed)
2025-12-15 09:56:15 [VERBOSE] census_eda.visualization.temporal: Value range: 1.00 to 1600.00
2025-12-15 09:56:15 [VERBOSE] census_eda.visualization.temporal: _plot_metric_trend for column 'House_Heating_Fuel'
2025-12-15 09:56:18 [VERBOSE] census_eda.visualization.temporal: Column 'House_Heating_Fuel': 9718014 non-null values (zeros excluded if needed)
2025-12-15 09:56:18 [VERBOSE] census_eda.visualization.temporal: Value range: 1.00 to 9.00
2025-12-15 09:56:20 [VERBOSE] census_eda.visualization.temporal: _plot_metric_trend for column 'Insurance_Cost_Yearly'
2025-12-15 09:56:27 [VERBOSE] census_eda.visualization.temporal: Column 'Insurance_Cost_Yearly': 5416603 non-null values (zeros excluded if needed)
2025-12-15 09:56:27 [VERBOSE] census_eda.visualization.temporal: Value range: 4.00 to 10000.00
2025-12-15 09:56:27 [VERBOSE] census_eda.visualization.temporal: _plot_metric_trend for column 'Water_Cost_Yearly'
2025-12-15 09:56:38 [VERBOSE] census_eda.visualization.temporal: Column 'Water_Cost_Yearly': 8525824 non-null values (zeros excluded if needed)
2025-12-15 09:56:38 [VERBOSE] census_eda.visualization.temporal: Value range: 1.00 to 6200.00
2025-12-15 09:56:39 [VERBOSE] census_eda.visualization.temporal: _plot_metric_trend for column 'Mobile_Home_Costs_Monthly'
2025-12-15 09:56:39 [VERBOSE] census_eda.visualization.temporal: Column 'Mobile_Home_Costs_Monthly': 243651 non-null values (zeros excluded if needed)
2025-12-15 09:56:39 [VERBOSE] census_eda.visualization.temporal: Value range: 4.00 to 41900.00
2025-12-15 09:56:39 [VERBOSE] census_eda.visualization.temporal: _plot_metric_trend for column 'First_Mortgage_Includes_Taxes'
2025-12-15 09:56:42 [VERBOSE] census_eda.visualization.temporal: Column 'First_Mortgage_Includes_Taxes': 4121231 non-null values (zeros excluded if needed)
2025-12-15 09:56:42 [VERBOSE] census_eda.visualization.temporal: Value range: 1.00 to 2.00
2025-12-15 09:56:45 [VERBOSE] census_eda.visualization.orchestrator: Creating economic visualizations...
2025-12-15 09:59:40 [VERBOSE] census_eda.visualization.orchestrator: Creating correlation visualizations...
2025-12-15 09:59:40 [VERBOSE] census_eda.visualization.correlation: Creating correlation heatmap...
2025-12-15 09:59:42 [VERBOSE] census_eda.visualization.correlation: Creating heatmap with 10 columns
2025-12-15 09:59:44 [VERBOSE] census_eda.visualization.correlation: Creating scatter matrix...
2025-12-15 09:59:46 [DEBUG] census_eda.memory: Skipping sampling: 56837MB available (>16GB)
2025-12-15 09:59:46 [VERBOSE] census_eda.visualization.correlation: Creating scatter matrix with 8 columns, 11375321 rows
2025-12-15 10:12:35 [VERBOSE] census_eda.visualization.orchestrator: Creating statistical distribution visualizations...
2025-12-15 10:12:35 [VERBOSE] census_eda.visualization.statistical: _box_plots: df.shape=(11375321, 254)
2025-12-15 10:12:37 [INFO] census_eda.visualization.statistical: [MEMORY] Housing: 16/228 columns (excluded flags/binary)
2025-12-15 10:12:37 [VERBOSE] census_eda.visualization.statistical: Key columns for box plots: ['Number_of_Persons', 'Number_of_Bedrooms', 'Number_of_Rooms', 'Hot_and_Cold_Running_Water', 'Running_Water', 'Property_Value', 'Vehicles_Available', 'Condo_Fee_Monthly', 'Electricity_Cost_Monthly', 'Fuel_Cost_Monthly', 'Gas_Cost_Monthly', 'House_Heating_Fuel', 'Insurance_Cost_Yearly', 'Water_Cost_Yearly', 'Mobile_Home_Costs_Monthly', 'First_Mortgage_Includes_Insurance']
2025-12-15 10:12:37 [VERBOSE] census_eda.visualization.statistical: Box plot for 'Number_of_Persons': 11375321 non-null values
2025-12-15 10:12:37 [VERBOSE] census_eda.visualization.statistical: Data range: 0.00 to 20.00
2025-12-15 10:12:37 [VERBOSE] census_eda.visualization.statistical: Box plot for 'Number_of_Bedrooms': 2008313 non-null values
2025-12-15 10:12:37 [VERBOSE] census_eda.visualization.statistical: Data range: 0.00 to 5.00
2025-12-15 10:12:37 [VERBOSE] census_eda.visualization.statistical: Box plot for 'Number_of_Rooms': 2008313 non-null values
2025-12-15 10:12:37 [VERBOSE] census_eda.visualization.statistical: Data range: 1.00 to 9.00
2025-12-15 10:12:38 [VERBOSE] census_eda.visualization.statistical: Box plot for 'Hot_and_Cold_Running_Water': 8300726 non-null values
2025-12-15 10:12:38 [VERBOSE] census_eda.visualization.statistical: Data range: 1.00 to 2.00
2025-12-15 10:12:40 [VERBOSE] census_eda.visualization.statistical: Box plot for 'Running_Water': 7621348 non-null values
2025-12-15 10:12:40 [VERBOSE] census_eda.visualization.statistical: Data range: 9.00 to 9.00
2025-12-15 10:12:40 [VERBOSE] census_eda.visualization.statistical: Box plot for 'Property_Value': 1212921 non-null values
2025-12-15 10:12:40 [VERBOSE] census_eda.visualization.statistical: Data range: 1.00 to 24.00
2025-12-15 10:12:40 [VERBOSE] census_eda.visualization.statistical: Box plot for 'Vehicles_Available': 9718014 non-null values
2025-12-15 10:12:40 [VERBOSE] census_eda.visualization.statistical: Data range: 0.00 to 6.00
2025-12-15 10:12:40 [VERBOSE] census_eda.visualization.statistical: Box plot for 'Condo_Fee_Monthly': 571777 non-null values
2025-12-15 10:12:40 [VERBOSE] census_eda.visualization.statistical: Data range: 4.00 to 2000.00
2025-12-15 10:12:43 [VERBOSE] census_eda.visualization.statistical: Box plot for 'Electricity_Cost_Monthly': 9539146 non-null values
2025-12-15 10:12:43 [VERBOSE] census_eda.visualization.statistical: Data range: 1.00 to 2600.00
2025-12-15 10:12:43 [VERBOSE] census_eda.visualization.statistical: Box plot for 'Fuel_Cost_Monthly': 5946566 non-null values
2025-12-15 10:12:43 [VERBOSE] census_eda.visualization.statistical: Data range: 1.00 to 5600.00
2025-12-15 10:12:44 [VERBOSE] census_eda.visualization.statistical: Box plot for 'Gas_Cost_Monthly': 8448627 non-null values
2025-12-15 10:12:44 [VERBOSE] census_eda.visualization.statistical: Data range: 1.00 to 1600.00
2025-12-15 10:12:44 [VERBOSE] census_eda.visualization.statistical: Box plot for 'House_Heating_Fuel': 9718014 non-null values
2025-12-15 10:12:44 [VERBOSE] census_eda.visualization.statistical: Data range: 1.00 to 9.00
2025-12-15 10:12:48 [VERBOSE] census_eda.visualization.statistical: Box plot for 'Insurance_Cost_Yearly': 5416603 non-null values
2025-12-15 10:12:48 [VERBOSE] census_eda.visualization.statistical: Data range: 4.00 to 10000.00
2025-12-15 10:12:49 [VERBOSE] census_eda.visualization.statistical: Box plot for 'Water_Cost_Yearly': 8525824 non-null values
2025-12-15 10:12:49 [VERBOSE] census_eda.visualization.statistical: Data range: 1.00 to 6200.00
2025-12-15 10:12:49 [VERBOSE] census_eda.visualization.statistical: Box plot for 'Mobile_Home_Costs_Monthly': 243651 non-null values
2025-12-15 10:12:49 [VERBOSE] census_eda.visualization.statistical: Data range: 4.00 to 41900.00
2025-12-15 10:12:49 [VERBOSE] census_eda.visualization.statistical: Box plot for 'First_Mortgage_Includes_Insurance': 4121231 non-null values
2025-12-15 10:12:49 [VERBOSE] census_eda.visualization.statistical: Data range: 1.00 to 2.00
2025-12-15 10:12:54 [INFO] census_eda.visualization.statistical: [MEMORY] Housing: 16/228 columns (excluded flags/binary)
2025-12-15 10:13:04 [VERBOSE] census_eda.visualization.orchestrator: Creating advanced visualizations (violin, ridge, radar)...
2025-12-15 10:13:59 [VERBOSE] census_eda.visualization.orchestrator: Creating year-over-year change visualizations...
2025-12-15 10:18:42 [VERBOSE] census_eda.visualization.orchestrator: Creating outlier and anomaly detection visualizations...
2025-12-15 10:23:25 [VERBOSE] census_eda.visualization.orchestrator: Creating housing characteristics visualizations...
2025-12-15 10:23:25 [VERBOSE] census_eda.visualization.housing: Creating housing characteristics visualizations...
2025-12-15 10:23:25 [VERBOSE] census_eda.visualization.housing: Creating bedrooms/rooms distribution visualization...
2025-12-15 10:23:26 [VERBOSE] census_eda.visualization.housing: Creating building type trends visualization...
2025-12-15 10:23:27 [VERBOSE] census_eda.visualization.housing: Creating year built distribution visualization...
2025-12-15 10:23:28 [VERBOSE] census_eda.visualization.housing: Creating vehicles available visualization...
2025-12-15 10:23:29 [VERBOSE] census_eda.visualization.orchestrator: Creating household composition visualizations...
2025-12-15 10:23:29 [VERBOSE] census_eda.visualization.housing: Creating household composition visualizations...
2025-12-15 10:23:29 [VERBOSE] census_eda.visualization.housing: Creating family type distribution visualization...
2025-12-15 10:23:29 [VERBOSE] census_eda.visualization.housing: Creating household size visualization...
2025-12-15 10:23:30 [VERBOSE] census_eda.visualization.housing: Creating children presence visualization...
2025-12-15 10:23:31 [VERBOSE] census_eda.visualization.housing: Creating multigenerational trends visualization...
2025-12-15 10:23:31 [VERBOSE] census_eda.visualization.housing: Creating household age composition visualization...
2025-12-15 10:23:32 [VERBOSE] census_eda.visualization.housing: Creating SNAP participation visualization...
2025-12-15 10:23:43 [VERBOSE] census_eda.visualization.housing: Creating workers distribution visualization...
2025-12-15 10:23:44 [VERBOSE] census_eda.visualization.housing: Creating household diversity visualization...
2025-12-15 10:24:06 [VERBOSE] census_eda.visualization.orchestrator: Creating cost burden visualizations...
2025-12-15 10:24:06 [VERBOSE] census_eda.visualization.housing: Creating cost burden visualizations...
2025-12-15 10:24:06 [VERBOSE] census_eda.visualization.housing: Creating rent burden visualization...
2025-12-15 10:24:07 [VERBOSE] census_eda.visualization.housing: Creating owner cost burden visualization...
2025-12-15 10:24:07 [VERBOSE] census_eda.visualization.housing: Creating utility costs comparison visualization...
2025-12-15 10:24:09 [VERBOSE] census_eda.visualization.housing: Creating affordability ECDF visualization...
2025-12-15 10:24:12 [VERBOSE] census_eda.visualization.housing: Creating burden concentration visualization...
2025-12-15 10:24:14 [VERBOSE] census_eda.visualization.housing: Creating burden by demographic visualization...
2025-12-15 10:24:19 [VERBOSE] census_eda.visualization.orchestrator: Creating technology adoption visualizations...
2025-12-15 10:24:19 [VERBOSE] census_eda.visualization.technology: Creating technology adoption visualizations...
2025-12-15 10:24:19 [VERBOSE] census_eda.visualization.technology: Creating technology adoption trends for 3 tech columns...
2025-12-15 10:24:19 [VERBOSE] census_eda.visualization.technology: Creating device ownership pie charts for 2 devices...
2025-12-15 10:24:21 [VERBOSE] census_eda.visualization.orchestrator: Creating multi-variable interaction visualizations...
2025-12-15 10:24:21 [DEBUG] census_eda.memory: Skipping sampling: 56708MB available (>16GB)
2025-12-15 10:24:47 [VERBOSE] census_eda.visualization.orchestrator: Creating distribution comparison visualizations...
2025-12-15 10:24:47 [DEBUG] census_eda.memory: Skipping sampling: 56801MB available (>16GB)
2025-12-15 10:30:05 [VERBOSE] census_eda.visualization.orchestrator: Creating enhanced feature interaction visualizations...
2025-12-15 10:30:05 [DEBUG] census_eda.memory: Skipping sampling: 57064MB available (>16GB)
2025-12-15 10:30:08 [VERBOSE] census_eda.visualization.orchestrator: Creating inequality visualizations...
2025-12-15 10:30:39 [VERBOSE] census_eda.visualization.orchestrator: All visualizations complete!
2025-12-15 10:30:39 [VERBOSE] census_eda.visualization.orchestrator: Creating missing data analysis...
2025-12-15 10:30:44 [INFO] census_eda.main: SUCCESS: Visualizations saved to ./output/California/housing/5-year/figures
2025-12-15 10:30:44 [DEBUG] census_eda.memory: Skipping sampling: 57045MB available (>16GB)
2025-12-15 10:30:44 [INFO] census_eda.main: [ML] Running ML pipeline for HOUSING...
2025-12-15 10:30:44 [INFO] census_eda.main: [ML] Hyperparameter tuning ENABLED (this may take longer)
2025-12-15 10:30:46 [INFO] census_eda.memory: [ML-START]: 44876.0MB (delta: +27006.8MB)
2025-12-15 10:30:46 [INFO] census_eda.main: [ML] Starting regression training...
2025-12-15 10:30:46 [INFO] census_eda.main: [ML] Training regression models for target: Property_Value
2025-12-15 10:30:47 [DEBUG] census_eda.main: [REGRESSION] Property_Value: After zero-filter on target: 1212921 samples (was 1212921)
2025-12-15 10:30:47 [DEBUG] census_eda.main: [ML] Using sample weights from 'Housing_Unit_Weight'
2025-12-15 10:30:48 [INFO] census_eda.ml.comparison: [TUNE] Tuning hyperparameters for ridge...
2025-12-15 10:30:48 [INFO] census_eda.ml.regression: [TUNE] Data: 1,212,921 samples, 10 features
2025-12-15 10:30:48 [INFO] census_eda.ml.regression: [TUNE] Searching 5 combinations (5-fold CV = 25 fits)
2025-12-15 10:30:50 [INFO] census_eda.ml.comparison: [TUNE] Best params for ridge: {'alpha': 100.0}
2025-12-15 10:30:50 [INFO] census_eda.ml.comparison: [TUNE] Best CV R² score: 0.1626
2025-12-15 10:30:50 [INFO] census_eda.ml.comparison: [TUNE] Searched 5 parameter combinations
2025-12-15 10:30:51 [INFO] census_eda.ml.comparison: [TUNE] Tuning hyperparameters for lasso...
2025-12-15 10:30:51 [INFO] census_eda.ml.regression: [TUNE] Data: 1,212,921 samples, 10 features
2025-12-15 10:30:51 [INFO] census_eda.ml.regression: [TUNE] Searching 5 combinations (5-fold CV = 25 fits)
2025-12-15 10:30:52 [INFO] census_eda.ml.comparison: [TUNE] Best params for lasso: {'alpha': 0.01}
2025-12-15 10:30:52 [INFO] census_eda.ml.comparison: [TUNE] Best CV R² score: 0.1626
2025-12-15 10:30:52 [INFO] census_eda.ml.comparison: [TUNE] Searched 5 parameter combinations
2025-12-15 10:30:54 [INFO] census_eda.ml.comparison: [TUNE] Tuning hyperparameters for random_forest...
2025-12-15 10:30:54 [INFO] census_eda.ml.regression: [TUNE] Data: 1,212,921 samples, 10 features
2025-12-15 10:30:54 [INFO] census_eda.ml.regression: [TUNE] Searching 24 combinations (5-fold CV = 120 fits)
