2025-12-13 21:48:33 [INFO] census_eda: Logging context set: state=Alabama, survey=population, scope=5-year
2025-12-13 21:48:33 [INFO] census_eda: Log file: ./logs/Alabama/5-year/population/5-year_population_25_12_13_2148.log
2025-12-13 21:48:33 [INFO] census_eda.main: ======================================================================
2025-12-13 21:48:33 [INFO] census_eda.main: [POPULATION] Processing Alabama (5-year)...
2025-12-13 21:48:33 [INFO] census_eda.main: ======================================================================
2025-12-13 21:48:33 [INFO] census_eda.memory: process_Alabama_population_5-year:ENTER: 6432.3MB (delta: -19.7MB)
2025-12-13 21:48:33 [VERBOSE] census_eda.processing.loader: Searching for population files with scope 5-year...
2025-12-13 21:48:33 [VERBOSE] census_eda.processing.loader: Pattern: /data/temp/census/raw/acs/population/5-Year/01/*/*.csv
2025-12-13 21:48:33 [VERBOSE] census_eda.processing.loader: Found 15 file(s) to load
2025-12-13 21:48:33 [VERBOSE] census_eda.processing.loader: Loading file 1/15: ss12pal.csv
2025-12-13 21:48:38 [VERBOSE] census_eda.processing.loader:   Applied 2012 era schema (Population5Year)
2025-12-13 21:48:38 [VERBOSE] census_eda.processing.loader:   -> Loaded 239,380 rows, 260 columns
2025-12-13 21:48:38 [VERBOSE] census_eda.processing.loader: Loading file 2/15: psam_p01.csv
2025-12-13 21:48:43 [VERBOSE] census_eda.processing.loader:   Applied 2017 era schema (Population5Year)
2025-12-13 21:48:43 [VERBOSE] census_eda.processing.loader:   -> Loaded 238,409 rows, 260 columns
2025-12-13 21:48:43 [VERBOSE] census_eda.processing.loader: Loading file 3/15: ss14pal.csv
2025-12-13 21:48:49 [VERBOSE] census_eda.processing.loader:   Applied 2014 era schema (Population5Year)
2025-12-13 21:48:49 [VERBOSE] census_eda.processing.loader:   -> Loaded 239,539 rows, 260 columns
2025-12-13 21:48:49 [VERBOSE] census_eda.processing.loader: Loading file 4/15: ss13pal.csv
2025-12-13 21:48:54 [VERBOSE] census_eda.processing.loader:   Applied 2013 era schema (Population5Year)
2025-12-13 21:48:54 [VERBOSE] census_eda.processing.loader:   -> Loaded 240,065 rows, 260 columns
2025-12-13 21:48:54 [VERBOSE] census_eda.processing.loader: Loading file 5/15: ss09pal.csv
2025-12-13 21:48:59 [VERBOSE] census_eda.processing.loader:   Applied 2009 era schema (Population5Year)
2025-12-13 21:48:59 [VERBOSE] census_eda.processing.loader:   -> Loaded 235,351 rows, 260 columns
2025-12-13 21:48:59 [VERBOSE] census_eda.processing.loader: Loading file 6/15: psam_p01.csv
2025-12-13 21:49:04 [VERBOSE] census_eda.processing.loader:   Applied 2018 era schema (Population5Year)
2025-12-13 21:49:04 [VERBOSE] census_eda.processing.loader:   -> Loaded 238,350 rows, 260 columns
2025-12-13 21:49:04 [VERBOSE] census_eda.processing.loader: Loading file 7/15: ss16pal.csv
2025-12-13 21:49:09 [VERBOSE] census_eda.processing.loader:   Applied 2016 era schema (Population5Year)
2025-12-13 21:49:09 [VERBOSE] census_eda.processing.loader:   -> Loaded 238,583 rows, 260 columns
2025-12-13 21:49:09 [VERBOSE] census_eda.processing.loader: Loading file 8/15: psam_p01.csv
2025-12-13 21:49:15 [VERBOSE] census_eda.processing.loader:   Applied 2019 era schema (Population5Year)
2025-12-13 21:49:15 [VERBOSE] census_eda.processing.loader:   -> Loaded 239,485 rows, 260 columns
2025-12-13 21:49:15 [VERBOSE] census_eda.processing.loader: Loading file 9/15: psam_p01.csv
2025-12-13 21:49:20 [VERBOSE] census_eda.processing.loader:   Applied 2022 era schema (Population5Year)
2025-12-13 21:49:20 [VERBOSE] census_eda.processing.loader:   -> Loaded 237,350 rows, 260 columns
2025-12-13 21:49:20 [VERBOSE] census_eda.processing.loader: Loading file 10/15: psam_p01.csv
2025-12-13 21:49:25 [VERBOSE] census_eda.processing.loader:   Applied 2021 era schema (Population5Year)
2025-12-13 21:49:25 [VERBOSE] census_eda.processing.loader:   -> Loaded 233,415 rows, 260 columns
2025-12-13 21:49:25 [VERBOSE] census_eda.processing.loader: Loading file 11/15: psam_p01.csv
2025-12-13 21:49:30 [VERBOSE] census_eda.processing.loader:   Applied 2020 era schema (Population5Year)
2025-12-13 21:49:30 [VERBOSE] census_eda.processing.loader:   -> Loaded 231,427 rows, 260 columns
2025-12-13 21:49:30 [VERBOSE] census_eda.processing.loader: Loading file 12/15: psam_p01.csv
2025-12-13 21:49:36 [VERBOSE] census_eda.processing.loader:   Applied 2023 era schema (Population5Year)
2025-12-13 21:49:36 [VERBOSE] census_eda.processing.loader:   -> Loaded 242,593 rows, 260 columns
2025-12-13 21:49:36 [VERBOSE] census_eda.processing.loader: Loading file 13/15: ss15pal.csv
2025-12-13 21:49:41 [VERBOSE] census_eda.processing.loader:   Applied 2015 era schema (Population5Year)
2025-12-13 21:49:41 [VERBOSE] census_eda.processing.loader:   -> Loaded 239,503 rows, 260 columns
2025-12-13 21:49:41 [VERBOSE] census_eda.processing.loader: Loading file 14/15: ss10pal.csv
2025-12-13 21:49:46 [VERBOSE] census_eda.processing.loader:   Applied 2010 era schema (Population5Year)
2025-12-13 21:49:46 [VERBOSE] census_eda.processing.loader:   -> Loaded 237,329 rows, 260 columns
2025-12-13 21:49:46 [VERBOSE] census_eda.processing.loader: Loading file 15/15: ss11pal.csv
2025-12-13 21:49:51 [VERBOSE] census_eda.processing.loader:   Applied 2011 era schema (Population5Year)
2025-12-13 21:49:51 [VERBOSE] census_eda.processing.loader:   -> Loaded 238,890 rows, 260 columns
2025-12-13 21:49:51 [VERBOSE] census_eda.processing.loader: Successfully loaded 15 dataframe(s)
2025-12-13 21:50:15 [VERBOSE] census_eda.processing.loader: Combined into 3,569,669 total rows, 260 columns
2025-12-13 21:50:15 [INFO] census_eda.main: Loaded 3,569,669 records
2025-12-13 21:50:15 [DEBUG] census_eda.main: CENSUS_YEAR_TRACK After schema application: 3569669 valid, 15 unique
2025-12-13 21:50:16 [INFO] census_eda.feature_engineering: [FE] Creating all engineered features...
2025-12-13 21:50:20 [DEBUG] census_eda.feature_engineering: Created affordability indices: []
2025-12-13 21:50:21 [DEBUG] census_eda.feature_engineering: Created poverty indices with poverty line $15,000
2025-12-13 21:50:22 [DEBUG] census_eda.feature_engineering: Housing quality index: Skipped for non-housing survey
2025-12-13 21:50:24 [DEBUG] census_eda.feature_engineering: Created disability severity features: ['Disability_Count', 'Disability_Severity', 'Has_Multiple_Disabilities']
2025-12-13 21:50:25 [DEBUG] census_eda.feature_engineering: Created disability-employment features: ['Has_Disability', 'Is_Employed', 'Disability_Employment_Interaction']
2025-12-13 21:50:28 [DEBUG] census_eda.feature_engineering: Created insurance coverage features: ['Insurance_Coverage_Count', 'Private_Insurance_Count', 'Public_Insurance_Count']
2025-12-13 21:50:29 [DEBUG] census_eda.feature_engineering: Created uninsured features: ['Is_Uninsured', 'Vulnerable_Uninsured']
2025-12-13 21:50:30 [DEBUG] census_eda.feature_engineering: Created Industry_Sector_2007 from Industry_Code_2007
2025-12-13 21:50:31 [DEBUG] census_eda.feature_engineering: Created Industry_Sector_2002 from Industry_Code_2002
2025-12-13 21:50:32 [DEBUG] census_eda.feature_engineering: Created Industry_Sector from Industry_Code
2025-12-13 21:50:34 [DEBUG] census_eda.feature_engineering: Created Occupation_Skill_Level_2010 from Occupation_Code_2010
2025-12-13 21:50:35 [DEBUG] census_eda.feature_engineering: Created Occupation_Skill_Level_2002 from Occupation_Code_2002
2025-12-13 21:50:35 [DEBUG] census_eda.feature_engineering: Created Occupation_Skill_Level from Occupation_Code
2025-12-13 21:50:38 [DEBUG] census_eda.feature_engineering: Created STEM category features from Field_Of_Degree_1
2025-12-13 21:50:38 [INFO] census_eda.feature_engineering: [FE] Feature engineering complete. Created 29 features.
2025-12-13 21:50:38 [DEBUG] census_eda.main: Feature engineering complete: (3569669, 292)
2025-12-13 21:50:38 [DEBUG] census_eda.main: Running comprehensive analysis suite...
2025-12-13 21:50:38 [DEBUG] census_eda.main: Using sample weights from 'Person_Weight' column
