2025-12-17 16:06:37 [INFO] census_eda: Logging context set: state=Indiana, survey=population, scope=5-year
2025-12-17 16:06:37 [INFO] census_eda: Log file: ./logs/Indiana/5-year/population/5-year_population_25_12_17_1606.log
2025-12-17 16:06:37 [INFO] census_eda.main: ======================================================================
2025-12-17 16:06:37 [INFO] census_eda.main: [POPULATION] Processing Indiana (5-year)...
2025-12-17 16:06:37 [INFO] census_eda.main: ======================================================================
2025-12-17 16:06:37 [INFO] census_eda.memory: process_Indiana_population_5-year:ENTER: 10952.5MB (delta: -43.6MB)
2025-12-17 16:06:37 [VERBOSE] census_eda.processing.loader: Searching for population files with scope 5-year...
2025-12-17 16:06:37 [VERBOSE] census_eda.processing.loader: Pattern: /data/temp/census/raw/acs/population/5-Year/18/*/*.csv
2025-12-17 16:06:37 [VERBOSE] census_eda.processing.loader: Found 15 file(s) to load
2025-12-17 16:06:37 [VERBOSE] census_eda.processing.loader: Loading file 1/15: ss12pin.csv
2025-12-17 16:06:44 [VERBOSE] census_eda.processing.loader:   Applied 2012 era schema (Population5Year)
2025-12-17 16:06:44 [VERBOSE] census_eda.processing.loader:   -> Loaded 329,519 rows, 260 columns
2025-12-17 16:06:44 [VERBOSE] census_eda.processing.loader: Loading file 2/15: psam_p18.csv
2025-12-17 16:06:51 [VERBOSE] census_eda.processing.loader:   Applied 2017 era schema (Population5Year)
2025-12-17 16:06:51 [VERBOSE] census_eda.processing.loader:   -> Loaded 332,229 rows, 260 columns
2025-12-17 16:06:51 [VERBOSE] census_eda.processing.loader: Loading file 3/15: ss14pin.csv
2025-12-17 16:06:59 [VERBOSE] census_eda.processing.loader:   Applied 2014 era schema (Population5Year)
2025-12-17 16:06:59 [VERBOSE] census_eda.processing.loader:   -> Loaded 330,803 rows, 260 columns
2025-12-17 16:06:59 [VERBOSE] census_eda.processing.loader: Loading file 4/15: ss13pin.csv
2025-12-17 16:07:06 [VERBOSE] census_eda.processing.loader:   Applied 2013 era schema (Population5Year)
2025-12-17 16:07:06 [VERBOSE] census_eda.processing.loader:   -> Loaded 330,098 rows, 260 columns
2025-12-17 16:07:06 [VERBOSE] census_eda.processing.loader: Loading file 5/15: ss09pin.csv
2025-12-17 16:07:12 [VERBOSE] census_eda.processing.loader:   Applied 2009 era schema (Population5Year)
2025-12-17 16:07:12 [VERBOSE] census_eda.processing.loader:   -> Loaded 325,742 rows, 260 columns
2025-12-17 16:07:12 [VERBOSE] census_eda.processing.loader: Loading file 6/15: psam_p18.csv
2025-12-17 16:07:19 [VERBOSE] census_eda.processing.loader:   Applied 2018 era schema (Population5Year)
2025-12-17 16:07:19 [VERBOSE] census_eda.processing.loader:   -> Loaded 333,546 rows, 260 columns
2025-12-17 16:07:19 [VERBOSE] census_eda.processing.loader: Loading file 7/15: ss16pin.csv
2025-12-17 16:07:25 [VERBOSE] census_eda.processing.loader:   Applied 2016 era schema (Population5Year)
2025-12-17 16:07:25 [VERBOSE] census_eda.processing.loader:   -> Loaded 331,595 rows, 260 columns
2025-12-17 16:07:25 [VERBOSE] census_eda.processing.loader: Loading file 8/15: psam_p18.csv
2025-12-17 16:07:32 [VERBOSE] census_eda.processing.loader:   Applied 2019 era schema (Population5Year)
2025-12-17 16:07:32 [VERBOSE] census_eda.processing.loader:   -> Loaded 334,436 rows, 260 columns
2025-12-17 16:07:32 [VERBOSE] census_eda.processing.loader: Loading file 9/15: psam_p18.csv
2025-12-17 16:07:39 [VERBOSE] census_eda.processing.loader:   Applied 2022 era schema (Population5Year)
2025-12-17 16:07:39 [VERBOSE] census_eda.processing.loader:   -> Loaded 330,172 rows, 260 columns
2025-12-17 16:07:39 [VERBOSE] census_eda.processing.loader: Loading file 10/15: psam_p18.csv
2025-12-17 16:07:46 [VERBOSE] census_eda.processing.loader:   Applied 2021 era schema (Population5Year)
2025-12-17 16:07:46 [VERBOSE] census_eda.processing.loader:   -> Loaded 327,333 rows, 260 columns
2025-12-17 16:07:46 [VERBOSE] census_eda.processing.loader: Loading file 11/15: psam_p18.csv
2025-12-17 16:07:53 [VERBOSE] census_eda.processing.loader:   Applied 2020 era schema (Population5Year)
2025-12-17 16:07:53 [VERBOSE] census_eda.processing.loader:   -> Loaded 325,473 rows, 260 columns
2025-12-17 16:07:53 [VERBOSE] census_eda.processing.loader: Loading file 12/15: psam_p18.csv
2025-12-17 16:08:00 [VERBOSE] census_eda.processing.loader:   Applied 2023 era schema (Population5Year)
2025-12-17 16:08:00 [VERBOSE] census_eda.processing.loader:   -> Loaded 332,630 rows, 260 columns
2025-12-17 16:08:00 [VERBOSE] census_eda.processing.loader: Loading file 13/15: ss15pin.csv
2025-12-17 16:08:07 [VERBOSE] census_eda.processing.loader:   Applied 2015 era schema (Population5Year)
2025-12-17 16:08:07 [VERBOSE] census_eda.processing.loader:   -> Loaded 331,242 rows, 260 columns
2025-12-17 16:08:07 [VERBOSE] census_eda.processing.loader: Loading file 14/15: ss10pin.csv
2025-12-17 16:08:14 [VERBOSE] census_eda.processing.loader:   Applied 2010 era schema (Population5Year)
2025-12-17 16:08:14 [VERBOSE] census_eda.processing.loader:   -> Loaded 328,070 rows, 260 columns
2025-12-17 16:08:14 [VERBOSE] census_eda.processing.loader: Loading file 15/15: ss11pin.csv
2025-12-17 16:08:20 [VERBOSE] census_eda.processing.loader:   Applied 2011 era schema (Population5Year)
2025-12-17 16:08:20 [VERBOSE] census_eda.processing.loader:   -> Loaded 328,925 rows, 260 columns
2025-12-17 16:08:20 [VERBOSE] census_eda.processing.loader: Successfully loaded 15 dataframe(s)
2025-12-17 16:08:53 [VERBOSE] census_eda.processing.loader: Combined into 4,951,813 total rows, 260 columns
2025-12-17 16:08:53 [INFO] census_eda.main: Loaded 4,951,813 records
2025-12-17 16:08:53 [DEBUG] census_eda.main: CENSUS_YEAR_TRACK After schema application: 4951813 valid, 15 unique
2025-12-17 16:08:54 [INFO] census_eda.feature_engineering: [FE] Creating all engineered features...
2025-12-17 16:09:02 [DEBUG] census_eda.feature_engineering: Created affordability indices: []
2025-12-17 16:09:03 [DEBUG] census_eda.feature_engineering: Created poverty indices with poverty line $15,000
2025-12-17 16:09:05 [DEBUG] census_eda.feature_engineering: Housing quality index: Skipped for non-housing survey
2025-12-17 16:09:24 [DEBUG] census_eda.feature_engineering: Created disability severity features: ['Disability_Count', 'Disability_Severity', 'Has_Multiple_Disabilities']
2025-12-17 16:09:25 [DEBUG] census_eda.feature_engineering: Created disability-employment features: ['Has_Disability', 'Is_Employed', 'Disability_Employment_Interaction']
2025-12-17 16:10:12 [DEBUG] census_eda.feature_engineering: Created insurance coverage features: ['Insurance_Coverage_Count', 'Private_Insurance_Count', 'Public_Insurance_Count']
2025-12-17 16:10:13 [DEBUG] census_eda.feature_engineering: Created uninsured features: ['Is_Uninsured', 'Vulnerable_Uninsured']
2025-12-17 16:10:16 [DEBUG] census_eda.feature_engineering: Created Industry_Sector_2007 from Industry_Code_2007
2025-12-17 16:10:17 [DEBUG] census_eda.feature_engineering: Created Industry_Sector_2002 from Industry_Code_2002
2025-12-17 16:10:19 [DEBUG] census_eda.feature_engineering: Created Industry_Sector from Industry_Code
2025-12-17 16:10:22 [DEBUG] census_eda.feature_engineering: Created Occupation_Skill_Level_2010 from Occupation_Code_2010
2025-12-17 16:10:22 [DEBUG] census_eda.feature_engineering: Created Occupation_Skill_Level_2002 from Occupation_Code_2002
2025-12-17 16:10:24 [DEBUG] census_eda.feature_engineering: Created Occupation_Skill_Level from Occupation_Code
2025-12-17 16:10:27 [DEBUG] census_eda.feature_engineering: Created STEM category features from Field_Of_Degree_1
2025-12-17 16:10:27 [INFO] census_eda.feature_engineering: [FE] Feature engineering complete. Created 29 features.
2025-12-17 16:10:27 [DEBUG] census_eda.main: Feature engineering complete: (4951813, 292)
2025-12-17 16:10:28 [DEBUG] census_eda.main: Running comprehensive analysis suite...
2025-12-17 16:10:28 [DEBUG] census_eda.main: Using sample weights from 'Person_Weight' column
2025-12-17 16:22:39 [INFO] census_eda.main: [VISUALS] Creating comprehensive visualization suite for POPULATION...
2025-12-17 16:22:39 [VERBOSE] census_eda.visualization.orchestrator: Creating temporal visualizations...
2025-12-17 16:22:39 [VERBOSE] census_eda.visualization.temporal: _plot_sample_counts: df.shape=(4951813, 292)
2025-12-17 16:22:39 [VERBOSE] census_eda.visualization.temporal: 'Census_Year' in columns: True
2025-12-17 16:22:39 [VERBOSE] census_eda.visualization.temporal: Census_Year counts: 15 unique years, total records: 4951813
2025-12-17 16:22:39 [VERBOSE] census_eda.visualization.temporal: Year range: 2009 to 2023
2025-12-17 16:22:39 [VERBOSE] census_eda.visualization.temporal: _year_distribution: df.shape=(4951813, 292)
2025-12-17 16:22:39 [VERBOSE] census_eda.visualization.temporal: Year distribution: {np.int64(2009): np.int64(325742), np.int64(2010): np.int64(328070), np.int64(2011): np.int64(328925), np.int64(2012): np.int64(329519), np.int64(2013): np.int64(330098), np.int64(2014): np.int64(330803), np.int64(2015): np.int64(331242), np.int64(2016): np.int64(331595), np.int64(2017): np.int64(332229), np.int64(2018): np.int64(333546), np.int64(2019): np.int64(334436), np.int64(2020): np.int64(325473), np.int64(2021): np.int64(327333), np.int64(2022): np.int64(330172), np.int64(2023): np.int64(332630)}
2025-12-17 16:22:40 [VERBOSE] census_eda.visualization.temporal: _temporal_comparison: df.shape=(4951813, 292)
2025-12-17 16:22:40 [VERBOSE] census_eda.visualization.temporal: _get_key_numeric_cols: 270 numeric columns total
2025-12-17 16:22:40 [VERBOSE] census_eda.visualization.temporal: Numeric columns: ['Census_Year', 'Person_Number', 'Public_Use_Microdata_Area', 'State_Code', 'Income_Adjustment_Factor', 'Person_Weight', 'Age', 'Citizenship_Status', 'Class_of_Worker', 'English_Speaking_Ability', 'Fertility_Status', 'Marital_Status', 'Mobility_Status', 'Military_Service', 'Travel_Time_To_Work_Minutes', 'Vehicle_Occupancy', 'Transportation_To_Work', 'Language_Other_Than_English', 'Grandparents_Living_With_Grandchildren', 'Months_Responsible_For_Grandchildren']...
2025-12-17 16:22:40 [VERBOSE] census_eda.visualization.temporal: Matched key columns: ['Person_Number', 'Person_Weight', 'Age', 'Travel_Time_To_Work_Minutes', 'Interest_Dividend_Rental_Income', 'Other_Income', 'Public_Assistance_Income', 'Retirement_Income', 'Self_Employment_Income', 'Supplemental_Security_Income', 'Social_Security_Income', 'Wage_Income']
2025-12-17 16:22:40 [VERBOSE] census_eda.visualization.temporal: Key numeric columns found: ['Person_Number', 'Person_Weight', 'Age', 'Travel_Time_To_Work_Minutes', 'Interest_Dividend_Rental_Income', 'Other_Income', 'Public_Assistance_Income', 'Retirement_Income', 'Self_Employment_Income', 'Supplemental_Security_Income', 'Social_Security_Income', 'Wage_Income']
2025-12-17 16:22:40 [VERBOSE] census_eda.visualization.temporal: _plot_metric_trend for column 'Person_Number'
2025-12-17 16:22:42 [VERBOSE] census_eda.visualization.temporal: Column 'Person_Number': 4951813 non-null values (zeros excluded if needed)
2025-12-17 16:22:42 [VERBOSE] census_eda.visualization.temporal: Value range: 1.00 to 20.00
2025-12-17 16:22:42 [VERBOSE] census_eda.visualization.temporal: _plot_metric_trend for column 'Person_Weight'
2025-12-17 16:22:44 [VERBOSE] census_eda.visualization.temporal: Column 'Person_Weight': 4951813 non-null values (zeros excluded if needed)
2025-12-17 16:22:44 [VERBOSE] census_eda.visualization.temporal: Value range: 1.00 to 1026.00
2025-12-17 16:22:44 [VERBOSE] census_eda.visualization.temporal: _plot_metric_trend for column 'Age'
2025-12-17 16:22:45 [VERBOSE] census_eda.visualization.temporal: Column 'Age': 4951813 non-null values (zeros excluded if needed)
2025-12-17 16:22:45 [VERBOSE] census_eda.visualization.temporal: Value range: 0.00 to 95.00
2025-12-17 16:22:45 [VERBOSE] census_eda.visualization.temporal: _plot_metric_trend for column 'Travel_Time_To_Work_Minutes'
2025-12-17 16:22:48 [VERBOSE] census_eda.visualization.temporal: Column 'Travel_Time_To_Work_Minutes': 2135956 non-null values (zeros excluded if needed)
2025-12-17 16:22:48 [VERBOSE] census_eda.visualization.temporal: Value range: 1.00 to 182.00
2025-12-17 16:22:49 [VERBOSE] census_eda.visualization.temporal: _plot_metric_trend for column 'Interest_Dividend_Rental_Income'
2025-12-17 16:22:50 [VERBOSE] census_eda.visualization.temporal: Column 'Interest_Dividend_Rental_Income': 511994 non-null values (zeros excluded if needed)
2025-12-17 16:22:50 [VERBOSE] census_eda.visualization.temporal: Value range: 1.00 to 309000.00
2025-12-17 16:22:50 [VERBOSE] census_eda.visualization.temporal: _plot_metric_trend for column 'Other_Income'
2025-12-17 16:22:51 [VERBOSE] census_eda.visualization.temporal: Column 'Other_Income': 274675 non-null values (zeros excluded if needed)
2025-12-17 16:22:51 [VERBOSE] census_eda.visualization.temporal: Value range: 4.00 to 72000.00
2025-12-17 16:22:51 [VERBOSE] census_eda.visualization.temporal: _plot_metric_trend for column 'Public_Assistance_Income'
2025-12-17 16:22:51 [VERBOSE] census_eda.visualization.temporal: Column 'Public_Assistance_Income': 46204 non-null values (zeros excluded if needed)
2025-12-17 16:22:51 [VERBOSE] census_eda.visualization.temporal: Value range: 4.00 to 30000.00
2025-12-17 16:22:51 [VERBOSE] census_eda.visualization.temporal: _plot_metric_trend for column 'Retirement_Income'
2025-12-17 16:22:52 [VERBOSE] census_eda.visualization.temporal: Column 'Retirement_Income': 537707 non-null values (zeros excluded if needed)
2025-12-17 16:22:52 [VERBOSE] census_eda.visualization.temporal: Value range: 4.00 to 140000.00
2025-12-17 16:22:53 [VERBOSE] census_eda.visualization.temporal: _plot_metric_trend for column 'Self_Employment_Income'
2025-12-17 16:22:54 [VERBOSE] census_eda.visualization.temporal: Column 'Self_Employment_Income': 201472 non-null values (zeros excluded if needed)
2025-12-17 16:22:54 [VERBOSE] census_eda.visualization.temporal: Value range: 1.00 to 387000.00
2025-12-17 16:22:54 [VERBOSE] census_eda.visualization.temporal: _plot_metric_trend for column 'Supplemental_Security_Income'
2025-12-17 16:22:54 [VERBOSE] census_eda.visualization.temporal: Column 'Supplemental_Security_Income': 115420 non-null values (zeros excluded if needed)
2025-12-17 16:22:54 [VERBOSE] census_eda.visualization.temporal: Value range: 10.00 to 30000.00
2025-12-17 16:22:54 [VERBOSE] census_eda.visualization.temporal: _plot_metric_trend for column 'Social_Security_Income'
2025-12-17 16:22:56 [VERBOSE] census_eda.visualization.temporal: Column 'Social_Security_Income': 991420 non-null values (zeros excluded if needed)
2025-12-17 16:22:56 [VERBOSE] census_eda.visualization.temporal: Value range: 4.00 to 50000.00
2025-12-17 16:22:56 [VERBOSE] census_eda.visualization.temporal: _plot_metric_trend for column 'Wage_Income'
2025-12-17 16:22:59 [VERBOSE] census_eda.visualization.temporal: Column 'Wage_Income': 2462960 non-null values (zeros excluded if needed)
2025-12-17 16:22:59 [VERBOSE] census_eda.visualization.temporal: Value range: 4.00 to 483000.00
2025-12-17 16:22:59 [VERBOSE] census_eda.visualization.orchestrator: Creating economic visualizations...
2025-12-17 16:23:31 [VERBOSE] census_eda.visualization.orchestrator: Creating correlation visualizations...
2025-12-17 16:23:31 [VERBOSE] census_eda.visualization.correlation: Creating correlation heatmap...
2025-12-17 16:23:31 [VERBOSE] census_eda.visualization.correlation: Creating heatmap with 10 columns
2025-12-17 16:23:33 [VERBOSE] census_eda.visualization.correlation: Creating scatter matrix...
2025-12-17 16:23:33 [DEBUG] census_eda.memory: Skipping sampling: 21478MB available (>16GB)
2025-12-17 16:23:33 [VERBOSE] census_eda.visualization.correlation: Creating scatter matrix with 8 columns, 4951813 rows
2025-12-17 16:37:53 [VERBOSE] census_eda.visualization.orchestrator: Creating statistical distribution visualizations...
2025-12-17 16:37:53 [VERBOSE] census_eda.visualization.statistical: _box_plots: df.shape=(4951813, 292)
2025-12-17 16:37:54 [VERBOSE] census_eda.visualization.statistical: Key columns for box plots: ['Person_Number', 'Person_Weight', 'Age', 'Travel_Time_To_Work_Minutes', 'Interest_Dividend_Rental_Income', 'Other_Income', 'Public_Assistance_Income', 'Retirement_Income', 'Self_Employment_Income', 'Supplemental_Security_Income', 'Social_Security_Income', 'Wage_Income', 'Hours_Worked_Per_Week', 'Weeks_Worked_Past_Year', 'Employment_Status_Parents', 'Employment_Status_Recode']
2025-12-17 16:37:54 [VERBOSE] census_eda.visualization.statistical: Box plot for 'Person_Number': 4951813 non-null values
2025-12-17 16:37:54 [VERBOSE] census_eda.visualization.statistical: Data range: 1.00 to 20.00
2025-12-17 16:37:55 [VERBOSE] census_eda.visualization.statistical: Box plot for 'Person_Weight': 4951813 non-null values
2025-12-17 16:37:55 [VERBOSE] census_eda.visualization.statistical: Data range: 1.00 to 1026.00
2025-12-17 16:37:55 [VERBOSE] census_eda.visualization.statistical: Box plot for 'Age': 4951813 non-null values
2025-12-17 16:37:55 [VERBOSE] census_eda.visualization.statistical: Data range: 0.00 to 95.00
2025-12-17 16:37:55 [VERBOSE] census_eda.visualization.statistical: Box plot for 'Travel_Time_To_Work_Minutes': 2135956 non-null values
2025-12-17 16:37:55 [VERBOSE] census_eda.visualization.statistical: Data range: 1.00 to 182.00
2025-12-17 16:37:56 [VERBOSE] census_eda.visualization.statistical: Box plot for 'Interest_Dividend_Rental_Income': 511994 non-null values
2025-12-17 16:37:56 [VERBOSE] census_eda.visualization.statistical: Data range: 1.00 to 309000.00
2025-12-17 16:37:56 [VERBOSE] census_eda.visualization.statistical: Box plot for 'Other_Income': 274675 non-null values
2025-12-17 16:37:56 [VERBOSE] census_eda.visualization.statistical: Data range: 4.00 to 72000.00
2025-12-17 16:37:57 [VERBOSE] census_eda.visualization.statistical: Box plot for 'Public_Assistance_Income': 46204 non-null values
2025-12-17 16:37:57 [VERBOSE] census_eda.visualization.statistical: Data range: 4.00 to 30000.00
2025-12-17 16:37:57 [VERBOSE] census_eda.visualization.statistical: Box plot for 'Retirement_Income': 537707 non-null values
2025-12-17 16:37:57 [VERBOSE] census_eda.visualization.statistical: Data range: 4.00 to 140000.00
2025-12-17 16:37:58 [VERBOSE] census_eda.visualization.statistical: Box plot for 'Self_Employment_Income': 201472 non-null values
2025-12-17 16:37:58 [VERBOSE] census_eda.visualization.statistical: Data range: 1.00 to 387000.00
2025-12-17 16:37:58 [VERBOSE] census_eda.visualization.statistical: Box plot for 'Supplemental_Security_Income': 115420 non-null values
2025-12-17 16:37:58 [VERBOSE] census_eda.visualization.statistical: Data range: 10.00 to 30000.00
2025-12-17 16:37:58 [VERBOSE] census_eda.visualization.statistical: Box plot for 'Social_Security_Income': 991420 non-null values
2025-12-17 16:37:58 [VERBOSE] census_eda.visualization.statistical: Data range: 4.00 to 50000.00
2025-12-17 16:37:58 [VERBOSE] census_eda.visualization.statistical: Box plot for 'Wage_Income': 2462960 non-null values
2025-12-17 16:37:58 [VERBOSE] census_eda.visualization.statistical: Data range: 4.00 to 483000.00
2025-12-17 16:37:59 [VERBOSE] census_eda.visualization.statistical: Box plot for 'Hours_Worked_Per_Week': 2582739 non-null values
2025-12-17 16:37:59 [VERBOSE] census_eda.visualization.statistical: Data range: 1.00 to 99.00
2025-12-17 16:37:59 [VERBOSE] census_eda.visualization.statistical: Box plot for 'Weeks_Worked_Past_Year': 2409614 non-null values
2025-12-17 16:37:59 [VERBOSE] census_eda.visualization.statistical: Data range: 1.00 to 6.00
2025-12-17 16:37:59 [VERBOSE] census_eda.visualization.statistical: Box plot for 'Employment_Status_Parents': 1025946 non-null values
2025-12-17 16:37:59 [VERBOSE] census_eda.visualization.statistical: Data range: 1.00 to 8.00
2025-12-17 16:37:59 [VERBOSE] census_eda.visualization.statistical: Box plot for 'Employment_Status_Recode': 3991353 non-null values
2025-12-17 16:37:59 [VERBOSE] census_eda.visualization.statistical: Data range: 1.00 to 6.00
2025-12-17 16:38:07 [VERBOSE] census_eda.visualization.orchestrator: Creating advanced visualizations (violin, ridge, radar)...
2025-12-17 16:38:37 [VERBOSE] census_eda.visualization.orchestrator: Creating year-over-year change visualizations...
2025-12-17 16:39:17 [VERBOSE] census_eda.visualization.orchestrator: Creating outlier and anomaly detection visualizations...
2025-12-17 16:40:38 [VERBOSE] census_eda.visualization.orchestrator: Creating demographics visualizations...
2025-12-17 16:40:38 [VERBOSE] census_eda.visualization.demographics: Creating demographics visualizations...
2025-12-17 16:40:38 [VERBOSE] census_eda.visualization.demographics: Creating age pyramid visualization...
2025-12-17 16:40:41 [VERBOSE] census_eda.visualization.demographics: Creating education distribution visualization...
2025-12-17 16:40:41 [VERBOSE] census_eda.visualization.demographics: Creating marital status trends visualization...
2025-12-17 16:40:41 [VERBOSE] census_eda.visualization.demographics: Creating citizenship patterns visualization...
2025-12-17 16:40:42 [VERBOSE] census_eda.visualization.orchestrator: Creating transportation visualizations...
2025-12-17 16:40:42 [VERBOSE] census_eda.visualization.transport: Creating transportation visualizations...
2025-12-17 16:40:42 [VERBOSE] census_eda.visualization.transport: Creating travel time distribution histogram...
2025-12-17 16:40:42 [VERBOSE] census_eda.visualization.transport: Creating transportation mode bar chart...
2025-12-17 16:40:42 [VERBOSE] census_eda.visualization.transport: Creating commute trends over time...
2025-12-17 16:40:45 [VERBOSE] census_eda.visualization.orchestrator: Creating income composition visualizations...
2025-12-17 16:40:45 [VERBOSE] census_eda.visualization.income: Creating income visualizations...
2025-12-17 16:40:45 [VERBOSE] census_eda.visualization.income: Creating income sources stacked area chart...
2025-12-17 16:40:48 [VERBOSE] census_eda.visualization.income: Creating income by source histograms for 5 sources...
2025-12-17 16:40:49 [VERBOSE] census_eda.visualization.orchestrator: Creating race & ethnicity visualizations...
2025-12-17 16:40:49 [VERBOSE] census_eda.visualization.demographics: Creating race/ethnicity visualizations...
2025-12-17 16:40:49 [VERBOSE] census_eda.visualization.demographics: Creating race distribution visualization...
2025-12-17 16:40:49 [VERBOSE] census_eda.visualization.demographics: Creating Hispanic origin trends visualization...
2025-12-17 16:40:50 [VERBOSE] census_eda.visualization.demographics: Creating diversity trends visualization...
2025-12-17 16:40:50 [VERBOSE] census_eda.visualization.orchestrator: Creating multi-variable interaction visualizations...
2025-12-17 16:40:50 [DEBUG] census_eda.memory: Skipping sampling: 21209MB available (>16GB)
2025-12-17 16:41:56 [VERBOSE] census_eda.visualization.orchestrator: Creating distribution comparison visualizations...
2025-12-17 16:41:56 [DEBUG] census_eda.memory: Skipping sampling: 21798MB available (>16GB)
2025-12-17 16:43:46 [VERBOSE] census_eda.visualization.orchestrator: Creating enhanced feature interaction visualizations...
2025-12-17 16:43:46 [DEBUG] census_eda.memory: Skipping sampling: 21637MB available (>16GB)
2025-12-17 16:43:56 [VERBOSE] census_eda.visualization.orchestrator: Creating inequality visualizations...
2025-12-17 16:44:39 [VERBOSE] census_eda.visualization.orchestrator: Creating occupation/industry visualizations...
2025-12-17 16:44:39 [VERBOSE] census_eda.visualization.occupation_industry: Creating occupation and industry visualizations...
2025-12-17 16:44:39 [VERBOSE] census_eda.visualization.occupation_industry: Creating industry sector distribution for Industry_Sector_2007...
2025-12-17 16:44:40 [VERBOSE] census_eda.visualization.occupation_industry: Creating industry sector distribution for Industry_Sector_2002...
2025-12-17 16:44:41 [VERBOSE] census_eda.visualization.occupation_industry: Creating industry sector distribution for Industry_Sector...
2025-12-17 16:44:41 [VERBOSE] census_eda.visualization.occupation_industry: Creating occupation skill distribution for Occupation_Skill_Level_2010...
2025-12-17 16:44:42 [VERBOSE] census_eda.visualization.occupation_industry: Creating occupation skill distribution for Occupation_Skill_Level_2002...
2025-12-17 16:44:42 [VERBOSE] census_eda.visualization.occupation_industry: Creating occupation skill distribution for Occupation_Skill_Level...
2025-12-17 16:44:43 [VERBOSE] census_eda.visualization.occupation_industry: Creating industry income relationship box plot...
2025-12-17 16:44:44 [VERBOSE] census_eda.visualization.occupation_industry: Creating industry trends over time...
2025-12-17 16:44:44 [VERBOSE] census_eda.visualization.occupation_industry: Creating occupation by sex distribution...
2025-12-17 16:44:45 [VERBOSE] census_eda.visualization.occupation_industry: Creating industry wage premium analysis...
2025-12-17 16:44:50 [VERBOSE] census_eda.visualization.occupation_industry: Creating occupation-education matrix heatmap...
2025-12-17 16:44:51 [VERBOSE] census_eda.visualization.orchestrator: Creating health insurance visualizations...
2025-12-17 16:44:51 [VERBOSE] census_eda.visualization.health_insurance: Creating health insurance visualizations...
2025-12-17 16:44:51 [VERBOSE] census_eda.visualization.health_insurance: Creating health insurance coverage overview...
2025-12-17 16:44:51 [VERBOSE] census_eda.visualization.health_insurance: Creating insurance type breakdown visualization...
2025-12-17 16:44:51 [VERBOSE] census_eda.visualization.health_insurance: Creating uninsured trends visualization...
2025-12-17 16:44:56 [VERBOSE] census_eda.visualization.health_insurance: Creating coverage by age visualization...
2025-12-17 16:45:07 [VERBOSE] census_eda.visualization.health_insurance: Creating public vs private insurance visualization...
2025-12-17 16:45:16 [VERBOSE] census_eda.visualization.health_insurance: Creating coverage by employment visualization...
2025-12-17 16:45:22 [VERBOSE] census_eda.visualization.health_insurance: Creating coverage by income quartile visualization...
2025-12-17 16:45:32 [VERBOSE] census_eda.visualization.orchestrator: Creating disability visualizations...
2025-12-17 16:45:32 [VERBOSE] census_eda.visualization.disability: Creating disability visualizations...
2025-12-17 16:45:32 [VERBOSE] census_eda.visualization.disability: Creating disability prevalence visualization...
2025-12-17 16:45:32 [VERBOSE] census_eda.visualization.disability: Creating disability types visualization...
2025-12-17 16:45:32 [VERBOSE] census_eda.visualization.disability: Creating disability by age visualization...
2025-12-17 16:45:42 [VERBOSE] census_eda.visualization.disability: Creating disability trends visualization...
2025-12-17 16:45:47 [VERBOSE] census_eda.visualization.disability: Creating multiple disabilities co-occurrence visualization...
2025-12-17 16:45:48 [VERBOSE] census_eda.visualization.disability: Creating disability employment visualization...
2025-12-17 16:45:51 [VERBOSE] census_eda.visualization.disability: Creating disability income gap visualization...
2025-12-17 16:45:55 [VERBOSE] census_eda.visualization.disability: Creating disability by education visualization...
2025-12-17 16:46:05 [VERBOSE] census_eda.visualization.orchestrator: Creating education field visualizations...
2025-12-17 16:46:16 [VERBOSE] census_eda.visualization.orchestrator: All visualizations complete!
2025-12-17 16:46:16 [VERBOSE] census_eda.visualization.orchestrator: Creating missing data analysis...
2025-12-17 16:46:19 [INFO] census_eda.main: SUCCESS: Visualizations saved to ./output/Indiana/population/5-year/figures
2025-12-17 16:46:19 [DEBUG] census_eda.memory: Skipping sampling: 21081MB available (>16GB)
2025-12-17 16:46:19 [INFO] census_eda.main: [ML] Running ML pipeline for POPULATION...
2025-12-17 16:46:19 [INFO] census_eda.main: [ML] Hyperparameter tuning ENABLED (this may take longer)
2025-12-17 16:46:19 [INFO] census_eda.memory: [ML-START]: 32876.7MB (delta: +21924.2MB)
2025-12-17 16:46:19 [INFO] census_eda.main: [ML] Starting regression training...
2025-12-17 16:46:19 [INFO] census_eda.main: [ML] Training regression models for target: Total_Person_Income
2025-12-17 16:46:20 [DEBUG] census_eda.main: [REGRESSION] Total_Person_Income: After zero-filter on target: 42961 samples (was 42971)
2025-12-17 16:46:20 [DEBUG] census_eda.main: [ML] Using sample weights from 'Person_Weight'
2025-12-17 16:46:20 [INFO] census_eda.ml.comparison: [TUNE] Tuning hyperparameters for ridge...
2025-12-17 16:46:20 [INFO] census_eda.ml.regression: [TUNE] Data: 42,961 samples, 10 features
2025-12-17 16:46:20 [INFO] census_eda.ml.regression: [TUNE] Searching 5 combinations (5-fold CV = 25 fits)
2025-12-17 16:46:20 [INFO] census_eda.memory: tune_ridge:ENTER: 32876.7MB (delta: +0.0MB)
2025-12-17 16:46:21 [WARNING] census_eda.memory: Memory usage (32878.2MB) exceeded threshold (16000MB)
2025-12-17 16:46:21 [INFO] census_eda.memory: tune_ridge:EXIT: 32878.2MB (delta: +1.5MB)
2025-12-17 16:46:21 [INFO] census_eda.ml.comparison: [TUNE] Best params for ridge: {'alpha': 100.0}
2025-12-17 16:46:21 [INFO] census_eda.ml.comparison: [TUNE] Best CV R² score: 0.1045
2025-12-17 16:46:21 [INFO] census_eda.ml.comparison: [TUNE] Searched 5 parameter combinations
2025-12-17 16:46:21 [INFO] census_eda.ml.comparison: [TUNE] Tuning hyperparameters for lasso...
2025-12-17 16:46:21 [INFO] census_eda.ml.regression: [TUNE] Data: 42,961 samples, 10 features
2025-12-17 16:46:21 [INFO] census_eda.ml.regression: [TUNE] Searching 5 combinations (5-fold CV = 25 fits)
2025-12-17 16:46:21 [INFO] census_eda.memory: tune_lasso:ENTER: 32878.2MB (delta: +0.0MB)
2025-12-17 16:46:21 [WARNING] census_eda.memory: Memory usage (32878.2MB) exceeded threshold (16000MB)
2025-12-17 16:46:22 [INFO] census_eda.memory: tune_lasso:EXIT: 32878.2MB (delta: +0.0MB)
2025-12-17 16:46:22 [INFO] census_eda.ml.comparison: [TUNE] Best params for lasso: {'alpha': 10.0}
2025-12-17 16:46:22 [INFO] census_eda.ml.comparison: [TUNE] Best CV R² score: 0.1045
2025-12-17 16:46:22 [INFO] census_eda.ml.comparison: [TUNE] Searched 5 parameter combinations
2025-12-17 16:46:22 [INFO] census_eda.ml.comparison: [TUNE] Tuning hyperparameters for random_forest...
2025-12-17 16:46:22 [INFO] census_eda.memory: [ML-TUNE] Limiting samples: 42,961 -> 25,000 (120 total fits from 24 combos × 5 folds)
2025-12-17 16:46:22 [INFO] census_eda.ml.regression: [TUNE] Data: 25,000 samples, 10 features
2025-12-17 16:46:22 [INFO] census_eda.ml.regression: [TUNE] Searching 24 combinations (5-fold CV = 120 fits)
2025-12-17 16:46:22 [INFO] census_eda.memory: tune_random_forest:ENTER: 32878.2MB (delta: +0.0MB)
2025-12-17 16:46:43 [WARNING] census_eda.memory: Memory usage (32878.9MB) exceeded threshold (16000MB)
2025-12-17 16:46:43 [INFO] census_eda.memory: tune_random_forest:EXIT: 32878.9MB (delta: +0.7MB)
2025-12-17 16:46:43 [INFO] census_eda.ml.comparison: [TUNE] Best params for random_forest: {'max_depth': 30, 'min_samples_leaf': 1, 'min_samples_split': 2, 'n_estimators': 200}
2025-12-17 16:46:43 [INFO] census_eda.ml.comparison: [TUNE] Best CV R² score: 0.5686
2025-12-17 16:46:43 [INFO] census_eda.ml.comparison: [TUNE] Searched 24 parameter combinations
2025-12-17 16:46:46 [INFO] census_eda.ml.comparison: [TUNE] Tuning hyperparameters for gradient_boosting...
2025-12-17 16:46:46 [INFO] census_eda.memory: [ML-TUNE] Limiting samples: 42,961 -> 25,000 (120 total fits from 24 combos × 5 folds)
2025-12-17 16:46:46 [INFO] census_eda.ml.regression: [TUNE] Data: 25,000 samples, 10 features
2025-12-17 16:46:46 [INFO] census_eda.ml.regression: [TUNE] Searching 24 combinations (5-fold CV = 120 fits)
2025-12-17 16:46:46 [INFO] census_eda.memory: tune_gradient_boosting:ENTER: 33098.1MB (delta: +219.2MB)
2025-12-17 16:47:02 [WARNING] census_eda.memory: Memory usage (33098.1MB) exceeded threshold (16000MB)
2025-12-17 16:47:02 [INFO] census_eda.memory: tune_gradient_boosting:EXIT: 33098.1MB (delta: +0.0MB)
2025-12-17 16:47:02 [INFO] census_eda.ml.comparison: [TUNE] Best params for gradient_boosting: {'learning_rate': 0.3, 'max_depth': 7, 'n_estimators': 200, 'subsample': 0.9}
2025-12-17 16:47:02 [INFO] census_eda.ml.comparison: [TUNE] Best CV R² score: 0.4417
2025-12-17 16:47:02 [INFO] census_eda.ml.comparison: [TUNE] Searched 24 parameter combinations
2025-12-17 16:47:30 [INFO] census_eda.memory: [SHAP] Safe sample size: 8,593 -> 1,000
2025-12-17 16:47:30 [INFO] census_eda.ml.explainability: [SHAP] Sampled test data: 8,593 -> 1,000
2025-12-17 16:47:30 [INFO] census_eda.memory: SHAP_TreeExplainer:ENTER: 33097.9MB (delta: -0.2MB)
2025-12-17 16:47:30 [INFO] census_eda.ml.explainability: [SHAP] Computing TreeExplainer for 1,000 samples...
2025-12-17 16:50:04 [INFO] census_eda.memory: SHAP_TreeExplainer:EXIT: 32739.1MB (delta: -358.9MB)
2025-12-17 16:50:04 [INFO] census_eda.ml.explainability: [SHAP] TreeExplainer complete. Top feature: Age
2025-12-17 16:50:04 [INFO] census_eda.main: [SHAP] Generated explanation for random_forest
2025-12-17 16:50:04 [INFO] census_eda.main: [ML] Training regression models for target: Wage_Income
2025-12-17 16:50:04 [DEBUG] census_eda.main: [REGRESSION] Wage_Income: After zero-filter on target: 41759 samples (was 42971)
2025-12-17 16:50:04 [DEBUG] census_eda.main: [ML] Using sample weights from 'Person_Weight'
2025-12-17 16:50:04 [INFO] census_eda.ml.comparison: [TUNE] Tuning hyperparameters for ridge...
2025-12-17 16:50:04 [INFO] census_eda.ml.regression: [TUNE] Data: 41,759 samples, 10 features
2025-12-17 16:50:04 [INFO] census_eda.ml.regression: [TUNE] Searching 5 combinations (5-fold CV = 25 fits)
2025-12-17 16:50:04 [INFO] census_eda.memory: tune_ridge:ENTER: 32739.8MB (delta: +0.7MB)
2025-12-17 16:50:04 [WARNING] census_eda.memory: Memory usage (32739.8MB) exceeded threshold (16000MB)
2025-12-17 16:50:04 [INFO] census_eda.memory: tune_ridge:EXIT: 32739.8MB (delta: +0.0MB)
2025-12-17 16:50:04 [INFO] census_eda.ml.comparison: [TUNE] Best params for ridge: {'alpha': 100.0}
2025-12-17 16:50:04 [INFO] census_eda.ml.comparison: [TUNE] Best CV R² score: 0.1076
2025-12-17 16:50:04 [INFO] census_eda.ml.comparison: [TUNE] Searched 5 parameter combinations
2025-12-17 16:50:04 [INFO] census_eda.ml.comparison: [TUNE] Tuning hyperparameters for lasso...
2025-12-17 16:50:04 [INFO] census_eda.ml.regression: [TUNE] Data: 41,759 samples, 10 features
2025-12-17 16:50:04 [INFO] census_eda.ml.regression: [TUNE] Searching 5 combinations (5-fold CV = 25 fits)
2025-12-17 16:50:04 [INFO] census_eda.memory: tune_lasso:ENTER: 32739.8MB (delta: +0.0MB)
2025-12-17 16:50:05 [WARNING] census_eda.memory: Memory usage (32739.8MB) exceeded threshold (16000MB)
2025-12-17 16:50:05 [INFO] census_eda.memory: tune_lasso:EXIT: 32739.8MB (delta: +0.0MB)
2025-12-17 16:50:05 [INFO] census_eda.ml.comparison: [TUNE] Best params for lasso: {'alpha': 10.0}
2025-12-17 16:50:05 [INFO] census_eda.ml.comparison: [TUNE] Best CV R² score: 0.1076
2025-12-17 16:50:05 [INFO] census_eda.ml.comparison: [TUNE] Searched 5 parameter combinations
2025-12-17 16:50:06 [INFO] census_eda.ml.comparison: [TUNE] Tuning hyperparameters for random_forest...
2025-12-17 16:50:06 [INFO] census_eda.memory: [ML-TUNE] Limiting samples: 41,759 -> 25,000 (120 total fits from 24 combos × 5 folds)
2025-12-17 16:50:06 [INFO] census_eda.ml.regression: [TUNE] Data: 25,000 samples, 10 features
2025-12-17 16:50:06 [INFO] census_eda.ml.regression: [TUNE] Searching 24 combinations (5-fold CV = 120 fits)
2025-12-17 16:50:06 [INFO] census_eda.memory: tune_random_forest:ENTER: 32739.8MB (delta: +0.0MB)
2025-12-17 16:50:09 [WARNING] census_eda.memory: Memory usage (32740.0MB) exceeded threshold (16000MB)
2025-12-17 16:50:09 [INFO] census_eda.memory: tune_random_forest:EXIT: 32740.0MB (delta: +0.2MB)
