2025-12-17 13:38:00 [INFO] census_eda: Logging context set: state=Illinois, survey=population, scope=5-year
2025-12-17 13:38:00 [INFO] census_eda: Log file: ./logs/Illinois/5-year/population/5-year_population_25_12_17_1338.log
2025-12-17 13:38:00 [INFO] census_eda.main: ======================================================================
2025-12-17 13:38:00 [INFO] census_eda.main: [POPULATION] Processing Illinois (5-year)...
2025-12-17 13:38:00 [INFO] census_eda.main: ======================================================================
2025-12-17 13:38:00 [INFO] census_eda.memory: process_Illinois_population_5-year:ENTER: 18471.7MB (delta: -68.8MB)
2025-12-17 13:38:00 [VERBOSE] census_eda.processing.loader: Searching for population files with scope 5-year...
2025-12-17 13:38:00 [VERBOSE] census_eda.processing.loader: Pattern: /data/temp/census/raw/acs/population/5-Year/17/*/*.csv
2025-12-17 13:38:00 [VERBOSE] census_eda.processing.loader: Found 15 file(s) to load
2025-12-17 13:38:00 [VERBOSE] census_eda.processing.loader: Loading file 1/15: ss12pil.csv
2025-12-17 13:38:15 [VERBOSE] census_eda.processing.loader:   Applied 2012 era schema (Population5Year)
2025-12-17 13:38:15 [VERBOSE] census_eda.processing.loader:   -> Loaded 634,188 rows, 260 columns
2025-12-17 13:38:15 [VERBOSE] census_eda.processing.loader: Loading file 2/15: psam_p17.csv
2025-12-17 13:38:28 [VERBOSE] census_eda.processing.loader:   Applied 2017 era schema (Population5Year)
2025-12-17 13:38:28 [VERBOSE] census_eda.processing.loader:   -> Loaded 634,178 rows, 260 columns
2025-12-17 13:38:28 [VERBOSE] census_eda.processing.loader: Loading file 3/15: ss14pil.csv
2025-12-17 13:38:42 [VERBOSE] census_eda.processing.loader:   Applied 2014 era schema (Population5Year)
2025-12-17 13:38:42 [VERBOSE] census_eda.processing.loader:   -> Loaded 635,532 rows, 260 columns
2025-12-17 13:38:42 [VERBOSE] census_eda.processing.loader: Loading file 4/15: ss13pil.csv
2025-12-17 13:38:55 [VERBOSE] census_eda.processing.loader:   Applied 2013 era schema (Population5Year)
2025-12-17 13:38:55 [VERBOSE] census_eda.processing.loader:   -> Loaded 635,640 rows, 260 columns
2025-12-17 13:38:55 [VERBOSE] census_eda.processing.loader: Loading file 5/15: ss09pil.csv
2025-12-17 13:39:08 [VERBOSE] census_eda.processing.loader:   Applied 2009 era schema (Population5Year)
2025-12-17 13:39:08 [VERBOSE] census_eda.processing.loader:   -> Loaded 630,521 rows, 260 columns
2025-12-17 13:39:08 [VERBOSE] census_eda.processing.loader: Loading file 6/15: psam_p17.csv
2025-12-17 13:39:20 [VERBOSE] census_eda.processing.loader:   Applied 2018 era schema (Population5Year)
2025-12-17 13:39:20 [VERBOSE] census_eda.processing.loader:   -> Loaded 632,564 rows, 260 columns
2025-12-17 13:39:20 [VERBOSE] census_eda.processing.loader: Loading file 7/15: ss16pil.csv
2025-12-17 13:39:34 [VERBOSE] census_eda.processing.loader:   Applied 2016 era schema (Population5Year)
2025-12-17 13:39:34 [VERBOSE] census_eda.processing.loader:   -> Loaded 634,904 rows, 260 columns
2025-12-17 13:39:34 [VERBOSE] census_eda.processing.loader: Loading file 8/15: psam_p17.csv
2025-12-17 13:39:53 [VERBOSE] census_eda.processing.loader:   Applied 2019 era schema (Population5Year)
2025-12-17 13:39:53 [VERBOSE] census_eda.processing.loader:   -> Loaded 630,921 rows, 260 columns
2025-12-17 13:39:53 [VERBOSE] census_eda.processing.loader: Loading file 9/15: psam_p17.csv
2025-12-17 13:40:11 [VERBOSE] census_eda.processing.loader:   Applied 2022 era schema (Population5Year)
2025-12-17 13:40:11 [VERBOSE] census_eda.processing.loader:   -> Loaded 622,728 rows, 260 columns
2025-12-17 13:40:11 [VERBOSE] census_eda.processing.loader: Loading file 10/15: psam_p17.csv
2025-12-17 13:40:26 [VERBOSE] census_eda.processing.loader:   Applied 2021 era schema (Population5Year)
2025-12-17 13:40:26 [VERBOSE] census_eda.processing.loader:   -> Loaded 621,164 rows, 260 columns
2025-12-17 13:40:26 [VERBOSE] census_eda.processing.loader: Loading file 11/15: psam_p17.csv
2025-12-17 13:40:41 [VERBOSE] census_eda.processing.loader:   Applied 2020 era schema (Population5Year)
2025-12-17 13:40:41 [VERBOSE] census_eda.processing.loader:   -> Loaded 620,875 rows, 260 columns
2025-12-17 13:40:41 [VERBOSE] census_eda.processing.loader: Loading file 12/15: psam_p17.csv
2025-12-17 13:40:58 [VERBOSE] census_eda.processing.loader:   Applied 2023 era schema (Population5Year)
2025-12-17 13:40:58 [VERBOSE] census_eda.processing.loader:   -> Loaded 623,757 rows, 260 columns
2025-12-17 13:40:58 [VERBOSE] census_eda.processing.loader: Loading file 13/15: ss15pil.csv
2025-12-17 13:41:15 [VERBOSE] census_eda.processing.loader:   Applied 2015 era schema (Population5Year)
2025-12-17 13:41:15 [VERBOSE] census_eda.processing.loader:   -> Loaded 635,604 rows, 260 columns
2025-12-17 13:41:15 [VERBOSE] census_eda.processing.loader: Loading file 14/15: ss10pil.csv
2025-12-17 13:41:31 [VERBOSE] census_eda.processing.loader:   Applied 2010 era schema (Population5Year)
2025-12-17 13:41:31 [VERBOSE] census_eda.processing.loader:   -> Loaded 634,017 rows, 260 columns
2025-12-17 13:41:31 [VERBOSE] census_eda.processing.loader: Loading file 15/15: ss11pil.csv
2025-12-17 13:41:48 [VERBOSE] census_eda.processing.loader:   Applied 2011 era schema (Population5Year)
2025-12-17 13:41:48 [VERBOSE] census_eda.processing.loader:   -> Loaded 634,438 rows, 260 columns
2025-12-17 13:41:48 [VERBOSE] census_eda.processing.loader: Successfully loaded 15 dataframe(s)
2025-12-17 13:44:03 [VERBOSE] census_eda.processing.loader: Combined into 9,461,031 total rows, 260 columns
2025-12-17 13:44:03 [INFO] census_eda.main: Loaded 9,461,031 records
2025-12-17 13:44:03 [DEBUG] census_eda.main: CENSUS_YEAR_TRACK After schema application: 9461031 valid, 15 unique
2025-12-17 13:44:09 [INFO] census_eda.feature_engineering: [FE] Creating all engineered features...
