2025-12-15 14:04:05 [INFO] census_eda: Logging context set: state=Colorado, survey=population, scope=5-year
2025-12-15 14:04:05 [INFO] census_eda: Log file: ./logs/Colorado/5-year/population/5-year_population_25_12_15_1404.log
2025-12-15 14:04:05 [INFO] census_eda.main: ======================================================================
2025-12-15 14:04:05 [INFO] census_eda.main: [POPULATION] Processing Colorado (5-year)...
2025-12-15 14:04:05 [INFO] census_eda.main: ======================================================================
2025-12-15 14:04:05 [INFO] census_eda.memory: process_Colorado_population_5-year:ENTER: 9339.3MB (delta: -24.6MB)
2025-12-15 14:04:05 [VERBOSE] census_eda.processing.loader: Searching for population files with scope 5-year...
2025-12-15 14:04:05 [VERBOSE] census_eda.processing.loader: Pattern: /data/temp/census/raw/acs/population/5-Year/08/*/*.csv
2025-12-15 14:04:05 [VERBOSE] census_eda.processing.loader: Found 15 file(s) to load
2025-12-15 14:04:05 [VERBOSE] census_eda.processing.loader: Loading file 1/15: ss12pco.csv
2025-12-15 14:04:10 [VERBOSE] census_eda.processing.loader:   Applied 2012 era schema (Population5Year)
2025-12-15 14:04:10 [VERBOSE] census_eda.processing.loader:   -> Loaded 250,119 rows, 260 columns
2025-12-15 14:04:10 [VERBOSE] census_eda.processing.loader: Loading file 2/15: psam_p08.csv
2025-12-15 14:04:16 [VERBOSE] census_eda.processing.loader:   Applied 2017 era schema (Population5Year)
2025-12-15 14:04:16 [VERBOSE] census_eda.processing.loader:   -> Loaded 268,777 rows, 260 columns
2025-12-15 14:04:16 [VERBOSE] census_eda.processing.loader: Loading file 3/15: ss14pco.csv
2025-12-15 14:04:21 [VERBOSE] census_eda.processing.loader:   Applied 2014 era schema (Population5Year)
2025-12-15 14:04:21 [VERBOSE] census_eda.processing.loader:   -> Loaded 256,914 rows, 260 columns
2025-12-15 14:04:21 [VERBOSE] census_eda.processing.loader: Loading file 4/15: ss13pco.csv
2025-12-15 14:04:27 [VERBOSE] census_eda.processing.loader:   Applied 2013 era schema (Population5Year)
2025-12-15 14:04:27 [VERBOSE] census_eda.processing.loader:   -> Loaded 253,419 rows, 260 columns
2025-12-15 14:04:27 [VERBOSE] census_eda.processing.loader: Loading file 5/15: ss09pco.csv
2025-12-15 14:04:31 [VERBOSE] census_eda.processing.loader:   Applied 2009 era schema (Population5Year)
2025-12-15 14:04:31 [VERBOSE] census_eda.processing.loader:   -> Loaded 240,611 rows, 260 columns
2025-12-15 14:04:31 [VERBOSE] census_eda.processing.loader: Loading file 6/15: psam_p08.csv
2025-12-15 14:04:37 [VERBOSE] census_eda.processing.loader:   Applied 2018 era schema (Population5Year)
2025-12-15 14:04:37 [VERBOSE] census_eda.processing.loader:   -> Loaded 272,598 rows, 260 columns
2025-12-15 14:04:37 [VERBOSE] census_eda.processing.loader: Loading file 7/15: ss16pco.csv
2025-12-15 14:04:43 [VERBOSE] census_eda.processing.loader:   Applied 2016 era schema (Population5Year)
2025-12-15 14:04:43 [VERBOSE] census_eda.processing.loader:   -> Loaded 264,499 rows, 260 columns
2025-12-15 14:04:43 [VERBOSE] census_eda.processing.loader: Loading file 8/15: psam_p08.csv
2025-12-15 14:04:49 [VERBOSE] census_eda.processing.loader:   Applied 2019 era schema (Population5Year)
2025-12-15 14:04:49 [VERBOSE] census_eda.processing.loader:   -> Loaded 276,811 rows, 260 columns
2025-12-15 14:04:49 [VERBOSE] census_eda.processing.loader: Loading file 9/15: psam_p08.csv
2025-12-15 14:04:55 [VERBOSE] census_eda.processing.loader:   Applied 2022 era schema (Population5Year)
2025-12-15 14:04:55 [VERBOSE] census_eda.processing.loader:   -> Loaded 279,359 rows, 260 columns
2025-12-15 14:04:55 [VERBOSE] census_eda.processing.loader: Loading file 10/15: psam_p08.csv
2025-12-15 14:05:01 [VERBOSE] census_eda.processing.loader:   Applied 2021 era schema (Population5Year)
2025-12-15 14:05:01 [VERBOSE] census_eda.processing.loader:   -> Loaded 275,118 rows, 260 columns
2025-12-15 14:05:01 [VERBOSE] census_eda.processing.loader: Loading file 11/15: psam_p08.csv
2025-12-15 14:05:07 [VERBOSE] census_eda.processing.loader:   Applied 2020 era schema (Population5Year)
2025-12-15 14:05:07 [VERBOSE] census_eda.processing.loader:   -> Loaded 271,558 rows, 260 columns
2025-12-15 14:05:07 [VERBOSE] census_eda.processing.loader: Loading file 12/15: psam_p08.csv
2025-12-15 14:05:13 [VERBOSE] census_eda.processing.loader:   Applied 2023 era schema (Population5Year)
2025-12-15 14:05:13 [VERBOSE] census_eda.processing.loader:   -> Loaded 284,327 rows, 260 columns
2025-12-15 14:05:13 [VERBOSE] census_eda.processing.loader: Loading file 13/15: ss15pco.csv
2025-12-15 14:05:19 [VERBOSE] census_eda.processing.loader:   Applied 2015 era schema (Population5Year)
2025-12-15 14:05:19 [VERBOSE] census_eda.processing.loader:   -> Loaded 260,753 rows, 260 columns
2025-12-15 14:05:19 [VERBOSE] census_eda.processing.loader: Loading file 14/15: ss10pco.csv
2025-12-15 14:05:24 [VERBOSE] census_eda.processing.loader:   Applied 2010 era schema (Population5Year)
2025-12-15 14:05:24 [VERBOSE] census_eda.processing.loader:   -> Loaded 244,248 rows, 260 columns
2025-12-15 14:05:24 [VERBOSE] census_eda.processing.loader: Loading file 15/15: ss11pco.csv
2025-12-15 14:05:29 [VERBOSE] census_eda.processing.loader:   Applied 2011 era schema (Population5Year)
2025-12-15 14:05:29 [VERBOSE] census_eda.processing.loader:   -> Loaded 247,053 rows, 260 columns
2025-12-15 14:05:29 [VERBOSE] census_eda.processing.loader: Successfully loaded 15 dataframe(s)
2025-12-15 14:05:55 [VERBOSE] census_eda.processing.loader: Combined into 3,946,164 total rows, 260 columns
2025-12-15 14:05:55 [INFO] census_eda.main: Loaded 3,946,164 records
2025-12-15 14:05:55 [DEBUG] census_eda.main: CENSUS_YEAR_TRACK After schema application: 3946164 valid, 15 unique
2025-12-15 14:05:56 [INFO] census_eda.feature_engineering: [FE] Creating all engineered features...
2025-12-15 14:06:01 [DEBUG] census_eda.feature_engineering: Created affordability indices: []
2025-12-15 14:06:02 [DEBUG] census_eda.feature_engineering: Created poverty indices with poverty line $15,000
2025-12-15 14:06:02 [DEBUG] census_eda.feature_engineering: Housing quality index: Skipped for non-housing survey
2025-12-15 14:06:06 [DEBUG] census_eda.feature_engineering: Created disability severity features: ['Disability_Count', 'Disability_Severity', 'Has_Multiple_Disabilities']
2025-12-15 14:06:07 [DEBUG] census_eda.feature_engineering: Created disability-employment features: ['Has_Disability', 'Is_Employed', 'Disability_Employment_Interaction']
2025-12-15 14:06:16 [DEBUG] census_eda.feature_engineering: Created insurance coverage features: ['Insurance_Coverage_Count', 'Private_Insurance_Count', 'Public_Insurance_Count']
2025-12-15 14:06:16 [DEBUG] census_eda.feature_engineering: Created uninsured features: ['Is_Uninsured', 'Vulnerable_Uninsured']
2025-12-15 14:06:18 [DEBUG] census_eda.feature_engineering: Created Industry_Sector_2007 from Industry_Code_2007
2025-12-15 14:06:19 [DEBUG] census_eda.feature_engineering: Created Industry_Sector_2002 from Industry_Code_2002
2025-12-15 14:06:20 [DEBUG] census_eda.feature_engineering: Created Industry_Sector from Industry_Code
2025-12-15 14:06:22 [DEBUG] census_eda.feature_engineering: Created Occupation_Skill_Level_2010 from Occupation_Code_2010
2025-12-15 14:06:23 [DEBUG] census_eda.feature_engineering: Created Occupation_Skill_Level_2002 from Occupation_Code_2002
2025-12-15 14:06:24 [DEBUG] census_eda.feature_engineering: Created Occupation_Skill_Level from Occupation_Code
2025-12-15 14:06:26 [DEBUG] census_eda.feature_engineering: Created STEM category features from Field_Of_Degree_1
2025-12-15 14:06:26 [INFO] census_eda.feature_engineering: [FE] Feature engineering complete. Created 29 features.
2025-12-15 14:06:26 [DEBUG] census_eda.main: Feature engineering complete: (3946164, 292)
2025-12-15 14:06:26 [DEBUG] census_eda.main: Running comprehensive analysis suite...
2025-12-15 14:06:26 [DEBUG] census_eda.main: Using sample weights from 'Person_Weight' column
2025-12-15 14:15:15 [INFO] census_eda.main: [VISUALS] Creating comprehensive visualization suite for POPULATION...
2025-12-15 14:15:15 [VERBOSE] census_eda.visualization.orchestrator: Creating temporal visualizations...
2025-12-15 14:15:15 [VERBOSE] census_eda.visualization.temporal: _plot_sample_counts: df.shape=(3946164, 292)
2025-12-15 14:15:15 [VERBOSE] census_eda.visualization.temporal: 'Census_Year' in columns: True
2025-12-15 14:15:15 [VERBOSE] census_eda.visualization.temporal: Census_Year counts: 15 unique years, total records: 3946164
2025-12-15 14:15:15 [VERBOSE] census_eda.visualization.temporal: Year range: 2009 to 2023
2025-12-15 14:15:15 [VERBOSE] census_eda.visualization.temporal: _year_distribution: df.shape=(3946164, 292)
2025-12-15 14:15:15 [VERBOSE] census_eda.visualization.temporal: Year distribution: {np.int64(2009): np.int64(240611), np.int64(2010): np.int64(244248), np.int64(2011): np.int64(247053), np.int64(2012): np.int64(250119), np.int64(2013): np.int64(253419), np.int64(2014): np.int64(256914), np.int64(2015): np.int64(260753), np.int64(2016): np.int64(264499), np.int64(2017): np.int64(268777), np.int64(2018): np.int64(272598), np.int64(2019): np.int64(276811), np.int64(2020): np.int64(271558), np.int64(2021): np.int64(275118), np.int64(2022): np.int64(279359), np.int64(2023): np.int64(284327)}
2025-12-15 14:15:15 [VERBOSE] census_eda.visualization.temporal: _temporal_comparison: df.shape=(3946164, 292)
2025-12-15 14:15:16 [VERBOSE] census_eda.visualization.temporal: _get_key_numeric_cols: 270 numeric columns total
2025-12-15 14:15:16 [VERBOSE] census_eda.visualization.temporal: Numeric columns: ['Census_Year', 'Person_Number', 'Public_Use_Microdata_Area', 'State_Code', 'Income_Adjustment_Factor', 'Person_Weight', 'Age', 'Citizenship_Status', 'Class_of_Worker', 'English_Speaking_Ability', 'Fertility_Status', 'Marital_Status', 'Mobility_Status', 'Military_Service', 'Travel_Time_To_Work_Minutes', 'Vehicle_Occupancy', 'Transportation_To_Work', 'Language_Other_Than_English', 'Grandparents_Living_With_Grandchildren', 'Months_Responsible_For_Grandchildren']...
2025-12-15 14:15:16 [VERBOSE] census_eda.visualization.temporal: Matched key columns: ['Person_Number', 'Person_Weight', 'Age', 'Travel_Time_To_Work_Minutes', 'Interest_Dividend_Rental_Income', 'Other_Income', 'Public_Assistance_Income', 'Retirement_Income', 'Self_Employment_Income', 'Supplemental_Security_Income', 'Social_Security_Income', 'Wage_Income']
2025-12-15 14:15:16 [VERBOSE] census_eda.visualization.temporal: Key numeric columns found: ['Person_Number', 'Person_Weight', 'Age', 'Travel_Time_To_Work_Minutes', 'Interest_Dividend_Rental_Income', 'Other_Income', 'Public_Assistance_Income', 'Retirement_Income', 'Self_Employment_Income', 'Supplemental_Security_Income', 'Social_Security_Income', 'Wage_Income']
2025-12-15 14:15:16 [VERBOSE] census_eda.visualization.temporal: _plot_metric_trend for column 'Person_Number'
2025-12-15 14:15:17 [VERBOSE] census_eda.visualization.temporal: Column 'Person_Number': 3946164 non-null values (zeros excluded if needed)
2025-12-15 14:15:17 [VERBOSE] census_eda.visualization.temporal: Value range: 1.00 to 20.00
2025-12-15 14:15:17 [VERBOSE] census_eda.visualization.temporal: _plot_metric_trend for column 'Person_Weight'
2025-12-15 14:15:18 [VERBOSE] census_eda.visualization.temporal: Column 'Person_Weight': 3946164 non-null values (zeros excluded if needed)
2025-12-15 14:15:18 [VERBOSE] census_eda.visualization.temporal: Value range: 1.00 to 878.00
2025-12-15 14:15:19 [VERBOSE] census_eda.visualization.temporal: _plot_metric_trend for column 'Age'
2025-12-15 14:15:20 [VERBOSE] census_eda.visualization.temporal: Column 'Age': 3946164 non-null values (zeros excluded if needed)
2025-12-15 14:15:20 [VERBOSE] census_eda.visualization.temporal: Value range: 0.00 to 93.00
2025-12-15 14:15:20 [VERBOSE] census_eda.visualization.temporal: _plot_metric_trend for column 'Travel_Time_To_Work_Minutes'
2025-12-15 14:15:22 [VERBOSE] census_eda.visualization.temporal: Column 'Travel_Time_To_Work_Minutes': 1747316 non-null values (zeros excluded if needed)
2025-12-15 14:15:22 [VERBOSE] census_eda.visualization.temporal: Value range: 1.00 to 194.00
2025-12-15 14:15:23 [VERBOSE] census_eda.visualization.temporal: _plot_metric_trend for column 'Interest_Dividend_Rental_Income'
2025-12-15 14:15:24 [VERBOSE] census_eda.visualization.temporal: Column 'Interest_Dividend_Rental_Income': 537636 non-null values (zeros excluded if needed)
2025-12-15 14:15:24 [VERBOSE] census_eda.visualization.temporal: Value range: 1.00 to 386000.00
2025-12-15 14:15:24 [VERBOSE] census_eda.visualization.temporal: _plot_metric_trend for column 'Other_Income'
2025-12-15 14:15:25 [VERBOSE] census_eda.visualization.temporal: Column 'Other_Income': 218789 non-null values (zeros excluded if needed)
2025-12-15 14:15:25 [VERBOSE] census_eda.visualization.temporal: Value range: 4.00 to 80000.00
2025-12-15 14:15:25 [VERBOSE] census_eda.visualization.temporal: _plot_metric_trend for column 'Public_Assistance_Income'
2025-12-15 14:15:25 [VERBOSE] census_eda.visualization.temporal: Column 'Public_Assistance_Income': 37436 non-null values (zeros excluded if needed)
2025-12-15 14:15:25 [VERBOSE] census_eda.visualization.temporal: Value range: 4.00 to 30000.00
2025-12-15 14:15:25 [VERBOSE] census_eda.visualization.temporal: _plot_metric_trend for column 'Retirement_Income'
2025-12-15 14:15:26 [VERBOSE] census_eda.visualization.temporal: Column 'Retirement_Income': 381542 non-null values (zeros excluded if needed)
2025-12-15 14:15:26 [VERBOSE] census_eda.visualization.temporal: Value range: 4.00 to 186000.00
2025-12-15 14:15:26 [VERBOSE] census_eda.visualization.temporal: _plot_metric_trend for column 'Self_Employment_Income'
2025-12-15 14:15:27 [VERBOSE] census_eda.visualization.temporal: Column 'Self_Employment_Income': 245282 non-null values (zeros excluded if needed)
2025-12-15 14:15:27 [VERBOSE] census_eda.visualization.temporal: Value range: 1.00 to 382000.00
2025-12-15 14:15:27 [VERBOSE] census_eda.visualization.temporal: _plot_metric_trend for column 'Supplemental_Security_Income'
2025-12-15 14:15:27 [VERBOSE] census_eda.visualization.temporal: Column 'Supplemental_Security_Income': 63910 non-null values (zeros excluded if needed)
2025-12-15 14:15:27 [VERBOSE] census_eda.visualization.temporal: Value range: 4.00 to 30000.00
2025-12-15 14:15:27 [VERBOSE] census_eda.visualization.temporal: _plot_metric_trend for column 'Social_Security_Income'
2025-12-15 14:15:29 [VERBOSE] census_eda.visualization.temporal: Column 'Social_Security_Income': 631389 non-null values (zeros excluded if needed)
2025-12-15 14:15:29 [VERBOSE] census_eda.visualization.temporal: Value range: 4.00 to 50000.00
2025-12-15 14:15:29 [VERBOSE] census_eda.visualization.temporal: _plot_metric_trend for column 'Wage_Income'
2025-12-15 14:15:31 [VERBOSE] census_eda.visualization.temporal: Column 'Wage_Income': 2067470 non-null values (zeros excluded if needed)
2025-12-15 14:15:31 [VERBOSE] census_eda.visualization.temporal: Value range: 4.00 to 636000.00
2025-12-15 14:15:32 [VERBOSE] census_eda.visualization.orchestrator: Creating economic visualizations...
2025-12-15 14:15:58 [VERBOSE] census_eda.visualization.orchestrator: Creating correlation visualizations...
2025-12-15 14:15:58 [VERBOSE] census_eda.visualization.correlation: Creating correlation heatmap...
2025-12-15 14:15:59 [VERBOSE] census_eda.visualization.correlation: Creating heatmap with 10 columns
2025-12-15 14:16:00 [VERBOSE] census_eda.visualization.correlation: Creating scatter matrix...
2025-12-15 14:16:01 [DEBUG] census_eda.memory: Skipping sampling: 22843MB available (>16GB)
2025-12-15 14:16:01 [VERBOSE] census_eda.visualization.correlation: Creating scatter matrix with 8 columns, 3946164 rows
2025-12-15 14:28:01 [VERBOSE] census_eda.visualization.orchestrator: Creating statistical distribution visualizations...
2025-12-15 14:28:02 [VERBOSE] census_eda.visualization.statistical: _box_plots: df.shape=(3946164, 292)
2025-12-15 14:28:02 [VERBOSE] census_eda.visualization.statistical: Key columns for box plots: ['Person_Number', 'Person_Weight', 'Age', 'Travel_Time_To_Work_Minutes', 'Interest_Dividend_Rental_Income', 'Other_Income', 'Public_Assistance_Income', 'Retirement_Income', 'Self_Employment_Income', 'Supplemental_Security_Income', 'Social_Security_Income', 'Wage_Income', 'Hours_Worked_Per_Week', 'Weeks_Worked_Past_Year', 'Employment_Status_Parents', 'Employment_Status_Recode']
2025-12-15 14:28:02 [VERBOSE] census_eda.visualization.statistical: Box plot for 'Person_Number': 3946164 non-null values
2025-12-15 14:28:02 [VERBOSE] census_eda.visualization.statistical: Data range: 1.00 to 20.00
2025-12-15 14:28:02 [VERBOSE] census_eda.visualization.statistical: Box plot for 'Person_Weight': 3946164 non-null values
2025-12-15 14:28:02 [VERBOSE] census_eda.visualization.statistical: Data range: 1.00 to 878.00
2025-12-15 14:28:02 [VERBOSE] census_eda.visualization.statistical: Box plot for 'Age': 3946164 non-null values
2025-12-15 14:28:02 [VERBOSE] census_eda.visualization.statistical: Data range: 0.00 to 93.00
2025-12-15 14:28:03 [VERBOSE] census_eda.visualization.statistical: Box plot for 'Travel_Time_To_Work_Minutes': 1747316 non-null values
2025-12-15 14:28:03 [VERBOSE] census_eda.visualization.statistical: Data range: 1.00 to 194.00
2025-12-15 14:28:04 [VERBOSE] census_eda.visualization.statistical: Box plot for 'Interest_Dividend_Rental_Income': 537636 non-null values
2025-12-15 14:28:04 [VERBOSE] census_eda.visualization.statistical: Data range: 1.00 to 386000.00
2025-12-15 14:28:04 [VERBOSE] census_eda.visualization.statistical: Box plot for 'Other_Income': 218789 non-null values
2025-12-15 14:28:04 [VERBOSE] census_eda.visualization.statistical: Data range: 4.00 to 80000.00
2025-12-15 14:28:04 [VERBOSE] census_eda.visualization.statistical: Box plot for 'Public_Assistance_Income': 37436 non-null values
2025-12-15 14:28:04 [VERBOSE] census_eda.visualization.statistical: Data range: 4.00 to 30000.00
2025-12-15 14:28:04 [VERBOSE] census_eda.visualization.statistical: Box plot for 'Retirement_Income': 381542 non-null values
2025-12-15 14:28:04 [VERBOSE] census_eda.visualization.statistical: Data range: 4.00 to 186000.00
2025-12-15 14:28:05 [VERBOSE] census_eda.visualization.statistical: Box plot for 'Self_Employment_Income': 245282 non-null values
2025-12-15 14:28:05 [VERBOSE] census_eda.visualization.statistical: Data range: 1.00 to 382000.00
2025-12-15 14:28:05 [VERBOSE] census_eda.visualization.statistical: Box plot for 'Supplemental_Security_Income': 63910 non-null values
2025-12-15 14:28:05 [VERBOSE] census_eda.visualization.statistical: Data range: 4.00 to 30000.00
2025-12-15 14:28:05 [VERBOSE] census_eda.visualization.statistical: Box plot for 'Social_Security_Income': 631389 non-null values
2025-12-15 14:28:05 [VERBOSE] census_eda.visualization.statistical: Data range: 4.00 to 50000.00
2025-12-15 14:28:05 [VERBOSE] census_eda.visualization.statistical: Box plot for 'Wage_Income': 2067470 non-null values
2025-12-15 14:28:05 [VERBOSE] census_eda.visualization.statistical: Data range: 4.00 to 636000.00
2025-12-15 14:28:06 [VERBOSE] census_eda.visualization.statistical: Box plot for 'Hours_Worked_Per_Week': 2213729 non-null values
2025-12-15 14:28:06 [VERBOSE] census_eda.visualization.statistical: Data range: 1.00 to 99.00
2025-12-15 14:28:06 [VERBOSE] census_eda.visualization.statistical: Box plot for 'Weeks_Worked_Past_Year': 2053626 non-null values
2025-12-15 14:28:06 [VERBOSE] census_eda.visualization.statistical: Data range: 1.00 to 6.00
2025-12-15 14:28:06 [VERBOSE] census_eda.visualization.statistical: Box plot for 'Employment_Status_Parents': 815350 non-null values
2025-12-15 14:28:06 [VERBOSE] census_eda.visualization.statistical: Data range: 1.00 to 8.00
2025-12-15 14:28:06 [VERBOSE] census_eda.visualization.statistical: Box plot for 'Employment_Status_Recode': 3192781 non-null values
2025-12-15 14:28:06 [VERBOSE] census_eda.visualization.statistical: Data range: 1.00 to 6.00
2025-12-15 14:28:13 [VERBOSE] census_eda.visualization.orchestrator: Creating advanced visualizations (violin, ridge, radar)...
2025-12-15 14:28:35 [VERBOSE] census_eda.visualization.orchestrator: Creating year-over-year change visualizations...
2025-12-15 14:29:06 [VERBOSE] census_eda.visualization.orchestrator: Creating outlier and anomaly detection visualizations...
2025-12-15 14:30:13 [VERBOSE] census_eda.visualization.orchestrator: Creating demographics visualizations...
2025-12-15 14:30:13 [VERBOSE] census_eda.visualization.demographics: Creating demographics visualizations...
2025-12-15 14:30:13 [VERBOSE] census_eda.visualization.demographics: Creating age pyramid visualization...
2025-12-15 14:30:15 [VERBOSE] census_eda.visualization.demographics: Creating education distribution visualization...
2025-12-15 14:30:15 [VERBOSE] census_eda.visualization.demographics: Creating marital status trends visualization...
2025-12-15 14:30:15 [VERBOSE] census_eda.visualization.demographics: Creating citizenship patterns visualization...
2025-12-15 14:30:16 [VERBOSE] census_eda.visualization.orchestrator: Creating transportation visualizations...
2025-12-15 14:30:16 [VERBOSE] census_eda.visualization.transport: Creating transportation visualizations...
2025-12-15 14:30:16 [VERBOSE] census_eda.visualization.transport: Creating travel time distribution histogram...
2025-12-15 14:30:16 [VERBOSE] census_eda.visualization.transport: Creating transportation mode bar chart...
2025-12-15 14:30:16 [VERBOSE] census_eda.visualization.transport: Creating commute trends over time...
2025-12-15 14:30:19 [VERBOSE] census_eda.visualization.orchestrator: Creating income composition visualizations...
2025-12-15 14:30:19 [VERBOSE] census_eda.visualization.income: Creating income visualizations...
2025-12-15 14:30:19 [VERBOSE] census_eda.visualization.income: Creating income sources stacked area chart...
2025-12-15 14:30:21 [VERBOSE] census_eda.visualization.income: Creating income by source histograms for 5 sources...
2025-12-15 14:30:22 [VERBOSE] census_eda.visualization.orchestrator: Creating race & ethnicity visualizations...
2025-12-15 14:30:22 [VERBOSE] census_eda.visualization.demographics: Creating race/ethnicity visualizations...
2025-12-15 14:30:22 [VERBOSE] census_eda.visualization.demographics: Creating race distribution visualization...
2025-12-15 14:30:22 [VERBOSE] census_eda.visualization.demographics: Creating Hispanic origin trends visualization...
2025-12-15 14:30:23 [VERBOSE] census_eda.visualization.demographics: Creating diversity trends visualization...
2025-12-15 14:30:23 [VERBOSE] census_eda.visualization.orchestrator: Creating multi-variable interaction visualizations...
2025-12-15 14:30:23 [DEBUG] census_eda.memory: Skipping sampling: 22589MB available (>16GB)
2025-12-15 14:31:18 [VERBOSE] census_eda.visualization.orchestrator: Creating distribution comparison visualizations...
2025-12-15 14:31:18 [DEBUG] census_eda.memory: Skipping sampling: 22624MB available (>16GB)
2025-12-15 14:32:51 [VERBOSE] census_eda.visualization.orchestrator: Creating enhanced feature interaction visualizations...
2025-12-15 14:32:51 [DEBUG] census_eda.memory: Skipping sampling: 22604MB available (>16GB)
2025-12-15 14:32:59 [VERBOSE] census_eda.visualization.orchestrator: Creating inequality visualizations...
2025-12-15 14:33:31 [VERBOSE] census_eda.visualization.orchestrator: Creating occupation/industry visualizations...
2025-12-15 14:33:31 [VERBOSE] census_eda.visualization.occupation_industry: Creating occupation and industry visualizations...
2025-12-15 14:33:31 [VERBOSE] census_eda.visualization.occupation_industry: Creating industry sector distribution for Industry_Sector_2007...
2025-12-15 14:33:32 [VERBOSE] census_eda.visualization.occupation_industry: Creating industry sector distribution for Industry_Sector_2002...
2025-12-15 14:33:33 [VERBOSE] census_eda.visualization.occupation_industry: Creating industry sector distribution for Industry_Sector...
2025-12-15 14:33:33 [VERBOSE] census_eda.visualization.occupation_industry: Creating occupation skill distribution for Occupation_Skill_Level_2010...
2025-12-15 14:33:34 [VERBOSE] census_eda.visualization.occupation_industry: Creating occupation skill distribution for Occupation_Skill_Level_2002...
2025-12-15 14:33:34 [VERBOSE] census_eda.visualization.occupation_industry: Creating occupation skill distribution for Occupation_Skill_Level...
2025-12-15 14:33:35 [VERBOSE] census_eda.visualization.occupation_industry: Creating industry income relationship box plot...
2025-12-15 14:33:35 [VERBOSE] census_eda.visualization.occupation_industry: Creating industry trends over time...
2025-12-15 14:33:36 [VERBOSE] census_eda.visualization.occupation_industry: Creating occupation by sex distribution...
2025-12-15 14:33:36 [VERBOSE] census_eda.visualization.occupation_industry: Creating industry wage premium analysis...
2025-12-15 14:33:40 [VERBOSE] census_eda.visualization.occupation_industry: Creating occupation-education matrix heatmap...
2025-12-15 14:33:41 [VERBOSE] census_eda.visualization.orchestrator: Creating health insurance visualizations...
2025-12-15 14:33:41 [VERBOSE] census_eda.visualization.health_insurance: Creating health insurance visualizations...
2025-12-15 14:33:41 [VERBOSE] census_eda.visualization.health_insurance: Creating health insurance coverage overview...
2025-12-15 14:33:41 [VERBOSE] census_eda.visualization.health_insurance: Creating insurance type breakdown visualization...
2025-12-15 14:33:41 [VERBOSE] census_eda.visualization.health_insurance: Creating uninsured trends visualization...
2025-12-15 14:33:45 [VERBOSE] census_eda.visualization.health_insurance: Creating coverage by age visualization...
2025-12-15 14:33:52 [VERBOSE] census_eda.visualization.health_insurance: Creating public vs private insurance visualization...
2025-12-15 14:33:59 [VERBOSE] census_eda.visualization.health_insurance: Creating coverage by employment visualization...
2025-12-15 14:34:04 [VERBOSE] census_eda.visualization.health_insurance: Creating coverage by income quartile visualization...
2025-12-15 14:34:11 [VERBOSE] census_eda.visualization.orchestrator: Creating disability visualizations...
2025-12-15 14:34:11 [VERBOSE] census_eda.visualization.disability: Creating disability visualizations...
2025-12-15 14:34:11 [VERBOSE] census_eda.visualization.disability: Creating disability prevalence visualization...
2025-12-15 14:34:11 [VERBOSE] census_eda.visualization.disability: Creating disability types visualization...
2025-12-15 14:34:11 [VERBOSE] census_eda.visualization.disability: Creating disability by age visualization...
2025-12-15 14:34:18 [VERBOSE] census_eda.visualization.disability: Creating disability trends visualization...
2025-12-15 14:34:22 [VERBOSE] census_eda.visualization.disability: Creating multiple disabilities co-occurrence visualization...
2025-12-15 14:34:22 [VERBOSE] census_eda.visualization.disability: Creating disability employment visualization...
2025-12-15 14:34:25 [VERBOSE] census_eda.visualization.disability: Creating disability income gap visualization...
2025-12-15 14:34:28 [VERBOSE] census_eda.visualization.disability: Creating disability by education visualization...
2025-12-15 14:34:35 [VERBOSE] census_eda.visualization.orchestrator: Creating education field visualizations...
2025-12-15 14:34:43 [VERBOSE] census_eda.visualization.orchestrator: All visualizations complete!
2025-12-15 14:34:44 [VERBOSE] census_eda.visualization.orchestrator: Creating missing data analysis...
2025-12-15 14:34:46 [INFO] census_eda.main: SUCCESS: Visualizations saved to ./output/Colorado/population/5-year/figures
2025-12-15 14:34:46 [DEBUG] census_eda.memory: Skipping sampling: 22612MB available (>16GB)
2025-12-15 14:34:46 [INFO] census_eda.main: [ML] Running ML pipeline for POPULATION...
2025-12-15 14:34:46 [INFO] census_eda.main: [ML] Hyperparameter tuning ENABLED (this may take longer)
2025-12-15 14:34:47 [INFO] census_eda.memory: [ML-START]: 32459.5MB (delta: +23120.3MB)
2025-12-15 14:34:47 [INFO] census_eda.main: [ML] Starting regression training...
2025-12-15 14:34:47 [INFO] census_eda.main: [ML] Training regression models for target: Total_Person_Income
2025-12-15 14:34:47 [DEBUG] census_eda.main: [REGRESSION] Total_Person_Income: After zero-filter on target: 69137 samples (was 69162)
2025-12-15 14:34:47 [DEBUG] census_eda.main: [ML] Using sample weights from 'Person_Weight'
2025-12-15 14:34:47 [INFO] census_eda.ml.comparison: [TUNE] Tuning hyperparameters for ridge...
2025-12-15 14:34:47 [INFO] census_eda.ml.regression: [TUNE] Data: 69,137 samples, 10 features
2025-12-15 14:34:47 [INFO] census_eda.ml.regression: [TUNE] Searching 5 combinations (5-fold CV = 25 fits)
2025-12-15 14:34:48 [INFO] census_eda.ml.comparison: [TUNE] Best params for ridge: {'alpha': 100.0}
2025-12-15 14:34:48 [INFO] census_eda.ml.comparison: [TUNE] Best CV R² score: 0.1042
2025-12-15 14:34:48 [INFO] census_eda.ml.comparison: [TUNE] Searched 5 parameter combinations
2025-12-15 14:34:48 [INFO] census_eda.ml.comparison: [TUNE] Tuning hyperparameters for lasso...
2025-12-15 14:34:48 [INFO] census_eda.ml.regression: [TUNE] Data: 69,137 samples, 10 features
2025-12-15 14:34:48 [INFO] census_eda.ml.regression: [TUNE] Searching 5 combinations (5-fold CV = 25 fits)
2025-12-15 14:34:48 [INFO] census_eda.ml.comparison: [TUNE] Best params for lasso: {'alpha': 10.0}
2025-12-15 14:34:48 [INFO] census_eda.ml.comparison: [TUNE] Best CV R² score: 0.1041
2025-12-15 14:34:48 [INFO] census_eda.ml.comparison: [TUNE] Searched 5 parameter combinations
2025-12-15 14:34:48 [INFO] census_eda.ml.comparison: [TUNE] Tuning hyperparameters for random_forest...
2025-12-15 14:34:48 [INFO] census_eda.ml.regression: [TUNE] Data: 69,137 samples, 10 features
2025-12-15 14:34:48 [INFO] census_eda.ml.regression: [TUNE] Searching 24 combinations (5-fold CV = 120 fits)
2025-12-15 14:35:52 [INFO] census_eda.ml.comparison: [TUNE] Best params for random_forest: {'max_depth': None, 'min_samples_leaf': 1, 'min_samples_split': 2, 'n_estimators': 200}
2025-12-15 14:35:52 [INFO] census_eda.ml.comparison: [TUNE] Best CV R² score: 0.7113
2025-12-15 14:35:52 [INFO] census_eda.ml.comparison: [TUNE] Searched 24 parameter combinations
2025-12-15 14:35:57 [INFO] census_eda.ml.comparison: [TUNE] Tuning hyperparameters for gradient_boosting...
2025-12-15 14:35:57 [INFO] census_eda.ml.regression: [TUNE] Data: 69,137 samples, 10 features
2025-12-15 14:35:57 [INFO] census_eda.ml.regression: [TUNE] Searching 24 combinations (5-fold CV = 120 fits)
2025-12-15 14:36:45 [INFO] census_eda.ml.comparison: [TUNE] Best params for gradient_boosting: {'learning_rate': 0.3, 'max_depth': 7, 'n_estimators': 200, 'subsample': 0.8}
2025-12-15 14:36:45 [INFO] census_eda.ml.comparison: [TUNE] Best CV R² score: 0.5819
2025-12-15 14:36:45 [INFO] census_eda.ml.comparison: [TUNE] Searched 24 parameter combinations
2025-12-15 14:37:17 [INFO] census_eda.memory: [SHAP] Safe sample size: 13,828 -> 1,000
2025-12-15 14:37:17 [INFO] census_eda.ml.explainability: [SHAP] Sampled test data: 13,828 -> 1,000
2025-12-15 14:37:17 [INFO] census_eda.memory: SHAP_TreeExplainer:ENTER: 33122.1MB (delta: +662.6MB)
2025-12-15 14:37:17 [INFO] census_eda.ml.explainability: [SHAP] Computing TreeExplainer for 1,000 samples...
2025-12-15 14:41:21 [INFO] census_eda.memory: SHAP_TreeExplainer:EXIT: 33122.1MB (delta: +0.0MB)
2025-12-15 14:41:21 [INFO] census_eda.ml.explainability: [SHAP] TreeExplainer complete. Top feature: Age
2025-12-15 14:41:21 [INFO] census_eda.main: [SHAP] Generated explanation for random_forest
2025-12-15 14:41:21 [INFO] census_eda.main: [ML] Training regression models for target: Wage_Income
2025-12-15 14:41:21 [DEBUG] census_eda.main: [REGRESSION] Wage_Income: After zero-filter on target: 66775 samples (was 69162)
2025-12-15 14:41:22 [DEBUG] census_eda.main: [ML] Using sample weights from 'Person_Weight'
2025-12-15 14:41:22 [INFO] census_eda.ml.comparison: [TUNE] Tuning hyperparameters for ridge...
2025-12-15 14:41:22 [INFO] census_eda.ml.regression: [TUNE] Data: 66,775 samples, 10 features
2025-12-15 14:41:22 [INFO] census_eda.ml.regression: [TUNE] Searching 5 combinations (5-fold CV = 25 fits)
2025-12-15 14:41:22 [INFO] census_eda.ml.comparison: [TUNE] Best params for ridge: {'alpha': 100.0}
2025-12-15 14:41:22 [INFO] census_eda.ml.comparison: [TUNE] Best CV R² score: 0.1057
2025-12-15 14:41:22 [INFO] census_eda.ml.comparison: [TUNE] Searched 5 parameter combinations
2025-12-15 14:41:22 [INFO] census_eda.ml.comparison: [TUNE] Tuning hyperparameters for lasso...
2025-12-15 14:41:22 [INFO] census_eda.ml.regression: [TUNE] Data: 66,775 samples, 10 features
2025-12-15 14:41:22 [INFO] census_eda.ml.regression: [TUNE] Searching 5 combinations (5-fold CV = 25 fits)
2025-12-15 14:41:22 [INFO] census_eda.ml.comparison: [TUNE] Best params for lasso: {'alpha': 100.0}
2025-12-15 14:41:22 [INFO] census_eda.ml.comparison: [TUNE] Best CV R² score: 0.1057
2025-12-15 14:41:22 [INFO] census_eda.ml.comparison: [TUNE] Searched 5 parameter combinations
2025-12-15 14:41:23 [INFO] census_eda.ml.comparison: [TUNE] Tuning hyperparameters for random_forest...
2025-12-15 14:41:23 [INFO] census_eda.ml.regression: [TUNE] Data: 66,775 samples, 10 features
2025-12-15 14:41:23 [INFO] census_eda.ml.regression: [TUNE] Searching 24 combinations (5-fold CV = 120 fits)
2025-12-15 14:42:22 [INFO] census_eda.ml.comparison: [TUNE] Best params for random_forest: {'max_depth': 30, 'min_samples_leaf': 1, 'min_samples_split': 2, 'n_estimators': 200}
2025-12-15 14:42:22 [INFO] census_eda.ml.comparison: [TUNE] Best CV R² score: 0.7014
2025-12-15 14:42:22 [INFO] census_eda.ml.comparison: [TUNE] Searched 24 parameter combinations
2025-12-15 14:42:27 [INFO] census_eda.ml.comparison: [TUNE] Tuning hyperparameters for gradient_boosting...
2025-12-15 14:42:27 [INFO] census_eda.ml.regression: [TUNE] Data: 66,775 samples, 10 features
2025-12-15 14:42:27 [INFO] census_eda.ml.regression: [TUNE] Searching 24 combinations (5-fold CV = 120 fits)
2025-12-15 14:43:13 [INFO] census_eda.ml.comparison: [TUNE] Best params for gradient_boosting: {'learning_rate': 0.3, 'max_depth': 7, 'n_estimators': 200, 'subsample': 0.9}
2025-12-15 14:43:13 [INFO] census_eda.ml.comparison: [TUNE] Best CV R² score: 0.5762
2025-12-15 14:43:13 [INFO] census_eda.ml.comparison: [TUNE] Searched 24 parameter combinations
2025-12-15 14:43:46 [INFO] census_eda.memory: [SHAP] Safe sample size: 13,355 -> 1,000
2025-12-15 14:43:46 [INFO] census_eda.ml.explainability: [SHAP] Sampled test data: 13,355 -> 1,000
2025-12-15 14:43:46 [INFO] census_eda.memory: SHAP_TreeExplainer:ENTER: 33340.2MB (delta: +218.0MB)
2025-12-15 14:43:46 [INFO] census_eda.ml.explainability: [SHAP] Computing TreeExplainer for 1,000 samples...
2025-12-15 14:47:39 [INFO] census_eda.memory: SHAP_TreeExplainer:EXIT: 33340.2MB (delta: +0.0MB)
2025-12-15 14:47:39 [INFO] census_eda.ml.explainability: [SHAP] TreeExplainer complete. Top feature: Age
2025-12-15 14:47:39 [INFO] census_eda.main: [SHAP] Generated explanation for random_forest
2025-12-15 14:47:39 [INFO] census_eda.main: [ML] Training regression models for target: Total_Person_Earnings
2025-12-15 14:47:39 [DEBUG] census_eda.main: [REGRESSION] Total_Person_Earnings: After zero-filter on target: 69119 samples (was 69162)
2025-12-15 14:47:39 [DEBUG] census_eda.main: [ML] Using sample weights from 'Person_Weight'
2025-12-15 14:47:40 [INFO] census_eda.ml.comparison: [TUNE] Tuning hyperparameters for ridge...
2025-12-15 14:47:40 [INFO] census_eda.ml.regression: [TUNE] Data: 69,119 samples, 10 features
2025-12-15 14:47:40 [INFO] census_eda.ml.regression: [TUNE] Searching 5 combinations (5-fold CV = 25 fits)
2025-12-15 14:47:40 [INFO] census_eda.ml.comparison: [TUNE] Best params for ridge: {'alpha': 100.0}
2025-12-15 14:47:40 [INFO] census_eda.ml.comparison: [TUNE] Best CV R² score: 0.1014
2025-12-15 14:47:40 [INFO] census_eda.ml.comparison: [TUNE] Searched 5 parameter combinations
2025-12-15 14:47:40 [INFO] census_eda.ml.comparison: [TUNE] Tuning hyperparameters for lasso...
2025-12-15 14:47:40 [INFO] census_eda.ml.regression: [TUNE] Data: 69,119 samples, 10 features
2025-12-15 14:47:40 [INFO] census_eda.ml.regression: [TUNE] Searching 5 combinations (5-fold CV = 25 fits)
2025-12-15 14:47:40 [INFO] census_eda.ml.comparison: [TUNE] Best params for lasso: {'alpha': 10.0}
2025-12-15 14:47:40 [INFO] census_eda.ml.comparison: [TUNE] Best CV R² score: 0.1014
2025-12-15 14:47:40 [INFO] census_eda.ml.comparison: [TUNE] Searched 5 parameter combinations
2025-12-15 14:47:40 [INFO] census_eda.ml.comparison: [TUNE] Tuning hyperparameters for random_forest...
2025-12-15 14:47:40 [INFO] census_eda.ml.regression: [TUNE] Data: 69,119 samples, 10 features
2025-12-15 14:47:40 [INFO] census_eda.ml.regression: [TUNE] Searching 24 combinations (5-fold CV = 120 fits)
2025-12-15 14:48:43 [INFO] census_eda.ml.comparison: [TUNE] Best params for random_forest: {'max_depth': None, 'min_samples_leaf': 1, 'min_samples_split': 2, 'n_estimators': 200}
2025-12-15 14:48:43 [INFO] census_eda.ml.comparison: [TUNE] Best CV R² score: 0.7119
2025-12-15 14:48:43 [INFO] census_eda.ml.comparison: [TUNE] Searched 24 parameter combinations
2025-12-15 14:48:48 [INFO] census_eda.ml.comparison: [TUNE] Tuning hyperparameters for gradient_boosting...
2025-12-15 14:48:48 [INFO] census_eda.ml.regression: [TUNE] Data: 69,119 samples, 10 features
2025-12-15 14:48:48 [INFO] census_eda.ml.regression: [TUNE] Searching 24 combinations (5-fold CV = 120 fits)
2025-12-15 14:49:36 [INFO] census_eda.ml.comparison: [TUNE] Best params for gradient_boosting: {'learning_rate': 0.3, 'max_depth': 7, 'n_estimators': 200, 'subsample': 0.8}
2025-12-15 14:49:36 [INFO] census_eda.ml.comparison: [TUNE] Best CV R² score: 0.5845
2025-12-15 14:49:36 [INFO] census_eda.ml.comparison: [TUNE] Searched 24 parameter combinations
2025-12-15 14:50:08 [INFO] census_eda.memory: [SHAP] Safe sample size: 13,824 -> 1,000
2025-12-15 14:50:08 [INFO] census_eda.ml.explainability: [SHAP] Sampled test data: 13,824 -> 1,000
2025-12-15 14:50:08 [INFO] census_eda.memory: SHAP_TreeExplainer:ENTER: 33380.8MB (delta: +40.7MB)
2025-12-15 14:50:08 [INFO] census_eda.ml.explainability: [SHAP] Computing TreeExplainer for 1,000 samples...
2025-12-15 14:54:10 [INFO] census_eda.memory: SHAP_TreeExplainer:EXIT: 33380.8MB (delta: +0.0MB)
2025-12-15 14:54:10 [INFO] census_eda.ml.explainability: [SHAP] TreeExplainer complete. Top feature: Age
2025-12-15 14:54:10 [INFO] census_eda.main: [SHAP] Generated explanation for random_forest
2025-12-15 14:54:10 [INFO] census_eda.main: [ML] Training regression models for target: Age
2025-12-15 14:54:10 [DEBUG] census_eda.main: [ML] Using sample weights from 'Person_Weight'
2025-12-15 14:54:10 [INFO] census_eda.ml.comparison: [TUNE] Tuning hyperparameters for ridge...
2025-12-15 14:54:10 [INFO] census_eda.ml.regression: [TUNE] Data: 69,162 samples, 10 features
2025-12-15 14:54:10 [INFO] census_eda.ml.regression: [TUNE] Searching 5 combinations (5-fold CV = 25 fits)
2025-12-15 14:54:10 [INFO] census_eda.ml.comparison: [TUNE] Best params for ridge: {'alpha': 0.01}
2025-12-15 14:54:10 [INFO] census_eda.ml.comparison: [TUNE] Best CV R² score: 1.0000
2025-12-15 14:54:10 [INFO] census_eda.ml.comparison: [TUNE] Searched 5 parameter combinations
2025-12-15 14:54:10 [INFO] census_eda.ml.comparison: [TUNE] Tuning hyperparameters for lasso...
2025-12-15 14:54:10 [INFO] census_eda.ml.regression: [TUNE] Data: 69,162 samples, 10 features
2025-12-15 14:54:10 [INFO] census_eda.ml.regression: [TUNE] Searching 5 combinations (5-fold CV = 25 fits)
2025-12-15 14:54:11 [INFO] census_eda.ml.comparison: [TUNE] Best params for lasso: {'alpha': 0.01}
2025-12-15 14:54:11 [INFO] census_eda.ml.comparison: [TUNE] Best CV R² score: 1.0000
2025-12-15 14:54:11 [INFO] census_eda.ml.comparison: [TUNE] Searched 5 parameter combinations
2025-12-15 14:54:11 [INFO] census_eda.ml.comparison: [TUNE] Tuning hyperparameters for random_forest...
2025-12-15 14:54:11 [INFO] census_eda.ml.regression: [TUNE] Data: 69,162 samples, 10 features
2025-12-15 14:54:11 [INFO] census_eda.ml.regression: [TUNE] Searching 24 combinations (5-fold CV = 120 fits)
2025-12-15 14:54:36 [INFO] census_eda.ml.comparison: [TUNE] Best params for random_forest: {'max_depth': 20, 'min_samples_leaf': 1, 'min_samples_split': 2, 'n_estimators': 100}
2025-12-15 14:54:36 [INFO] census_eda.ml.comparison: [TUNE] Best CV R² score: 1.0000
2025-12-15 14:54:36 [INFO] census_eda.ml.comparison: [TUNE] Searched 24 parameter combinations
2025-12-15 14:54:37 [INFO] census_eda.ml.comparison: [TUNE] Tuning hyperparameters for gradient_boosting...
2025-12-15 14:54:37 [INFO] census_eda.ml.regression: [TUNE] Data: 69,162 samples, 10 features
2025-12-15 14:54:37 [INFO] census_eda.ml.regression: [TUNE] Searching 24 combinations (5-fold CV = 120 fits)
2025-12-15 14:55:09 [INFO] census_eda.ml.comparison: [TUNE] Best params for gradient_boosting: {'learning_rate': 0.1, 'max_depth': 5, 'n_estimators': 200, 'subsample': 0.8}
2025-12-15 14:55:09 [INFO] census_eda.ml.comparison: [TUNE] Best CV R² score: 1.0000
2025-12-15 14:55:09 [INFO] census_eda.ml.comparison: [TUNE] Searched 24 parameter combinations
2025-12-15 14:55:32 [INFO] census_eda.main: [ML] Training regression models for target: Hours_Worked_Per_Week
2025-12-15 14:55:32 [DEBUG] census_eda.main: [ML] Using sample weights from 'Person_Weight'
2025-12-15 14:55:32 [INFO] census_eda.ml.comparison: [TUNE] Tuning hyperparameters for ridge...
2025-12-15 14:55:32 [INFO] census_eda.ml.regression: [TUNE] Data: 69,162 samples, 10 features
2025-12-15 14:55:32 [INFO] census_eda.ml.regression: [TUNE] Searching 5 combinations (5-fold CV = 25 fits)
2025-12-15 14:55:32 [INFO] census_eda.ml.comparison: [TUNE] Best params for ridge: {'alpha': 100.0}
2025-12-15 14:55:32 [INFO] census_eda.ml.comparison: [TUNE] Best CV R² score: 0.0477
2025-12-15 14:55:32 [INFO] census_eda.ml.comparison: [TUNE] Searched 5 parameter combinations
2025-12-15 14:55:32 [INFO] census_eda.ml.comparison: [TUNE] Tuning hyperparameters for lasso...
2025-12-15 14:55:32 [INFO] census_eda.ml.regression: [TUNE] Data: 69,162 samples, 10 features
2025-12-15 14:55:32 [INFO] census_eda.ml.regression: [TUNE] Searching 5 combinations (5-fold CV = 25 fits)
2025-12-15 14:55:33 [INFO] census_eda.ml.comparison: [TUNE] Best params for lasso: {'alpha': 0.01}
2025-12-15 14:55:33 [INFO] census_eda.ml.comparison: [TUNE] Best CV R² score: 0.0477
2025-12-15 14:55:33 [INFO] census_eda.ml.comparison: [TUNE] Searched 5 parameter combinations
2025-12-15 14:55:33 [INFO] census_eda.ml.comparison: [TUNE] Tuning hyperparameters for random_forest...
2025-12-15 14:55:33 [INFO] census_eda.ml.regression: [TUNE] Data: 69,162 samples, 10 features
2025-12-15 14:55:33 [INFO] census_eda.ml.regression: [TUNE] Searching 24 combinations (5-fold CV = 120 fits)
2025-12-15 14:56:44 [INFO] census_eda.ml.comparison: [TUNE] Best params for random_forest: {'max_depth': None, 'min_samples_leaf': 1, 'min_samples_split': 2, 'n_estimators': 200}
2025-12-15 14:56:44 [INFO] census_eda.ml.comparison: [TUNE] Best CV R² score: 0.7399
2025-12-15 14:56:44 [INFO] census_eda.ml.comparison: [TUNE] Searched 24 parameter combinations
2025-12-15 14:56:49 [INFO] census_eda.ml.comparison: [TUNE] Tuning hyperparameters for gradient_boosting...
2025-12-15 14:56:49 [INFO] census_eda.ml.regression: [TUNE] Data: 69,162 samples, 10 features
2025-12-15 14:56:49 [INFO] census_eda.ml.regression: [TUNE] Searching 24 combinations (5-fold CV = 120 fits)
2025-12-15 14:57:36 [INFO] census_eda.ml.comparison: [TUNE] Best params for gradient_boosting: {'learning_rate': 0.3, 'max_depth': 7, 'n_estimators': 200, 'subsample': 0.8}
2025-12-15 14:57:36 [INFO] census_eda.ml.comparison: [TUNE] Best CV R² score: 0.5303
2025-12-15 14:57:36 [INFO] census_eda.ml.comparison: [TUNE] Searched 24 parameter combinations
2025-12-15 14:58:08 [INFO] census_eda.memory: [SHAP] Safe sample size: 13,833 -> 1,000
2025-12-15 14:58:08 [INFO] census_eda.ml.explainability: [SHAP] Sampled test data: 13,833 -> 1,000
2025-12-15 14:58:08 [INFO] census_eda.memory: SHAP_TreeExplainer:ENTER: 33387.6MB (delta: +6.8MB)
2025-12-15 14:58:08 [INFO] census_eda.ml.explainability: [SHAP] Computing TreeExplainer for 1,000 samples...
2025-12-15 15:01:32 [INFO] census_eda.memory: SHAP_TreeExplainer:EXIT: 33387.6MB (delta: +0.0MB)
2025-12-15 15:01:32 [INFO] census_eda.ml.explainability: [SHAP] TreeExplainer complete. Top feature: Age
2025-12-15 15:01:32 [INFO] census_eda.main: [SHAP] Generated explanation for random_forest
2025-12-15 15:01:32 [INFO] census_eda.main: [ML] Regression complete. 5 models trained.
2025-12-15 15:01:32 [INFO] census_eda.memory: [PRE-CLUSTERING]: 33387.6MB (delta: +0.0MB)
2025-12-15 15:01:32 [INFO] census_eda.main: [CLUSTERING] Starting clustering model training...
2025-12-15 15:01:32 [INFO] census_eda.main: [CLUSTERING] KMeans on 69,162 samples...
2025-12-15 15:01:54 [INFO] census_eda.main: [CLUSTERING] KMeans complete.
2025-12-15 15:01:54 [INFO] census_eda.main: [CLUSTERING] Hierarchical on 69,162 samples (will sample if needed)...
2025-12-15 15:01:54 [INFO] census_eda.memory: [MEMORY] O(n²) safe sample: 69,162 -> 15,000 (distance matrix would be 35.6GB)
2025-12-15 15:01:54 [INFO] census_eda.ml.clustering: [HIERARCHICAL] Sampled 69,162 -> 15,000 for O(n²) distance matrix
2025-12-15 15:01:59 [INFO] census_eda.main: [CLUSTERING] Hierarchical complete.
2025-12-15 15:01:59 [INFO] census_eda.main: [CLUSTERING] Clustering complete.
2025-12-15 15:01:59 [INFO] census_eda.main: [ML] Starting time series training...
2025-12-15 15:01:59 [INFO] census_eda.main: [ML-TIMESERIES] Training time series for 5 targets: ['Total_Person_Income', 'Wage_Income', 'Total_Person_Earnings', 'Age', 'Hours_Worked_Per_Week']
2025-12-15 15:01:59 [INFO] census_eda.main: [ML-TIMESERIES] Training time series for target: Total_Person_Income
2025-12-15 15:01:59 [DEBUG] census_eda.main: [DEBUG-TS] Target: Total_Person_Income, Forecasts: {2024: 65035.563274383545, 2025: 68246.04989814758, 2026: 71646.22333908081}, Values: [65035.563274383545, 68246.04989814758, 71646.22333908081]
2025-12-15 15:01:59 [INFO] census_eda.main: [ML-TIMESERIES] Training time series for target: Wage_Income
2025-12-15 15:01:59 [DEBUG] census_eda.main: [DEBUG-TS] Target: Wage_Income, Forecasts: {2024: 66668.54321670532, 2025: 70294.06954574585, 2026: 74258.05472183228}, Values: [66668.54321670532, 70294.06954574585, 74258.05472183228]
2025-12-15 15:01:59 [INFO] census_eda.main: [ML-TIMESERIES] Training time series for target: Total_Person_Earnings
2025-12-15 15:02:00 [DEBUG] census_eda.main: [DEBUG-TS] Target: Total_Person_Earnings, Forecasts: {2024: 67247.1183643341, 2025: 70744.10500144958, 2026: 74519.01622200012}, Values: [67247.1183643341, 70744.10500144958, 74519.01622200012]
2025-12-15 15:02:00 [INFO] census_eda.main: [ML-TIMESERIES] Training time series for target: Age
2025-12-15 15:02:00 [DEBUG] census_eda.main: [DEBUG-TS] Target: Age, Forecasts: {2024: 42.321147652342916, 2025: 42.87061351723969, 2026: 43.516946041956544}, Values: [42.321147652342916, 42.87061351723969, 43.516946041956544]
2025-12-15 15:02:00 [INFO] census_eda.main: [ML-TIMESERIES] Training time series for target: Hours_Worked_Per_Week
2025-12-15 15:02:00 [DEBUG] census_eda.main: [DEBUG-TS] Target: Hours_Worked_Per_Week, Forecasts: {2024: 37.79663633927703, 2025: 37.4269701577723, 2026: 36.94683161750436}, Values: [37.79663633927703, 37.4269701577723, 36.94683161750436]
2025-12-15 15:02:00 [INFO] census_eda.main: [ML] All ML models complete. Total: 11 result keys.
2025-12-15 15:02:06 [INFO] census_eda.main: [SHAP-VIZ] Creating SHAP visualizations for Total_Person_Income
2025-12-15 15:02:14 [INFO] census_eda.main: [SHAP-VIZ] Creating SHAP visualizations for Wage_Income
2025-12-15 15:02:21 [INFO] census_eda.main: [SHAP-VIZ] Creating SHAP visualizations for Total_Person_Earnings
2025-12-15 15:02:35 [INFO] census_eda.main: [SHAP-VIZ] Creating SHAP visualizations for Hours_Worked_Per_Week
2025-12-15 15:02:38 [WARNING] census_eda.main:  Clustering viz failed for hierarchical: 'c' argument has 15000 elements, which is inconsistent with 'x' and 'y' with size 69162.
2025-12-15 15:02:38 [DEBUG] census_eda.main: [VIZ-TIMESERIES] Found 5 time series results: ['Total_Person_Income_timeseries', 'Wage_Income_timeseries', 'Total_Person_Earnings_timeseries', 'Age_timeseries', 'Hours_Worked_Per_Week_timeseries']
2025-12-15 15:02:38 [DEBUG] census_eda.main: [VIZ-TIMESERIES] Visualizing time series for target: Total_Person_Income
2025-12-15 15:02:38 [DEBUG] census_eda.main: [DEBUG-TS-MODEL] polynomial_degree_1: forecasts={2024: 60163.212294809986, 2025: 61600.27996475343, 2026: 63037.34763469687}, values=[60163.212294809986, 61600.27996475343, 63037.34763469687], CI_lower=[56533.938078495376, 57971.005748438816, 59408.07341838226], CI_upper=[63792.486511124596, 65229.55418106804, 66666.62185101148]
2025-12-15 15:02:38 [DEBUG] census_eda.visualizations.ml.timeseries: [VIZ] Forecast values: [60163.212294809986, 61600.27996475343, 63037.34763469687], CI_lower: [56533.938078495376, 57971.005748438816, 59408.07341838226], CI_upper: [63792.486511124596, 65229.55418106804, 66666.62185101148]
2025-12-15 15:02:38 [DEBUG] census_eda.visualizations.ml.timeseries: [VIZ] Plotted CI bands: lower=[np.float64(55337.390354985495), 56533.938078495376, 57971.005748438816, 59408.07341838226], upper=[np.float64(55337.390354985495), 63792.486511124596, 65229.55418106804, 66666.62185101148]
2025-12-15 15:02:39 [DEBUG] census_eda.main: [DEBUG-TS-MODEL] polynomial_degree_2: forecasts={2024: 65178.53348517418, 2025: 68496.34660172462, 2026: 72035.42388832569}, values=[65178.53348517418, 68496.34660172462, 72035.42388832569], CI_lower=[64688.295597229146, 68006.10871377958, 71545.18600038065], CI_upper=[65668.77137311922, 68986.58448966967, 72525.66177627073]
2025-12-15 15:02:39 [DEBUG] census_eda.visualizations.ml.timeseries: [VIZ] Forecast values: [65178.53348517418, 68496.34660172462, 72035.42388832569], CI_lower: [64688.295597229146, 68006.10871377958, 71545.18600038065], CI_upper: [65668.77137311922, 68986.58448966967, 72525.66177627073]
2025-12-15 15:02:39 [DEBUG] census_eda.visualizations.ml.timeseries: [VIZ] Plotted CI bands: lower=[np.float64(55337.390354985495), 64688.295597229146, 68006.10871377958, 71545.18600038065], upper=[np.float64(55337.390354985495), 65668.77137311922, 68986.58448966967, 72525.66177627073]
2025-12-15 15:02:40 [DEBUG] census_eda.main: [DEBUG-TS-MODEL] polynomial_degree_3: forecasts={2024: 65035.563274383545, 2025: 68246.04989814758, 2026: 71646.22333908081}, values=[65035.563274383545, 68246.04989814758, 71646.22333908081], CI_lower=[64550.39980293137, 67760.88642669542, 71161.05986762865], CI_upper=[65520.72674583572, 68731.21336959975, 72131.38681053297]
2025-12-15 15:02:40 [DEBUG] census_eda.visualizations.ml.timeseries: [VIZ] Forecast values: [65035.563274383545, 68246.04989814758, 71646.22333908081], CI_lower: [64550.39980293137, 67760.88642669542, 71161.05986762865], CI_upper: [65520.72674583572, 68731.21336959975, 72131.38681053297]
2025-12-15 15:02:40 [DEBUG] census_eda.visualizations.ml.timeseries: [VIZ] Plotted CI bands: lower=[np.float64(55337.390354985495), 64550.39980293137, 67760.88642669542, 71161.05986762865], upper=[np.float64(55337.390354985495), 65520.72674583572, 68731.21336959975, 72131.38681053297]
2025-12-15 15:02:41 [DEBUG] census_eda.main: [DEBUG-TS-MODEL] sma: forecasts={2024: 59182.20043813461, 2025: 59182.20043813461, 2026: 59182.20043813461}, values=[59182.20043813461, 59182.20043813461, 59182.20043813461], CI_lower=[57257.11547091304, 57257.11547091304, 57257.11547091304], CI_upper=[61107.28540535618, 61107.28540535618, 61107.28540535618]
2025-12-15 15:02:41 [DEBUG] census_eda.visualizations.ml.timeseries: [VIZ] Forecast values: [59182.20043813461, 59182.20043813461, 59182.20043813461], CI_lower: [57257.11547091304, 57257.11547091304, 57257.11547091304], CI_upper: [61107.28540535618, 61107.28540535618, 61107.28540535618]
2025-12-15 15:02:41 [DEBUG] census_eda.visualizations.ml.timeseries: [VIZ] Plotted CI bands: lower=[np.float64(55337.390354985495), 57257.11547091304, 57257.11547091304, 57257.11547091304], upper=[np.float64(55337.390354985495), 61107.28540535618, 61107.28540535618, 61107.28540535618]
2025-12-15 15:02:41 [DEBUG] census_eda.main: [DEBUG-TS-MODEL] ewma: forecasts={2024: 56553.626912453845, 2025: 56553.626912453845, 2026: 56553.626912453845}, values=[56553.626912453845, 56553.626912453845, 56553.626912453845], CI_lower=[53041.244510389995, 53041.244510389995, 53041.244510389995], CI_upper=[60066.009314517694, 60066.009314517694, 60066.009314517694]
2025-12-15 15:02:42 [DEBUG] census_eda.visualizations.ml.timeseries: [VIZ] Forecast values: [56553.626912453845, 56553.626912453845, 56553.626912453845], CI_lower: [53041.244510389995, 53041.244510389995, 53041.244510389995], CI_upper: [60066.009314517694, 60066.009314517694, 60066.009314517694]
2025-12-15 15:02:42 [DEBUG] census_eda.visualizations.ml.timeseries: [VIZ] Plotted CI bands: lower=[np.float64(55337.390354985495), 53041.244510389995, 53041.244510389995, 53041.244510389995], upper=[np.float64(55337.390354985495), 60066.009314517694, 60066.009314517694, 60066.009314517694]
2025-12-15 15:02:42 [DEBUG] census_eda.main: [DEBUG-TS-MODEL] wma: forecasts={2024: 60145.20292273699, 2025: 60145.20292273699, 2026: 60145.20292273699}, values=[60145.20292273699, 60145.20292273699, 60145.20292273699], CI_lower=[58762.49621314813, 58762.49621314813, 58762.49621314813], CI_upper=[61527.90963232586, 61527.90963232586, 61527.90963232586]
2025-12-15 15:02:42 [DEBUG] census_eda.visualizations.ml.timeseries: [VIZ] Forecast values: [60145.20292273699, 60145.20292273699, 60145.20292273699], CI_lower: [58762.49621314813, 58762.49621314813, 58762.49621314813], CI_upper: [61527.90963232586, 61527.90963232586, 61527.90963232586]
2025-12-15 15:02:42 [DEBUG] census_eda.visualizations.ml.timeseries: [VIZ] Plotted CI bands: lower=[np.float64(55337.390354985495), 58762.49621314813, 58762.49621314813, 58762.49621314813], upper=[np.float64(55337.390354985495), 61527.90963232586, 61527.90963232586, 61527.90963232586]
2025-12-15 15:02:43 [DEBUG] census_eda.main: [DEBUG-TS-MODEL] arima: forecasts={2024: 63554.511533624085, 2025: 65003.86639779568, 2026: 66453.2150587919}, values=[63554.511533624085, 65003.86639779568, 66453.2150587919], CI_lower=[43204.46745184901, 44653.822316020596, 46103.17097701682], CI_upper=[83904.55561539916, 85353.91047957077, 86803.25914056698]
2025-12-15 15:02:43 [DEBUG] census_eda.visualizations.ml.timeseries: [VIZ] Forecast values: [63554.511533624085, 65003.86639779568, 66453.2150587919], CI_lower: [43204.46745184901, 44653.822316020596, 46103.17097701682], CI_upper: [83904.55561539916, 85353.91047957077, 86803.25914056698]
2025-12-15 15:02:43 [DEBUG] census_eda.visualizations.ml.timeseries: [VIZ] Plotted CI bands: lower=[np.float64(55337.390354985495), 43204.46745184901, 44653.822316020596, 46103.17097701682], upper=[np.float64(55337.390354985495), 83904.55561539916, 85353.91047957077, 86803.25914056698]
2025-12-15 15:02:44 [DEBUG] census_eda.main: [DEBUG-TS-MODEL] holt_winters: forecasts={2024: 65095.985642887004, 2025: 68086.82082255815, 2026: 71077.65600222928}, values=[65095.985642887004, 68086.82082255815, 71077.65600222928], CI_lower=[64437.03044593188, 67427.86562560302, 70418.70080527416], CI_upper=[65754.94083984212, 68745.77601951327, 71736.61119918441]
2025-12-15 15:02:44 [DEBUG] census_eda.visualizations.ml.timeseries: [VIZ] Forecast values: [65095.985642887004, 68086.82082255815, 71077.65600222928], CI_lower: [64437.03044593188, 67427.86562560302, 70418.70080527416], CI_upper: [65754.94083984212, 68745.77601951327, 71736.61119918441]
2025-12-15 15:02:44 [DEBUG] census_eda.visualizations.ml.timeseries: [VIZ] Plotted CI bands: lower=[np.float64(55337.390354985495), 64437.03044593188, 67427.86562560302, 70418.70080527416], upper=[np.float64(55337.390354985495), 65754.94083984212, 68745.77601951327, 71736.61119918441]
2025-12-15 15:02:45 [DEBUG] census_eda.main: [VIZ-TIMESERIES] Visualizing time series for target: Wage_Income
2025-12-15 15:02:45 [DEBUG] census_eda.main: [DEBUG-TS-MODEL] polynomial_degree_1: forecasts={2024: 61640.09579309495, 2025: 63132.09899695357, 2026: 64624.102200812194}, values=[61640.09579309495, 63132.09899695357, 64624.102200812194], CI_lower=[58467.44561707401, 59959.44882093263, 61451.45202479125], CI_upper=[64812.745969115895, 66304.74917297451, 67796.75237683313]
2025-12-15 15:02:45 [DEBUG] census_eda.visualizations.ml.timeseries: [VIZ] Forecast values: [61640.09579309495, 63132.09899695357, 64624.102200812194], CI_lower: [58467.44561707401, 59959.44882093263, 61451.45202479125], CI_upper: [64812.745969115895, 66304.74917297451, 67796.75237683313]
2025-12-15 15:02:45 [DEBUG] census_eda.visualizations.ml.timeseries: [VIZ] Plotted CI bands: lower=[np.float64(39823.027438834004), 58467.44561707401, 59959.44882093263, 61451.45202479125], upper=[np.float64(39823.027438834004), 64812.745969115895, 66304.74917297451, 67796.75237683313]
2025-12-15 15:02:46 [DEBUG] census_eda.main: [DEBUG-TS-MODEL] polynomial_degree_2: forecasts={2024: 66008.57469117641, 2025: 69138.75748127699, 2026: 72461.66728144884}, values=[66008.57469117641, 69138.75748127699, 72461.66728144884], CI_lower=[65503.70472064486, 68633.88751074544, 71956.79731091729], CI_upper=[66513.44466170797, 69643.62745180854, 72966.5372519804]
2025-12-15 15:02:46 [DEBUG] census_eda.visualizations.ml.timeseries: [VIZ] Forecast values: [66008.57469117641, 69138.75748127699, 72461.66728144884], CI_lower: [65503.70472064486, 68633.88751074544, 71956.79731091729], CI_upper: [66513.44466170797, 69643.62745180854, 72966.5372519804]
2025-12-15 15:02:46 [DEBUG] census_eda.visualizations.ml.timeseries: [VIZ] Plotted CI bands: lower=[np.float64(39823.027438834004), 65503.70472064486, 68633.88751074544, 71956.79731091729], upper=[np.float64(39823.027438834004), 66513.44466170797, 69643.62745180854, 72966.5372519804]
2025-12-15 15:02:47 [DEBUG] census_eda.main: [DEBUG-TS-MODEL] polynomial_degree_3: forecasts={2024: 66668.54321670532, 2025: 70294.06954574585, 2026: 74258.05472183228}, values=[66668.54321670532, 70294.06954574585, 74258.05472183228], CI_lower=[66283.68368003126, 69909.21000907179, 73873.19518515821], CI_upper=[67053.40275337939, 70678.92908241991, 74642.91425850634]
2025-12-15 15:02:47 [DEBUG] census_eda.visualizations.ml.timeseries: [VIZ] Forecast values: [66668.54321670532, 70294.06954574585, 74258.05472183228], CI_lower: [66283.68368003126, 69909.21000907179, 73873.19518515821], CI_upper: [67053.40275337939, 70678.92908241991, 74642.91425850634]
2025-12-15 15:02:47 [DEBUG] census_eda.visualizations.ml.timeseries: [VIZ] Plotted CI bands: lower=[np.float64(39823.027438834004), 66283.68368003126, 69909.21000907179, 73873.19518515821], upper=[np.float64(39823.027438834004), 67053.40275337939, 70678.92908241991, 74642.91425850634]
2025-12-15 15:02:48 [DEBUG] census_eda.main: [DEBUG-TS-MODEL] sma: forecasts={2024: 60388.620050469115, 2025: 60388.620050469115, 2026: 60388.620050469115}, values=[60388.620050469115, 60388.620050469115, 60388.620050469115], CI_lower=[58470.55423136661, 58470.55423136661, 58470.55423136661], CI_upper=[62306.68586957162, 62306.68586957162, 62306.68586957162]
2025-12-15 15:02:48 [DEBUG] census_eda.visualizations.ml.timeseries: [VIZ] Forecast values: [60388.620050469115, 60388.620050469115, 60388.620050469115], CI_lower: [58470.55423136661, 58470.55423136661, 58470.55423136661], CI_upper: [62306.68586957162, 62306.68586957162, 62306.68586957162]
2025-12-15 15:02:48 [DEBUG] census_eda.visualizations.ml.timeseries: [VIZ] Plotted CI bands: lower=[np.float64(39823.027438834004), 58470.55423136661, 58470.55423136661, 58470.55423136661], upper=[np.float64(39823.027438834004), 62306.68586957162, 62306.68586957162, 62306.68586957162]
2025-12-15 15:02:48 [DEBUG] census_eda.main: [DEBUG-TS-MODEL] ewma: forecasts={2024: 57755.315157905214, 2025: 57755.315157905214, 2026: 57755.315157905214}, values=[57755.315157905214, 57755.315157905214, 57755.315157905214], CI_lower=[54464.74905647682, 54464.74905647682, 54464.74905647682], CI_upper=[61045.881259333604, 61045.881259333604, 61045.881259333604]
2025-12-15 15:02:48 [DEBUG] census_eda.visualizations.ml.timeseries: [VIZ] Forecast values: [57755.315157905214, 57755.315157905214, 57755.315157905214], CI_lower: [54464.74905647682, 54464.74905647682, 54464.74905647682], CI_upper: [61045.881259333604, 61045.881259333604, 61045.881259333604]
2025-12-15 15:02:48 [DEBUG] census_eda.visualizations.ml.timeseries: [VIZ] Plotted CI bands: lower=[np.float64(39823.027438834004), 54464.74905647682, 54464.74905647682, 54464.74905647682], upper=[np.float64(39823.027438834004), 61045.881259333604, 61045.881259333604, 61045.881259333604]
2025-12-15 15:02:49 [DEBUG] census_eda.main: [DEBUG-TS-MODEL] wma: forecasts={2024: 61430.41822916104, 2025: 61430.41822916104, 2026: 61430.41822916104}, values=[61430.41822916104, 61430.41822916104, 61430.41822916104], CI_lower=[59968.558190009586, 59968.558190009586, 59968.558190009586], CI_upper=[62892.2782683125, 62892.2782683125, 62892.2782683125]
2025-12-15 15:02:49 [DEBUG] census_eda.visualizations.ml.timeseries: [VIZ] Forecast values: [61430.41822916104, 61430.41822916104, 61430.41822916104], CI_lower: [59968.558190009586, 59968.558190009586, 59968.558190009586], CI_upper: [62892.2782683125, 62892.2782683125, 62892.2782683125]
2025-12-15 15:02:49 [DEBUG] census_eda.visualizations.ml.timeseries: [VIZ] Plotted CI bands: lower=[np.float64(39823.027438834004), 59968.558190009586, 59968.558190009586, 59968.558190009586], upper=[np.float64(39823.027438834004), 62892.2782683125, 62892.2782683125, 62892.2782683125]
2025-12-15 15:02:50 [DEBUG] census_eda.main: [DEBUG-TS-MODEL] arima: forecasts={2024: 65123.6439895731, 2025: 66673.7683980082, 2026: 68223.82374277753}, values=[65123.6439895731, 66673.7683980082, 68223.82374277753], CI_lower=[44748.419252241445, 46298.543660676536, 47848.599005445874], CI_upper=[85498.86872690477, 87048.99313533984, 88599.0484801092]
2025-12-15 15:02:50 [DEBUG] census_eda.visualizations.ml.timeseries: [VIZ] Forecast values: [65123.6439895731, 66673.7683980082, 68223.82374277753], CI_lower: [44748.419252241445, 46298.543660676536, 47848.599005445874], CI_upper: [85498.86872690477, 87048.99313533984, 88599.0484801092]
2025-12-15 15:02:50 [DEBUG] census_eda.visualizations.ml.timeseries: [VIZ] Plotted CI bands: lower=[np.float64(39823.027438834004), 44748.419252241445, 46298.543660676536, 47848.599005445874], upper=[np.float64(39823.027438834004), 85498.86872690477, 87048.99313533984, 88599.0484801092]
2025-12-15 15:02:51 [DEBUG] census_eda.main: [DEBUG-TS-MODEL] holt_winters: forecasts={2024: 66877.15282842597, 2025: 70180.85514777082, 2026: 73484.5574671157}, values=[66877.15282842597, 70180.85514777082, 73484.5574671157], CI_lower=[66315.48407073492, 69619.18639007978, 72922.88870942465], CI_upper=[67438.82158611702, 70742.52390546187, 74046.22622480674]
2025-12-15 15:02:51 [DEBUG] census_eda.visualizations.ml.timeseries: [VIZ] Forecast values: [66877.15282842597, 70180.85514777082, 73484.5574671157], CI_lower: [66315.48407073492, 69619.18639007978, 72922.88870942465], CI_upper: [67438.82158611702, 70742.52390546187, 74046.22622480674]
2025-12-15 15:02:51 [DEBUG] census_eda.visualizations.ml.timeseries: [VIZ] Plotted CI bands: lower=[np.float64(39823.027438834004), 66315.48407073492, 69619.18639007978, 72922.88870942465], upper=[np.float64(39823.027438834004), 67438.82158611702, 70742.52390546187, 74046.22622480674]
2025-12-15 15:02:52 [DEBUG] census_eda.main: [VIZ-TIMESERIES] Visualizing time series for target: Total_Person_Earnings
2025-12-15 15:02:52 [DEBUG] census_eda.main: [DEBUG-TS-MODEL] polynomial_degree_1: forecasts={2024: 62313.52261222573, 2025: 63832.319141272455, 2026: 65351.11567031918}, values=[62313.52261222573, 63832.319141272455, 65351.11567031918], CI_lower=[58990.727049618676, 60509.5235786654, 62028.32010771213], CI_upper=[65636.31817483279, 67155.11470387952, 68673.91123292624]
2025-12-15 15:02:52 [DEBUG] census_eda.visualizations.ml.timeseries: [VIZ] Forecast values: [62313.52261222573, 63832.319141272455, 65351.11567031918], CI_lower: [58990.727049618676, 60509.5235786654, 62028.32010771213], CI_upper: [65636.31817483279, 67155.11470387952, 68673.91123292624]
2025-12-15 15:02:52 [DEBUG] census_eda.visualizations.ml.timeseries: [VIZ] Plotted CI bands: lower=[np.float64(43340.0777921853), 58990.727049618676, 60509.5235786654, 62028.32010771213], upper=[np.float64(43340.0777921853), 65636.31817483279, 67155.11470387952, 68673.91123292624]
2025-12-15 15:02:53 [DEBUG] census_eda.main: [DEBUG-TS-MODEL] polynomial_degree_2: forecasts={2024: 66906.06664973497, 2025: 70147.06719338894, 2026: 73590.67997390032}, values=[66906.06664973497, 70147.06719338894, 73590.67997390032], CI_lower=[66461.17923249108, 69702.17977614504, 73145.79255665642], CI_upper=[67350.95406697887, 70591.95461063283, 74035.56739114421]
2025-12-15 15:02:53 [DEBUG] census_eda.visualizations.ml.timeseries: [VIZ] Forecast values: [66906.06664973497, 70147.06719338894, 73590.67997390032], CI_lower: [66461.17923249108, 69702.17977614504, 73145.79255665642], CI_upper: [67350.95406697887, 70591.95461063283, 74035.56739114421]
2025-12-15 15:02:53 [DEBUG] census_eda.visualizations.ml.timeseries: [VIZ] Plotted CI bands: lower=[np.float64(43340.0777921853), 66461.17923249108, 69702.17977614504, 73145.79255665642], upper=[np.float64(43340.0777921853), 67350.95406697887, 70591.95461063283, 74035.56739114421]
2025-12-15 15:02:54 [DEBUG] census_eda.main: [DEBUG-TS-MODEL] polynomial_degree_3: forecasts={2024: 67247.1183643341, 2025: 70744.10500144958, 2026: 74519.01622200012}, values=[67247.1183643341, 70744.10500144958, 74519.01622200012], CI_lower=[66835.57543384323, 70332.56207095871, 74107.47329150925], CI_upper=[67658.66129482498, 71155.64793194046, 74930.559152491]
2025-12-15 15:02:54 [DEBUG] census_eda.visualizations.ml.timeseries: [VIZ] Forecast values: [67247.1183643341, 70744.10500144958, 74519.01622200012], CI_lower: [66835.57543384323, 70332.56207095871, 74107.47329150925], CI_upper: [67658.66129482498, 71155.64793194046, 74930.559152491]
2025-12-15 15:02:54 [DEBUG] census_eda.visualizations.ml.timeseries: [VIZ] Plotted CI bands: lower=[np.float64(43340.0777921853), 66835.57543384323, 70332.56207095871, 74107.47329150925], upper=[np.float64(43340.0777921853), 67658.66129482498, 71155.64793194046, 74930.559152491]
2025-12-15 15:02:55 [DEBUG] census_eda.main: [DEBUG-TS-MODEL] sma: forecasts={2024: 61057.11363192772, 2025: 61057.11363192772, 2026: 61057.11363192772}, values=[61057.11363192772, 61057.11363192772, 61057.11363192772], CI_lower=[59117.95778691719, 59117.95778691719, 59117.95778691719], CI_upper=[62996.26947693825, 62996.26947693825, 62996.26947693825]
2025-12-15 15:02:55 [DEBUG] census_eda.visualizations.ml.timeseries: [VIZ] Forecast values: [61057.11363192772, 61057.11363192772, 61057.11363192772], CI_lower: [59117.95778691719, 59117.95778691719, 59117.95778691719], CI_upper: [62996.26947693825, 62996.26947693825, 62996.26947693825]
2025-12-15 15:02:55 [DEBUG] census_eda.visualizations.ml.timeseries: [VIZ] Plotted CI bands: lower=[np.float64(43340.0777921853), 59117.95778691719, 59117.95778691719, 59117.95778691719], upper=[np.float64(43340.0777921853), 62996.26947693825, 62996.26947693825, 62996.26947693825]
2025-12-15 15:02:56 [DEBUG] census_eda.main: [DEBUG-TS-MODEL] ewma: forecasts={2024: 58372.050863721146, 2025: 58372.050863721146, 2026: 58372.050863721146}, values=[58372.050863721146, 58372.050863721146, 58372.050863721146], CI_lower=[54945.111318927935, 54945.111318927935, 54945.111318927935], CI_upper=[61798.99040851436, 61798.99040851436, 61798.99040851436]
2025-12-15 15:02:56 [DEBUG] census_eda.visualizations.ml.timeseries: [VIZ] Forecast values: [58372.050863721146, 58372.050863721146, 58372.050863721146], CI_lower: [54945.111318927935, 54945.111318927935, 54945.111318927935], CI_upper: [61798.99040851436, 61798.99040851436, 61798.99040851436]
2025-12-15 15:02:56 [DEBUG] census_eda.visualizations.ml.timeseries: [VIZ] Plotted CI bands: lower=[np.float64(43340.0777921853), 54945.111318927935, 54945.111318927935, 54945.111318927935], upper=[np.float64(43340.0777921853), 61798.99040851436, 61798.99040851436, 61798.99040851436]
2025-12-15 15:02:57 [DEBUG] census_eda.main: [DEBUG-TS-MODEL] wma: forecasts={2024: 62097.36599045035, 2025: 62097.36599045035, 2026: 62097.36599045035}, values=[62097.36599045035, 62097.36599045035, 62097.36599045035], CI_lower=[60651.661916196485, 60651.661916196485, 60651.661916196485], CI_upper=[63543.07006470422, 63543.07006470422, 63543.07006470422]
2025-12-15 15:02:57 [DEBUG] census_eda.visualizations.ml.timeseries: [VIZ] Forecast values: [62097.36599045035, 62097.36599045035, 62097.36599045035], CI_lower: [60651.661916196485, 60651.661916196485, 60651.661916196485], CI_upper: [63543.07006470422, 63543.07006470422, 63543.07006470422]
2025-12-15 15:02:57 [DEBUG] census_eda.visualizations.ml.timeseries: [VIZ] Plotted CI bands: lower=[np.float64(43340.0777921853), 60651.661916196485, 60651.661916196485, 60651.661916196485], upper=[np.float64(43340.0777921853), 63543.07006470422, 63543.07006470422, 63543.07006470422]
2025-12-15 15:02:57 [DEBUG] census_eda.main: [DEBUG-TS-MODEL] arima: forecasts={2024: 65780.73695068609, 2025: 67339.23134169338, 2026: 68897.71124036775}, values=[65780.73695068609, 67339.23134169338, 68897.71124036775], CI_lower=[45144.21088225233, 46702.70527325962, 48261.18517193399], CI_upper=[86417.26301911984, 87975.75741012713, 89534.2373088015]
2025-12-15 15:02:57 [DEBUG] census_eda.visualizations.ml.timeseries: [VIZ] Forecast values: [65780.73695068609, 67339.23134169338, 68897.71124036775], CI_lower: [45144.21088225233, 46702.70527325962, 48261.18517193399], CI_upper: [86417.26301911984, 87975.75741012713, 89534.2373088015]
2025-12-15 15:02:57 [DEBUG] census_eda.visualizations.ml.timeseries: [VIZ] Plotted CI bands: lower=[np.float64(43340.0777921853), 45144.21088225233, 46702.70527325962, 48261.18517193399], upper=[np.float64(43340.0777921853), 86417.26301911984, 87975.75741012713, 89534.2373088015]
2025-12-15 15:02:58 [DEBUG] census_eda.main: [DEBUG-TS-MODEL] holt_winters: forecasts={2024: 67476.05722079278, 2025: 70729.8863783403, 2026: 73983.71553588782}, values=[67476.05722079278, 70729.8863783403, 73983.71553588782], CI_lower=[66927.55433502255, 70181.38349257008, 73435.2126501176], CI_upper=[68024.560106563, 71278.38926411053, 74532.21842165805]
2025-12-15 15:02:58 [DEBUG] census_eda.visualizations.ml.timeseries: [VIZ] Forecast values: [67476.05722079278, 70729.8863783403, 73983.71553588782], CI_lower: [66927.55433502255, 70181.38349257008, 73435.2126501176], CI_upper: [68024.560106563, 71278.38926411053, 74532.21842165805]
2025-12-15 15:02:58 [DEBUG] census_eda.visualizations.ml.timeseries: [VIZ] Plotted CI bands: lower=[np.float64(43340.0777921853), 66927.55433502255, 70181.38349257008, 73435.2126501176], upper=[np.float64(43340.0777921853), 68024.560106563, 71278.38926411053, 74532.21842165805]
2025-12-15 15:02:59 [DEBUG] census_eda.main: [VIZ-TIMESERIES] Visualizing time series for target: Age
2025-12-15 15:02:59 [DEBUG] census_eda.main: [DEBUG-TS-MODEL] polynomial_degree_1: forecasts={2024: 41.89546886652698, 2025: 42.11934491616523, 2026: 42.34322096580348}, values=[41.89546886652698, 42.11934491616523, 42.34322096580348], CI_lower=[41.66250126425694, 41.88637731389519, 42.11025336353344], CI_upper=[42.12843646879703, 42.352312518435276, 42.576188568073526]
2025-12-15 15:02:59 [DEBUG] census_eda.visualizations.ml.timeseries: [VIZ] Forecast values: [41.89546886652698, 42.11934491616523, 42.34322096580348], CI_lower: [41.66250126425694, 41.88637731389519, 42.11025336353344], CI_upper: [42.12843646879703, 42.352312518435276, 42.576188568073526]
2025-12-15 15:02:59 [DEBUG] census_eda.visualizations.ml.timeseries: [VIZ] Plotted CI bands: lower=[np.float64(41.48444220914651), 41.66250126425694, 41.88637731389519, 42.11025336353344], upper=[np.float64(41.48444220914651), 42.12843646879703, 42.352312518435276, 42.576188568073526]
2025-12-15 15:03:00 [DEBUG] census_eda.main: [DEBUG-TS-MODEL] polynomial_degree_2: forecasts={2024: 41.87918666953078, 2025: 42.09695689529485, 2026: 42.31400878883801}, values=[41.87918666953078, 42.09695689529485, 42.31400878883801], CI_lower=[41.64651176408562, 41.864281989849694, 42.08133388339285], CI_upper=[42.11186157497594, 42.32963180074001, 42.54668369428317]
2025-12-15 15:03:00 [DEBUG] census_eda.visualizations.ml.timeseries: [VIZ] Forecast values: [41.87918666953078, 42.09695689529485, 42.31400878883801], CI_lower: [41.64651176408562, 41.864281989849694, 42.08133388339285], CI_upper: [42.11186157497594, 42.32963180074001, 42.54668369428317]
2025-12-15 15:03:00 [DEBUG] census_eda.visualizations.ml.timeseries: [VIZ] Plotted CI bands: lower=[np.float64(41.48444220914651), 41.64651176408562, 41.864281989849694, 42.08133388339285], upper=[np.float64(41.48444220914651), 42.11186157497594, 42.32963180074001, 42.54668369428317]
2025-12-15 15:03:01 [DEBUG] census_eda.main: [DEBUG-TS-MODEL] polynomial_degree_3: forecasts={2024: 42.321147652342916, 2025: 42.87061351723969, 2026: 43.516946041956544}, values=[42.321147652342916, 42.87061351723969, 43.516946041956544], CI_lower=[42.24150735333669, 42.79097321823346, 43.437305742950315], CI_upper=[42.400787951349145, 42.95025381624592, 43.59658634096277]
2025-12-15 15:03:01 [DEBUG] census_eda.visualizations.ml.timeseries: [VIZ] Forecast values: [42.321147652342916, 42.87061351723969, 43.516946041956544], CI_lower: [42.24150735333669, 42.79097321823346, 43.437305742950315], CI_upper: [42.400787951349145, 42.95025381624592, 43.59658634096277]
2025-12-15 15:03:01 [DEBUG] census_eda.visualizations.ml.timeseries: [VIZ] Plotted CI bands: lower=[np.float64(41.48444220914651), 42.24150735333669, 42.79097321823346, 43.437305742950315], upper=[np.float64(41.48444220914651), 42.400787951349145, 42.95025381624592, 43.59658634096277]
2025-12-15 15:03:02 [DEBUG] census_eda.main: [DEBUG-TS-MODEL] sma: forecasts={2024: 41.49764122109868, 2025: 41.49764122109868, 2026: 41.49764122109868}, values=[41.49764122109868, 41.49764122109868, 41.49764122109868], CI_lower=[41.17430341443819, 41.17430341443819, 41.17430341443819], CI_upper=[41.82097902775917, 41.82097902775917, 41.82097902775917]
2025-12-15 15:03:02 [DEBUG] census_eda.visualizations.ml.timeseries: [VIZ] Forecast values: [41.49764122109868, 41.49764122109868, 41.49764122109868], CI_lower: [41.17430341443819, 41.17430341443819, 41.17430341443819], CI_upper: [41.82097902775917, 41.82097902775917, 41.82097902775917]
2025-12-15 15:03:02 [DEBUG] census_eda.visualizations.ml.timeseries: [VIZ] Plotted CI bands: lower=[np.float64(41.48444220914651), 41.17430341443819, 41.17430341443819, 41.17430341443819], upper=[np.float64(41.48444220914651), 41.82097902775917, 41.82097902775917, 41.82097902775917]
2025-12-15 15:03:03 [DEBUG] census_eda.main: [DEBUG-TS-MODEL] ewma: forecasts={2024: 41.17654838883613, 2025: 41.17654838883613, 2026: 41.17654838883613}, values=[41.17654838883613, 41.17654838883613, 41.17654838883613], CI_lower=[40.866032830692035, 40.866032830692035, 40.866032830692035], CI_upper=[41.48706394698023, 41.48706394698023, 41.48706394698023]
2025-12-15 15:03:03 [DEBUG] census_eda.visualizations.ml.timeseries: [VIZ] Forecast values: [41.17654838883613, 41.17654838883613, 41.17654838883613], CI_lower: [40.866032830692035, 40.866032830692035, 40.866032830692035], CI_upper: [41.48706394698023, 41.48706394698023, 41.48706394698023]
2025-12-15 15:03:03 [DEBUG] census_eda.visualizations.ml.timeseries: [VIZ] Plotted CI bands: lower=[np.float64(41.48444220914651), 40.866032830692035, 40.866032830692035, 40.866032830692035], upper=[np.float64(41.48444220914651), 41.48706394698023, 41.48706394698023, 41.48706394698023]
2025-12-15 15:03:04 [DEBUG] census_eda.main: [DEBUG-TS-MODEL] wma: forecasts={2024: 41.611090107417866, 2025: 41.611090107417866, 2026: 41.611090107417866}, values=[41.611090107417866, 41.611090107417866, 41.611090107417866], CI_lower=[41.28675506590051, 41.28675506590051, 41.28675506590051], CI_upper=[41.935425148935224, 41.935425148935224, 41.935425148935224]
2025-12-15 15:03:04 [DEBUG] census_eda.visualizations.ml.timeseries: [VIZ] Forecast values: [41.611090107417866, 41.611090107417866, 41.611090107417866], CI_lower: [41.28675506590051, 41.28675506590051, 41.28675506590051], CI_upper: [41.935425148935224, 41.935425148935224, 41.935425148935224]
2025-12-15 15:03:04 [DEBUG] census_eda.visualizations.ml.timeseries: [VIZ] Plotted CI bands: lower=[np.float64(41.48444220914651), 41.28675506590051, 41.28675506590051, 41.28675506590051], upper=[np.float64(41.48444220914651), 41.935425148935224, 41.935425148935224, 41.935425148935224]
2025-12-15 15:03:04 [DEBUG] census_eda.main: [DEBUG-TS-MODEL] arima: forecasts={2024: 42.197050700648, 2025: 42.53745301713413, 2026: 42.87139388639366}, values=[42.197050700648, 42.53745301713413, 42.87139388639366], CI_lower=[23.441757357024343, 23.782159673510478, 24.116100542770006], CI_upper=[60.952344044271655, 61.29274636075779, 61.62668723001732]
2025-12-15 15:03:04 [DEBUG] census_eda.visualizations.ml.timeseries: [VIZ] Forecast values: [42.197050700648, 42.53745301713413, 42.87139388639366], CI_lower: [23.441757357024343, 23.782159673510478, 24.116100542770006], CI_upper: [60.952344044271655, 61.29274636075779, 61.62668723001732]
2025-12-15 15:03:04 [DEBUG] census_eda.visualizations.ml.timeseries: [VIZ] Plotted CI bands: lower=[np.float64(41.48444220914651), 23.441757357024343, 23.782159673510478, 24.116100542770006], upper=[np.float64(41.48444220914651), 60.952344044271655, 61.29274636075779, 61.62668723001732]
2025-12-15 15:03:06 [DEBUG] census_eda.main: [DEBUG-TS-MODEL] holt_winters: forecasts={2024: 42.09696695103558, 2025: 42.34387199010088, 2026: 42.59077702916617}, values=[42.09696695103558, 42.34387199010088, 42.59077702916617], CI_lower=[41.93731176871329, 42.18421680777859, 42.43112184684388], CI_upper=[42.25662213335787, 42.50352717242317, 42.75043221148846]
2025-12-15 15:03:06 [DEBUG] census_eda.visualizations.ml.timeseries: [VIZ] Forecast values: [42.09696695103558, 42.34387199010088, 42.59077702916617], CI_lower: [41.93731176871329, 42.18421680777859, 42.43112184684388], CI_upper: [42.25662213335787, 42.50352717242317, 42.75043221148846]
2025-12-15 15:03:06 [DEBUG] census_eda.visualizations.ml.timeseries: [VIZ] Plotted CI bands: lower=[np.float64(41.48444220914651), 41.93731176871329, 42.18421680777859, 42.43112184684388], upper=[np.float64(41.48444220914651), 42.25662213335787, 42.50352717242317, 42.75043221148846]
2025-12-15 15:03:06 [DEBUG] census_eda.main: [VIZ-TIMESERIES] Visualizing time series for target: Hours_Worked_Per_Week
2025-12-15 15:03:06 [DEBUG] census_eda.main: [DEBUG-TS-MODEL] polynomial_degree_1: forecasts={2024: 38.18070386209251, 2025: 38.15384500072327, 2026: 38.12698613935404}, values=[38.18070386209251, 38.15384500072327, 38.12698613935404], CI_lower=[37.88266525743321, 37.855806396063976, 37.82894753469474], CI_upper=[38.478742466751804, 38.45188360538257, 38.425024744013335]
2025-12-15 15:03:06 [DEBUG] census_eda.visualizations.ml.timeseries: [VIZ] Forecast values: [38.18070386209251, 38.15384500072327, 38.12698613935404], CI_lower: [37.88266525743321, 37.855806396063976, 37.82894753469474], CI_upper: [38.478742466751804, 38.45188360538257, 38.425024744013335]
2025-12-15 15:03:06 [DEBUG] census_eda.visualizations.ml.timeseries: [VIZ] Plotted CI bands: lower=[np.float64(38.121015846049104), 37.88266525743321, 37.855806396063976, 37.82894753469474], upper=[np.float64(38.121015846049104), 38.478742466751804, 38.45188360538257, 38.425024744013335]
2025-12-15 15:03:07 [DEBUG] census_eda.main: [DEBUG-TS-MODEL] polynomial_degree_2: forecasts={2024: 38.325966714064634, 2025: 38.35358142217956, 2026: 38.38760478553013}, values=[38.325966714064634, 38.35358142217956, 38.38760478553013], CI_lower=[38.046719676493964, 38.07433438460889, 38.10835774795946], CI_upper=[38.605213751635304, 38.63282845975023, 38.6668518231008]
2025-12-15 15:03:07 [DEBUG] census_eda.visualizations.ml.timeseries: [VIZ] Forecast values: [38.325966714064634, 38.35358142217956, 38.38760478553013], CI_lower: [38.046719676493964, 38.07433438460889, 38.10835774795946], CI_upper: [38.605213751635304, 38.63282845975023, 38.6668518231008]
2025-12-15 15:03:07 [DEBUG] census_eda.visualizations.ml.timeseries: [VIZ] Plotted CI bands: lower=[np.float64(38.121015846049104), 38.046719676493964, 38.07433438460889, 38.10835774795946], upper=[np.float64(38.121015846049104), 38.605213751635304, 38.63282845975023, 38.6668518231008]
2025-12-15 15:03:08 [DEBUG] census_eda.main: [DEBUG-TS-MODEL] polynomial_degree_3: forecasts={2024: 37.79663633927703, 2025: 37.4269701577723, 2026: 36.94683161750436}, values=[37.79663633927703, 37.4269701577723, 36.94683161750436], CI_lower=[37.699783557769585, 37.33011737626486, 36.849978835996914], CI_upper=[37.89348912078447, 37.523822939279746, 37.0436843990118]
2025-12-15 15:03:08 [DEBUG] census_eda.visualizations.ml.timeseries: [VIZ] Forecast values: [37.79663633927703, 37.4269701577723, 36.94683161750436], CI_lower: [37.699783557769585, 37.33011737626486, 36.849978835996914], CI_upper: [37.89348912078447, 37.523822939279746, 37.0436843990118]
2025-12-15 15:03:08 [DEBUG] census_eda.visualizations.ml.timeseries: [VIZ] Plotted CI bands: lower=[np.float64(38.121015846049104), 37.699783557769585, 37.33011737626486, 36.849978835996914], upper=[np.float64(38.121015846049104), 37.89348912078447, 37.523822939279746, 37.0436843990118]
2025-12-15 15:03:09 [DEBUG] census_eda.main: [DEBUG-TS-MODEL] sma: forecasts={2024: 38.219897797788676, 2025: 38.219897797788676, 2026: 38.219897797788676}, values=[38.219897797788676, 38.219897797788676, 38.219897797788676], CI_lower=[38.01508223741385, 38.01508223741385, 38.01508223741385], CI_upper=[38.4247133581635, 38.4247133581635, 38.4247133581635]
2025-12-15 15:03:09 [DEBUG] census_eda.visualizations.ml.timeseries: [VIZ] Forecast values: [38.219897797788676, 38.219897797788676, 38.219897797788676], CI_lower: [38.01508223741385, 38.01508223741385, 38.01508223741385], CI_upper: [38.4247133581635, 38.4247133581635, 38.4247133581635]
2025-12-15 15:03:09 [DEBUG] census_eda.visualizations.ml.timeseries: [VIZ] Plotted CI bands: lower=[np.float64(38.121015846049104), 38.01508223741385, 38.01508223741385, 38.01508223741385], upper=[np.float64(38.121015846049104), 38.4247133581635, 38.4247133581635, 38.4247133581635]
2025-12-15 15:03:10 [DEBUG] census_eda.main: [DEBUG-TS-MODEL] ewma: forecasts={2024: 38.27343293857627, 2025: 38.27343293857627, 2026: 38.27343293857627}, values=[38.27343293857627, 38.27343293857627, 38.27343293857627], CI_lower=[38.05568321938849, 38.05568321938849, 38.05568321938849], CI_upper=[38.49118265776405, 38.49118265776405, 38.49118265776405]
2025-12-15 15:03:10 [DEBUG] census_eda.visualizations.ml.timeseries: [VIZ] Forecast values: [38.27343293857627, 38.27343293857627, 38.27343293857627], CI_lower: [38.05568321938849, 38.05568321938849, 38.05568321938849], CI_upper: [38.49118265776405, 38.49118265776405, 38.49118265776405]
2025-12-15 15:03:10 [DEBUG] census_eda.visualizations.ml.timeseries: [VIZ] Plotted CI bands: lower=[np.float64(38.121015846049104), 38.05568321938849, 38.05568321938849, 38.05568321938849], upper=[np.float64(38.121015846049104), 38.49118265776405, 38.49118265776405, 38.49118265776405]
2025-12-15 15:03:11 [DEBUG] census_eda.main: [DEBUG-TS-MODEL] wma: forecasts={2024: 38.192162810773794, 2025: 38.192162810773794, 2026: 38.192162810773794}, values=[38.192162810773794, 38.192162810773794, 38.192162810773794], CI_lower=[38.0058891565254, 38.0058891565254, 38.0058891565254], CI_upper=[38.37843646502219, 38.37843646502219, 38.37843646502219]
2025-12-15 15:03:11 [DEBUG] census_eda.visualizations.ml.timeseries: [VIZ] Forecast values: [38.192162810773794, 38.192162810773794, 38.192162810773794], CI_lower: [38.0058891565254, 38.0058891565254, 38.0058891565254], CI_upper: [38.37843646502219, 38.37843646502219, 38.37843646502219]
2025-12-15 15:03:11 [DEBUG] census_eda.visualizations.ml.timeseries: [VIZ] Plotted CI bands: lower=[np.float64(38.121015846049104), 38.0058891565254, 38.0058891565254, 38.0058891565254], upper=[np.float64(38.121015846049104), 38.37843646502219, 38.37843646502219, 38.37843646502219]
2025-12-15 15:03:11 [DEBUG] census_eda.main: [DEBUG-TS-MODEL] arima: forecasts={2024: 37.98797863761176, 2025: 37.88192454923436, 2026: 37.797380760367524}, values=[37.98797863761176, 37.88192454923436, 37.797380760367524], CI_lower=[18.96156751193378, 18.85551342355638, 18.770969634689543], CI_upper=[57.01438976328974, 56.908335674912344, 56.823791886045505]
2025-12-15 15:03:11 [DEBUG] census_eda.visualizations.ml.timeseries: [VIZ] Forecast values: [37.98797863761176, 37.88192454923436, 37.797380760367524], CI_lower: [18.96156751193378, 18.85551342355638, 18.770969634689543], CI_upper: [57.01438976328974, 56.908335674912344, 56.823791886045505]
2025-12-15 15:03:11 [DEBUG] census_eda.visualizations.ml.timeseries: [VIZ] Plotted CI bands: lower=[np.float64(38.121015846049104), 18.96156751193378, 18.85551342355638, 18.770969634689543], upper=[np.float64(38.121015846049104), 57.01438976328974, 56.908335674912344, 56.823791886045505]
2025-12-15 15:03:12 [DEBUG] census_eda.main: [DEBUG-TS-MODEL] holt_winters: forecasts={2024: 38.06564400594643, 2025: 38.0102721647282, 2026: 37.95490032350997}, values=[38.06564400594643, 38.0102721647282, 37.95490032350997], CI_lower=[37.87882126784444, 37.823449426626205, 37.76807758540797], CI_upper=[38.25246674404843, 38.197094902830194, 38.14172306161196]
2025-12-15 15:03:12 [DEBUG] census_eda.visualizations.ml.timeseries: [VIZ] Forecast values: [38.06564400594643, 38.0102721647282, 37.95490032350997], CI_lower: [37.87882126784444, 37.823449426626205, 37.76807758540797], CI_upper: [38.25246674404843, 38.197094902830194, 38.14172306161196]
2025-12-15 15:03:12 [DEBUG] census_eda.visualizations.ml.timeseries: [VIZ] Plotted CI bands: lower=[np.float64(38.121015846049104), 37.87882126784444, 37.823449426626205, 37.76807758540797], upper=[np.float64(38.121015846049104), 38.25246674404843, 38.197094902830194, 38.14172306161196]
2025-12-15 15:03:13 [INFO] census_eda.main: [DL] Running deep learning pipeline for POPULATION...
2025-12-15 15:03:14 [INFO] census_eda.main: [DL] Training income_prediction...
2025-12-15 15:21:35 [INFO] census_eda.main: [DL] ✓ income_prediction complete: multi_output, Test metrics: {'mae': 21639.2421875, 'mse': 2156317952.0, 'rmse': 46436.170729292484, 'r2': 0.21251018345355988}
2025-12-15 15:21:35 [INFO] census_eda.main: [DL] Training employment_analysis...
2025-12-15 15:34:55 [INFO] census_eda.main: [DL] ✓ employment_analysis complete: multi_output, Test metrics: {'mae': 2.2332241535186768, 'mse': 30.691007614135742, 'rmse': 5.539946535313833, 'r2': 0.33249154686927795}
2025-12-15 15:34:55 [INFO] census_eda.main: [DL] Training demographic_profile...
2025-12-15 15:40:00 [INFO] census_eda.memory: process_Colorado_population_5-year:EXIT: 18458.3MB (delta: -14929.4MB)
